[2026-05-15 18:25:56] 🚀 任务 6314fd3c-6931-4da2-81f6-0891010ad5de 启动，采用 4 路并发处理...
[2026-05-15 18:25:56] [🍀林玲 -> 🍀晴慧] 正在准备子任务...
[2026-05-15 18:25:56] [🍀林妮 -> 🍀吴莹] 正在准备子任务...
[2026-05-15 18:25:56] [🍀林雅 -> 🍀芯愉] 正在准备子任务...
[2026-05-15 18:25:56] [🍀晴慧 -> 🍀张妮] 正在准备子任务...
[2026-05-15 18:25:59] [🍀晴慧 -> 🍀张妮] 无名片可发送。
[2026-05-15 18:25:59] [🍀晴欣 -> 🍀林玲] 正在准备子任务...
[2026-05-15 18:26:10] [🍀林妮 -> 🍀吴莹] 开始发送 100 张名片...
[2026-05-15 18:26:11] [🍀林妮 -> 🍀吴莹] [1/100] 正在发送【阿良】
[2026-05-15 18:26:11] [🍀林玲 -> 🍀晴慧] 开始发送 100 张名片...
[2026-05-15 18:26:12] [🍀林雅 -> 🍀芯愉] 开始发送 100 张名片...
[2026-05-15 18:26:12] [🍀林玲 -> 🍀晴慧] [1/100] 正在发送【左洪荣】
[2026-05-15 18:26:12] [🍀林雅 -> 🍀芯愉] [1/100] 正在发送【微信分销H5:花海书文:岁月如歌】
[2026-05-15 18:26:15] [🍀林玲 -> 🍀晴慧] [2/100] 正在发送【💞💞搞钱💞最开心💞💞】
[2026-05-15 18:26:15] [🍀林雅 -> 🍀芯愉] [2/100] 正在发送【微信分销H5:星梦书文:LG绿叶】
[2026-05-15 18:26:16] [🍀林妮 -> 🍀吴莹] [2/100] 正在发送【微信分销H5:心娱剧场:黄国标】
[2026-05-15 18:26:16] [🍀晴欣 -> 🍀林玲] 开始发送 100 张名片...
[2026-05-15 18:26:17] [🍀晴欣 -> 🍀林玲] [1/100] 正在发送【微信分销H5:星梦书文:@缘@*@.@_】
[2026-05-15 18:26:18] [🍀林玲 -> 🍀晴慧] [3/100] 正在发送【织屋🌙】
[2026-05-15 18:26:18] [🍀林雅 -> 🍀芯愉] [3/100] 正在发送【微信分销H5:星梦书文:为你停止心跳】
[2026-05-15 18:26:21] [🍀林妮 -> 🍀吴莹] [3/100] 正在发送【微信分销H5:星梦书文:任业荣】
[2026-05-15 18:26:22] [🍀晴欣 -> 🍀林玲] [2/100] 正在发送【微信分销H5:星梦书文:叶公好龙】
[2026-05-15 18:26:22] [🍀林玲 -> 🍀晴慧] [4/100] 正在发送【李启志】
[2026-05-15 18:26:23] [🍀林雅 -> 🍀芯愉] [4/100] 正在发送【微信分销H5:星梦书文:荣树奇】
[2026-05-15 18:26:25] [🍀晴欣 -> 🍀林玲] [3/100] 正在发送【释然】
[2026-05-15 18:26:25] [🍀林妮 -> 🍀吴莹] [4/100] 正在发送【余成胜（兆邦科技）13705785166】
[2026-05-15 18:26:27] [🍀林玲 -> 🍀晴慧] [5/100] 正在发送【瑞雪兆丰年】
[2026-05-15 18:26:28] [🍀林妮 -> 🍀吴莹] [5/100] 正在发送【芙蓉轩主人】
[2026-05-15 18:26:28] [🍀林雅 -> 🍀芯愉] [5/100] 正在发送【ZHHJ海金】
[2026-05-15 18:26:29] [🍀晴欣 -> 🍀林玲] [4/100] 正在发送【微信分销H5:星梦书文:李照柱】
[2026-05-15 18:26:30] [🍀林玲 -> 🍀晴慧] [6/100] 正在发送【少帅】
[2026-05-15 18:26:31] [🍀林妮 -> 🍀吴莹] [6/100] 正在发送【一味过往】
[2026-05-15 18:26:31] [🍀林雅 -> 🍀芯愉] [6/100] 正在发送【微信分销H5:星梦书文:飞翔的鸟】
[2026-05-15 18:26:34] [🍀晴欣 -> 🍀林玲] [5/100] 正在发送【生命之泉】
[2026-05-15 18:26:35] [🍀林玲 -> 🍀晴慧] [7/100] 正在发送【胡杨】
[2026-05-15 18:26:36] [🍀林妮 -> 🍀吴莹] [7/100] 正在发送【张健19232387024】
[2026-05-15 18:26:36] [🍀林雅 -> 🍀芯愉] [7/100] 正在发送【微信分销H5:星梦书文:忘掉过去-顺其自】
[2026-05-15 18:26:38] [🍀晴欣 -> 🍀林玲] [6/100] 正在发送【沉默】
[2026-05-15 18:26:39] [🍀林妮 -> 🍀吴莹] [8/100] 正在发送【珍惜】
[2026-05-15 18:26:40] [🍀林玲 -> 🍀晴慧] [8/100] 正在发送【缘来如寺】
[2026-05-15 18:26:41] [🍀林雅 -> 🍀芯愉] [8/100] 正在发送【残丶影】
[2026-05-15 18:26:42] [🍀晴欣 -> 🍀林玲] [7/100] 正在发送【伍旭东】
[2026-05-15 18:26:43] [🍀林妮 -> 🍀吴莹] [9/100] 正在发送【老顧】
[2026-05-15 18:26:43] [🍀林玲 -> 🍀晴慧] [9/100] 正在发送【江平】
[2026-05-15 18:26:45] [🍀晴欣 -> 🍀林玲] [8/100] 正在发送【微信分销H5:星梦书文:云卷云舒】
[2026-05-15 18:26:45] [🍀林雅 -> 🍀芯愉] [9/100] 正在发送【微信分销H5:星梦书文:消防恒13829】
[2026-05-15 18:26:46] [🍀林妮 -> 🍀吴莹] [10/100] 正在发送【微信分销H5:星梦书文:颜庆鹏18946】
[2026-05-15 18:26:46] [🍀林玲 -> 🍀晴慧] [10/100] 正在发送【叫不醒的装睡人】
[2026-05-15 18:26:49] [🍀林妮 -> 🍀吴莹] [11/100] 正在发送【张海民15939833874】
[2026-05-15 18:26:50] [🍀晴欣 -> 🍀林玲] [9/100] 正在发送【微信分销H5:星梦书文:凯旋门】
[2026-05-15 18:26:50] [🍀林雅 -> 🍀芯愉] [10/100] 正在发送【微信分销H5:星梦书文:装修一条龙～杨占】
[2026-05-15 18:26:51] [🍀林玲 -> 🍀晴慧] [11/100] 正在发送【红军利物浦】
[2026-05-15 18:26:52] [🍀林妮 -> 🍀吴莹] [12/100] 正在发送【微信分销H5:花海书文:陈仲文】
[2026-05-15 18:26:53] [🍀晴欣 -> 🍀林玲] [10/100] 正在发送【微信分销H5:星梦书文:￡繁华一世】
[2026-05-15 18:26:54] [🍀林雅 -> 🍀芯愉] [11/100] 正在发送【微信分销H5:星梦书文:会晤】
[2026-05-15 18:26:55] [🍀林玲 -> 🍀晴慧] [12/100] 正在发送【严胜彬】
[2026-05-15 18:26:57] [🍀晴欣 -> 🍀林玲] [11/100] 正在发送【飞鹰涂润生】
[2026-05-15 18:26:57] [🍀林妮 -> 🍀吴莹] [13/100] 正在发送【微信分销H5:心娱剧场:fengon9u】
[2026-05-15 18:26:57] [🍀林雅 -> 🍀芯愉] [12/100] 正在发送【微信分销H5:星梦书文:龙行四海】
[2026-05-15 18:27:00] [🍀林妮 -> 🍀吴莹] [14/100] 正在发送【༺ཌༀ心若浅浅ༀད༻】
[2026-05-15 18:27:00] [🍀林玲 -> 🍀晴慧] [13/100] 正在发送【兰义咸】
[2026-05-15 18:27:02] [🍀晴欣 -> 🍀林玲] [12/100] 正在发送【没有名字起】
[2026-05-15 18:27:02] [🍀林雅 -> 🍀芯愉] [13/100] 正在发送【二老爷】
[2026-05-15 18:27:03] [🍀林妮 -> 🍀吴莹] [15/100] 正在发送【微信分销H5:星梦书文:孙铭聪】
[2026-05-15 18:27:04] [🍀林玲 -> 🍀晴慧] [14/100] 正在发送【ZHANG】
[2026-05-15 18:27:05] [🍀林雅 -> 🍀芯愉] [14/100] 正在发送【微信分销H5:星梦书文:郭才祥18746】
[2026-05-15 18:27:06] [🍀林妮 -> 🍀吴莹] [16/100] 正在发送【麒麟】
[2026-05-15 18:27:07] [🍀晴欣 -> 🍀林玲] [13/100] 正在发送【微信分销H5:星梦书文:带天问你】
[2026-05-15 18:27:08] [🍀林玲 -> 🍀晴慧] [15/100] 正在发送【至善禅心】
[2026-05-15 18:27:08] [🍀林雅 -> 🍀芯愉] [15/100] 正在发送【微信分销H5:星梦书文:顺鑫石材】
[2026-05-15 18:27:10] [🍀林妮 -> 🍀吴莹] [17/100] 正在发送【老郭】
[2026-05-15 18:27:11] [🍀晴欣 -> 🍀林玲] [14/100] 正在发送【微信分销H5:星梦书文:未来可期】
[2026-05-15 18:27:11] [🍀林雅 -> 🍀芯愉] [16/100] 正在发送【张健】
[2026-05-15 18:27:12] [🍀林玲 -> 🍀晴慧] [16/100] 正在发送【海魂】
[2026-05-15 18:27:14] [🍀晴欣 -> 🍀林玲] [15/100] 正在发送【微信分销H5:星梦书文:落地生根】
[2026-05-15 18:27:15] [🍀林妮 -> 🍀吴莹] [18/100] 正在发送【微信分销H5:星梦书文:黄世本】
[2026-05-15 18:27:15] [🍀林雅 -> 🍀芯愉] [17/100] 正在发送【微信分销H5:星梦书文:云峰301】
[2026-05-15 18:27:16] [🍀林玲 -> 🍀晴慧] [17/100] 正在发送【龙凤呈祥】
[2026-05-15 18:27:19] [🍀晴欣 -> 🍀林玲] [16/100] 正在发送【忘不了，认识，】
[2026-05-15 18:27:19] [🍀林妮 -> 🍀吴莹] [19/100] 正在发送【吕凤龙】
[2026-05-15 18:27:19] [🍀林雅 -> 🍀芯愉] [18/100] 正在发送【微信分销H5:星梦书文:安生】
[2026-05-15 18:27:20] [🍀林玲 -> 🍀晴慧] [18/100] 正在发送【花海🌞】
[2026-05-15 18:27:23] [🍀晴欣 -> 🍀林玲] [17/100] 正在发送【微信分销H5:心娱剧场:五洲石业】
[2026-05-15 18:27:23] [🍀林妮 -> 🍀吴莹] [20/100] 正在发送【微信分销H5:星梦书文:低调】
[2026-05-15 18:27:24] [🍀林玲 -> 🍀晴慧] [19/100] 正在发送【光记】
[2026-05-15 18:27:24] [🍀林雅 -> 🍀芯愉] [19/100] 正在发送【微信分销H5:星梦书文:路文杰-1529】
[2026-05-15 18:27:27] [🍀林雅 -> 🍀芯愉] [20/100] 正在发送【顺源】
[2026-05-15 18:27:28] [🍀晴欣 -> 🍀林玲] [18/100] 正在发送【微信分销H5:星梦书文:阳光】
[2026-05-15 18:27:28] [🍀林妮 -> 🍀吴莹] [21/100] 正在发送【海森】
[2026-05-15 18:27:29] [🍀林玲 -> 🍀晴慧] [20/100] 正在发送【金跃成】
[2026-05-15 18:27:31] [🍀林妮 -> 🍀吴莹] [22/100] 正在发送【老梁理石】
[2026-05-15 18:27:31] [🍀林雅 -> 🍀芯愉] [21/100] 正在发送【微信分销H5:星梦书文:金科】
[2026-05-15 18:27:32] [🍀晴欣 -> 🍀林玲] [19/100] 正在发送【微信分销H5:星梦书文:🥀᭄名不꧔ꦿᩚ徐】
[2026-05-15 18:27:33] [🍀林玲 -> 🍀晴慧] [21/100] 正在发送【(｢･ω･)｢嘿】
[2026-05-15 18:27:35] [🍀晴欣 -> 🍀林玲] [20/100] 正在发送【微信分销H5:星梦书文:符晓铭】
[2026-05-15 18:27:36] [🍀林妮 -> 🍀吴莹] [23/100] 正在发送【微信分销H5:星梦书文:Claud】
[2026-05-15 18:27:36] [🍀林玲 -> 🍀晴慧] [22/100] 正在发送【二师兄.喜太椒】
[2026-05-15 18:27:36] [🍀林雅 -> 🍀芯愉] [22/100] 正在发送【微信分销H5:星梦书文:海阔天空】
[2026-05-15 18:27:39] [🍀晴欣 -> 🍀林玲] [21/100] 正在发送【微信分销H5:星梦书文:王学财】
[2026-05-15 18:27:40] [🍀林妮 -> 🍀吴莹] [24/100] 正在发送【微信分销H5:星梦书文:陈建明】
[2026-05-15 18:27:40] [🍀林玲 -> 🍀晴慧] [23/100] 正在发送【田氏果业（B29一114），1368123040】
[2026-05-15 18:27:40] [🍀林雅 -> 🍀芯愉] [23/100] 正在发送【微信分销H5:花海书文:留金刀加三石】
[2026-05-15 18:27:43] [🍀林妮 -> 🍀吴莹] [25/100] 正在发送【快乐幸福】
[2026-05-15 18:27:44] [🍀晴欣 -> 🍀林玲] [22/100] 正在发送【微信分销H5:星梦书文:雷锋】
[2026-05-15 18:27:44] [🍀林玲 -> 🍀晴慧] [24/100] 正在发送【徐云旺】
[2026-05-15 18:27:45] [🍀林雅 -> 🍀芯愉] [24/100] 正在发送【国家注册一级验光技师·金牌视光师】
[2026-05-15 18:27:46] [🍀林妮 -> 🍀吴莹] [26/100] 正在发送【未来不是梦】
[2026-05-15 18:27:47] [🍀林玲 -> 🍀晴慧] [25/100] 正在发送【苳】
[2026-05-15 18:27:48] [🍀晴欣 -> 🍀林玲] [23/100] 正在发送【微信分销H5:星梦书文:🐲🌗🌑🌓3J】
[2026-05-15 18:27:49] [🍀林雅 -> 🍀芯愉] [25/100] 正在发送【微信分销H5:星梦书文:呆子庞（庞红）】
[2026-05-15 18:27:50] [🍀林妮 -> 🍀吴莹] [27/100] 正在发送【小刘监控安防】
[2026-05-15 18:27:50] [🍀林玲 -> 🍀晴慧] [26/100] 正在发送【义绸】
[2026-05-15 18:27:52] [🍀林雅 -> 🍀芯愉] [26/100] 正在发送【微信分销H5:心娱剧场:中医健康调理师 】
[2026-05-15 18:27:53] [🍀晴欣 -> 🍀林玲] [24/100] 正在发送【微信分销H5:星梦书文:文平】
[2026-05-15 18:27:53] [🍀林玲 -> 🍀晴慧] [27/100] 正在发送【禧】
[2026-05-15 18:27:54] [🍀林妮 -> 🍀吴莹] [28/100] 正在发送【云淡风轻】
[2026-05-15 18:27:55] [🍀林雅 -> 🍀芯愉] [27/100] 正在发送【老谢】
[2026-05-15 18:27:56] [🍀晴欣 -> 🍀林玲] [25/100] 正在发送【微信分销H5:星梦书文:袁敏名烟名酒批发】
[2026-05-15 18:27:57] [🍀林妮 -> 🍀吴莹] [29/100] 正在发送【微信分销H5:星梦书文:观楚】
[2026-05-15 18:27:57] [🍀林玲 -> 🍀晴慧] [28/100] 正在发送【᭄ꦿ舍得ヾ】
[2026-05-15 18:28:00] [🍀林雅 -> 🍀芯愉] [28/100] 正在发送【微信分销H5:星梦书文:心若向阳】
[2026-05-15 18:28:01] [🍀晴欣 -> 🍀林玲] [26/100] 正在发送【全子】
[2026-05-15 18:28:01] [🍀林妮 -> 🍀吴莹] [30/100] 正在发送【微信分销H5:星梦书文:至死不渝】
[2026-05-15 18:28:01] [🍀林玲 -> 🍀晴慧] [29/100] 正在发送【Charon】
[2026-05-15 18:28:03] [🍀林雅 -> 🍀芯愉] [29/100] 正在发送【微信分销H5:心娱剧场:꧁༺๑像风爱自由】
[2026-05-15 18:28:04] [🍀林玲 -> 🍀晴慧] [30/100] 正在发送【华叔】
[2026-05-15 18:28:06] [🍀晴欣 -> 🍀林玲] [27/100] 正在发送【微信分销H5:星梦书文:上善若水】
[2026-05-15 18:28:06] [🍀林妮 -> 🍀吴莹] [31/100] 正在发送【风一】
[2026-05-15 18:28:07] [🍀林雅 -> 🍀芯愉] [30/100] 正在发送【老来乐zhangyingjie】
[2026-05-15 18:28:09] [🍀林妮 -> 🍀吴莹] [32/100] 正在发送【微信分销H5:星梦书文:蹇木强临沭六和1】
[2026-05-15 18:28:10] [🍀晴欣 -> 🍀林玲] [28/100] 正在发送【黄国寿】
[2026-05-15 18:28:11] [🍀林玲 -> 🍀晴慧] [31/100] 正在发送【东东】
[2026-05-15 18:28:12] [🍀林妮 -> 🍀吴莹] [33/100] 正在发送【幸福人生】
[2026-05-15 18:28:13] [🍀晴欣 -> 🍀林玲] [29/100] 正在发送【良友】
[2026-05-15 18:28:14] [🍀林玲 -> 🍀晴慧] [32/100] 正在发送【心在梦就在】
[2026-05-15 18:28:14] [🍀林雅 -> 🍀芯愉] [31/100] 正在发送【微信分销H5:星梦书文:🎊好运降林🎊】
[2026-05-15 18:28:16] [🍀晴欣 -> 🍀林玲] [30/100] 正在发送【老白干】
[2026-05-15 18:28:17] [🍀林妮 -> 🍀吴莹] [34/100] 正在发送【西北狼】
[2026-05-15 18:28:17] [🍀林玲 -> 🍀晴慧] [33/100] 正在发送【王伟     好脾气的人】
[2026-05-15 18:28:18] [🍀林雅 -> 🍀芯愉] [32/100] 正在发送【春雨】
[2026-05-15 18:28:21] [🍀晴欣 -> 🍀林玲] [31/100] 正在发送【微信分销H5:星梦书文:未来之🔥】
[2026-05-15 18:28:21] [🍀林玲 -> 🍀晴慧] [34/100] 正在发送【抱一】
[2026-05-15 18:28:22] [🍀林妮 -> 🍀吴莹] [35/100] 正在发送【armylv95】
[2026-05-15 18:28:22] [🍀林雅 -> 🍀芯愉] [33/100] 正在发送【心月】
[2026-05-15 18:28:24] [🍀林玲 -> 🍀晴慧] [35/100] 正在发送【财神眷恋】
[2026-05-15 18:28:25] [🍀晴欣 -> 🍀林玲] [32/100] 正在发送【随心🇫随缘】
[2026-05-15 18:28:26] [🍀林妮 -> 🍀吴莹] [36/100] 正在发送【佛堂村齐江民】
[2026-05-15 18:28:26] [🍀林雅 -> 🍀芯愉] [34/100] 正在发送【成金】
[2026-05-15 18:28:29] [🍀晴欣 -> 🍀林玲] [33/100] 正在发送【微信分销H5:星梦书文:等待梦想】
[2026-05-15 18:28:29] [🍀林妮 -> 🍀吴莹] [37/100] 正在发送【南新玉】
[2026-05-15 18:28:29] [🍀林玲 -> 🍀晴慧] [36/100] 正在发送【包】
[2026-05-15 18:28:29] [🍀林雅 -> 🍀芯愉] [35/100] 正在发送【过客꧔ꦿ℘】
[2026-05-15 18:28:32] [🍀林玲 -> 🍀晴慧] [37/100] 正在发送【十里坪场主】
[2026-05-15 18:28:33] [🍀林妮 -> 🍀吴莹] [38/100] 正在发送【世纪佳缘】
[2026-05-15 18:28:33] [🍀林雅 -> 🍀芯愉] [36/100] 正在发送【王建峰】
[2026-05-15 18:28:34] [🍀晴欣 -> 🍀林玲] [34/100] 正在发送【微信分销H5:星梦书文:海纳百川】
[2026-05-15 18:28:35] [🍀林玲 -> 🍀晴慧] [38/100] 正在发送【卢勇刚】
[2026-05-15 18:28:36] [🍀林雅 -> 🍀芯愉] [37/100] 正在发送【微信分销H5:星梦书文:Grieved丶】
[2026-05-15 18:28:38] [🍀晴欣 -> 🍀林玲] [35/100] 正在发送【李浩】
[2026-05-15 18:28:38] [🍀林妮 -> 🍀吴莹] [39/100] 正在发送【天道酬勤】
[2026-05-15 18:28:39] [🍀林玲 -> 🍀晴慧] [39/100] 正在发送【Nanaya】
[2026-05-15 18:28:39] [🍀林雅 -> 🍀芯愉] [38/100] 正在发送【逆水行舟】
[2026-05-15 18:28:41] [🍀林妮 -> 🍀吴莹] [40/100] 正在发送【胡子先生#】
[2026-05-15 18:28:42] [🍀晴欣 -> 🍀林玲] [36/100] 正在发送【袁文斌（闻德堂中医门诊部）】
[2026-05-15 18:28:43] [🍀林雅 -> 🍀芯愉] [39/100] 正在发送【古砂客--老怪】
[2026-05-15 18:28:44] [🍀林妮 -> 🍀吴莹] [41/100] 正在发送【顺风顺水】
[2026-05-15 18:28:44] [🍀林玲 -> 🍀晴慧] [40/100] 正在发送【人生如梦周兴发】
[2026-05-15 18:28:46] [🍀晴欣 -> 🍀林玲] [37/100] 正在发送【微信分销H5:星梦书文:飞民】
[2026-05-15 18:28:47] [🍀林雅 -> 🍀芯愉] [40/100] 正在发送【微信分销H5:星梦书文:季凤炳】
[2026-05-15 18:28:48] [🍀林玲 -> 🍀晴慧] [41/100] 正在发送【32828】
[2026-05-15 18:28:49] [🍀林妮 -> 🍀吴莹] [42/100] 正在发送【wqm】
[2026-05-15 18:28:50] [🍀林雅 -> 🍀芯愉] [41/100] 正在发送【心雨】
[2026-05-15 18:28:51] [🍀晴欣 -> 🍀林玲] [38/100] 正在发送【豆浆】
[2026-05-15 18:28:53] [🍀林妮 -> 🍀吴莹] [43/100] 正在发送【韩果元】
[2026-05-15 18:28:53] [🍀林玲 -> 🍀晴慧] [42/100] 正在发送【花样年华】
[2026-05-15 18:28:54] [🍀晴欣 -> 🍀林玲] [39/100] 正在发送【微信分销H5:星梦书文:啊军】
[2026-05-15 18:28:55] [🍀林雅 -> 🍀芯愉] [42/100] 正在发送【凯】
[2026-05-15 18:28:56] [🍀林妮 -> 🍀吴莹] [44/100] 正在发送【姜】
[2026-05-15 18:28:58] [🍀晴欣 -> 🍀林玲] [40/100] 正在发送【微信分销H5:星梦书文:纵然心开】
[2026-05-15 18:28:58] [🍀林玲 -> 🍀晴慧] [43/100] 正在发送【老戴】
[2026-05-15 18:28:58] [🍀林雅 -> 🍀芯愉] [43/100] 正在发送【微信分销H5:心娱剧场:徐大林】
[2026-05-15 18:29:00] [🍀林妮 -> 🍀吴莹] [45/100] 正在发送【四哥】
[2026-05-15 18:29:01] [🍀林玲 -> 🍀晴慧] [44/100] 正在发送【杉杉】
[2026-05-15 18:29:03] [🍀晴欣 -> 🍀林玲] [41/100] 正在发送【微信分销H5:星梦书文:17683975】
[2026-05-15 18:29:03] [🍀林雅 -> 🍀芯愉] [44/100] 正在发送【蝶舞】
[2026-05-15 18:29:05] [🍀林妮 -> 🍀吴莹] [46/100] 正在发送【善良】
[2026-05-15 18:29:06] [🍀林玲 -> 🍀晴慧] [45/100] 正在发送【姜锦红】
[2026-05-15 18:29:06] [🍀林雅 -> 🍀芯愉] [45/100] 正在发送【勤快点】
[2026-05-15 18:29:08] [🍀晴欣 -> 🍀林玲] [42/100] 正在发送【吴先文】
[2026-05-15 18:29:10] [🍀林妮 -> 🍀吴莹] [47/100] 正在发送【老王】
[2026-05-15 18:29:10] [🍀林玲 -> 🍀晴慧] [46/100] 正在发送【珍惜生命】
[2026-05-15 18:29:11] [🍀晴欣 -> 🍀林玲] [43/100] 正在发送【微信分销H5:星梦书文:钱红伟】
[2026-05-15 18:29:11] [🍀林雅 -> 🍀芯愉] [46/100] 正在发送【老妪】
[2026-05-15 18:29:14] [🍀林妮 -> 🍀吴莹] [48/100] 正在发送【😁】
[2026-05-15 18:29:15] [🍀晴欣 -> 🍀林玲] [44/100] 正在发送【老季】
[2026-05-15 18:29:15] [🍀林玲 -> 🍀晴慧] [47/100] 正在发送【818】
[2026-05-15 18:29:16] [🍀林雅 -> 🍀芯愉] [47/100] 正在发送【彭大顺】
[2026-05-15 18:29:17] [🍀林妮 -> 🍀吴莹] [49/100] 正在发送【张师傅】
[2026-05-15 18:29:18] [🍀林玲 -> 🍀晴慧] [48/100] 正在发送【豪杰建材13860871355，18965233500】
[2026-05-15 18:29:20] [🍀晴欣 -> 🍀林玲] [45/100] 正在发送【 陈颖】
[2026-05-15 18:29:20] [🍀林雅 -> 🍀芯愉] [48/100] 正在发送【微信分销H5:星梦书文:雷鑫平】
[2026-05-15 18:29:21] [🍀林妮 -> 🍀吴莹] [50/100] 正在发送【张东富】
[2026-05-15 18:29:21] [🍀林玲 -> 🍀晴慧] [49/100] 正在发送【 陈慧】
[2026-05-15 18:29:23] [🍀晴欣 -> 🍀林玲] [46/100] 正在发送【顾思】
[2026-05-15 18:29:23] [🍀林雅 -> 🍀芯愉] [49/100] 正在发送【老李头】
[2026-05-15 18:29:25] [🍀林妮 -> 🍀吴莹] [51/100] 正在发送【樱木花道】
[2026-05-15 18:29:25] [🍀林玲 -> 🍀晴慧] [50/100] 正在发送【江志成15182164426】
[2026-05-15 18:29:26] [🍀晴欣 -> 🍀林玲] [47/100] 正在发送【胡舰】
[2026-05-15 18:29:28] [🍀林雅 -> 🍀芯愉] [50/100] 正在发送【微信分销H5:星梦书文:王小训18080】
[2026-05-15 18:29:29] [🍀林玲 -> 🍀晴慧] [51/100] 正在发送【胡舰】
[2026-05-15 18:29:30] [🍀林妮 -> 🍀吴莹] [52/100] 正在发送【Phenomenal】
[2026-05-15 18:29:31] [🍀晴欣 -> 🍀林玲] [48/100] 正在发送【微信分销H5:星梦书文:殷亮，牛肉139】
[2026-05-15 18:29:31] [🍀林雅 -> 🍀芯愉] [51/100] 正在发送【三哥】
[2026-05-15 18:29:34] [🍀林玲 -> 🍀晴慧] [52/100] 正在发送【五云山千年银杏】
[2026-05-15 18:29:35] [🍀林妮 -> 🍀吴莹] [53/100] 正在发送【金海】
[2026-05-15 18:29:35] [🍀林雅 -> 🍀芯愉] [52/100] 正在发送【微信分销H5:星梦书文:邹进】
[2026-05-15 18:29:36] [🍀晴欣 -> 🍀林玲] [49/100] 正在发送【微信分销H5:心娱剧场:奋斗的青春】
[2026-05-15 18:29:39] [🍀林妮 -> 🍀吴莹] [54/100] 正在发送【方力】
[2026-05-15 18:29:39] [🍀林玲 -> 🍀晴慧] [53/100] 正在发送【曾健】
[2026-05-15 18:29:39] [🍀林雅 -> 🍀芯愉] [53/100] 正在发送【微信分销H5:星梦书文:䋞誓铷🚬🚬】
[2026-05-15 18:29:41] [🍀晴欣 -> 🍀林玲] [50/100] 正在发送【发哥】
[2026-05-15 18:29:42] [🍀林玲 -> 🍀晴慧] [54/100] 正在发送【暮涩童心】
[2026-05-15 18:29:43] [🍀林雅 -> 🍀芯愉] [54/100] 正在发送【四知翁】
[2026-05-15 18:29:44] [🍀晴欣 -> 🍀林玲] [51/100] 正在发送【微信分销H5:星梦书文:永富】
[2026-05-15 18:29:44] [🍀林妮 -> 🍀吴莹] [55/100] 正在发送【LiMeng.】
[2026-05-15 18:29:46] [🍀林玲 -> 🍀晴慧] [55/100] 正在发送【微信分销H5:星梦书文:天气真好】
[2026-05-15 18:29:47] [🍀晴欣 -> 🍀林玲] [52/100] 正在发送【咖啡大叔】
[2026-05-15 18:29:47] [🍀林雅 -> 🍀芯愉] [55/100] 正在发送【月白风清】
[2026-05-15 18:29:49] [🍀林妮 -> 🍀吴莹] [56/100] 正在发送【AHui brother】
[2026-05-15 18:29:49] [🍀林玲 -> 🍀晴慧] [56/100] 正在发送【微信分销H5:星梦书文:朱延芳】
[2026-05-15 18:29:50] [🍀晴欣 -> 🍀林玲] [53/100] 正在发送【微信分销H5:星梦书文:华哥】
[2026-05-15 18:29:52] [🍀林妮 -> 🍀吴莹] [57/100] 正在发送【陈鹏】
[2026-05-15 18:29:52] [🍀林雅 -> 🍀芯愉] [56/100] 正在发送【微信分销H5:花海书文:平安瓦斯程国军】
[2026-05-15 18:29:53] [🍀晴欣 -> 🍀林玲] [54/100] 正在发送【微信分销H5:星梦书文:阳】
[2026-05-15 18:29:53] [🍀林玲 -> 🍀晴慧] [57/100] 正在发送【徐锦淼】
[2026-05-15 18:29:56] [🍀林雅 -> 🍀芯愉] [57/100] 正在发送【微信分销H5:星梦书文:王英凯18641】
[2026-05-15 18:29:57] [🍀晴欣 -> 🍀林玲] [55/100] 正在发送【微信分销H5:星梦书文:允大酒楼1391】
[2026-05-15 18:29:57] [🍀林妮 -> 🍀吴莹] [58/100] 正在发送【康寿堂参茸补品】
[2026-05-15 18:29:58] [🍀林玲 -> 🍀晴慧] [58/100] 正在发送【贾金良】
[2026-05-15 18:30:00] [🍀晴欣 -> 🍀林玲] [56/100] 正在发送【刘博铭爸爸15224552819】
[2026-05-15 18:30:00] [🍀林妮 -> 🍀吴莹] [59/100] 正在发送【七分钟热度】
[2026-05-15 18:30:01] [🍀林玲 -> 🍀晴慧] [59/100] 正在发送【微信分销H5:星梦书文:曹福周】
[2026-05-15 18:30:01] [🍀林雅 -> 🍀芯愉] [58/100] 正在发送【陈勇】
[2026-05-15 18:30:03] [🍀晴欣 -> 🍀林玲] [57/100] 正在发送【微信分销H5:星梦书文:战狼〔会宁版〕】
[2026-05-15 18:30:04] [🍀林玲 -> 🍀晴慧] [60/100] 正在发送【家居建材国际品牌供应商】
[2026-05-15 18:30:05] [🍀林妮 -> 🍀吴莹] [60/100] 正在发送【大海】
[2026-05-15 18:30:06] [🍀林雅 -> 🍀芯愉] [59/100] 正在发送【大藏13030208128】
[2026-05-15 18:30:07] [🍀晴欣 -> 🍀林玲] [58/100] 正在发送【熊江】
[2026-05-15 18:30:10] [🍀晴欣 -> 🍀林玲] [59/100] 正在发送【蒋】
[2026-05-15 18:30:10] [🍀林雅 -> 🍀芯愉] [60/100] 正在发送【張宗平】
[2026-05-15 18:30:11] [🍀林玲 -> 🍀晴慧] [61/100] 正在发送【李岱刚】
[2026-05-15 18:30:12] [🍀林妮 -> 🍀吴莹] [61/100] 正在发送【华仔】
[2026-05-15 18:30:13] [🍀晴欣 -> 🍀林玲] [60/100] 正在发送【阮华喜】
[2026-05-15 18:30:14] [🍀林玲 -> 🍀晴慧] [62/100] 正在发送【微信分销H5:星梦书文:。。。。。。】
[2026-05-15 18:30:16] [🍀林妮 -> 🍀吴莹] [62/100] 正在发送【张靳东】
[2026-05-15 18:30:18] [🍀林玲 -> 🍀晴慧] [63/100] 正在发送【微信分销H5:星梦书文:张军】
[2026-05-15 18:30:18] [🍀林雅 -> 🍀芯愉] [61/100] 正在发送【李学朝】
[2026-05-15 18:30:20] [🍀晴欣 -> 🍀林玲] [61/100] 正在发送【微信分销H5:花海书文:花开富贵】
[2026-05-15 18:30:20] [🍀林妮 -> 🍀吴莹] [63/100] 正在发送【ﺭ并舔了你一下ﺭ嘿胖】
[2026-05-15 18:30:21] [🍀林玲 -> 🍀晴慧] [64/100] 正在发送【微信分销H5:星梦书文:阜艺装饰小陶】
[2026-05-15 18:30:21] [🍀林雅 -> 🍀芯愉] [62/100] 正在发送【王珑英13957317377】
[2026-05-15 18:30:24] [🍀晴欣 -> 🍀林玲] [62/100] 正在发送【微信分销H5:星梦书文:💞ℳঞ回忆过去꧔】
[2026-05-15 18:30:25] [🍀林妮 -> 🍀吴莹] [64/100] 正在发送【余静波.】
[2026-05-15 18:30:25] [🍀林玲 -> 🍀晴慧] [65/100] 正在发送【微信分销H5:星梦书文:倘甸文皓装饰】
[2026-05-15 18:30:26] [🍀林雅 -> 🍀芯愉] [63/100] 正在发送【峰哥】
[2026-05-15 18:30:29] [🍀晴欣 -> 🍀林玲] [63/100] 正在发送【微信分销H5:心娱剧场:明轩居温泉188】
[2026-05-15 18:30:29] [🍀林雅 -> 🍀芯愉] [64/100] 正在发送【宫德利】
[2026-05-15 18:30:30] [🍀林妮 -> 🍀吴莹] [65/100] 正在发送【于洪軍】
[2026-05-15 18:30:30] [🍀林玲 -> 🍀晴慧] [66/100] 正在发送【朵朵】
[2026-05-15 18:30:33] [🍀林妮 -> 🍀吴莹] [66/100] 正在发送【一茶，一酒，一人生】
[2026-05-15 18:30:34] [🍀晴欣 -> 🍀林玲] [64/100] 正在发送【🌞早上的太阳🌞】
[2026-05-15 18:30:34] [🍀林雅 -> 🍀芯愉] [65/100] 正在发送【MN（木恩）形象设计创始人】
[2026-05-15 18:30:35] [🍀林玲 -> 🍀晴慧] [67/100] 正在发送【微信分销H5:星梦书文:孙军生】
[2026-05-15 18:30:37] [🍀林妮 -> 🍀吴莹] [67/100] 正在发送【杨昌勇】
[2026-05-15 18:30:38] [🍀晴欣 -> 🍀林玲] [65/100] 正在发送【卜知所谓】
[2026-05-15 18:30:39] [🍀林雅 -> 🍀芯愉] [66/100] 正在发送【大爷】
[2026-05-15 18:30:40] [🍀林妮 -> 🍀吴莹] [68/100] 正在发送【迈上最顶峰的男人】
[2026-05-15 18:30:40] [🍀林玲 -> 🍀晴慧] [68/100] 正在发送【明天会更好】
[2026-05-15 18:30:42] [🍀晴欣 -> 🍀林玲] [66/100] 正在发送【旧人旧事   16650539509】
[2026-05-15 18:30:42] [🍀林雅 -> 🍀芯愉] [67/100] 正在发送【微信分销H5:星梦书文:细水长流1815】
[2026-05-15 18:30:43] [🍀林妮 -> 🍀吴莹] [69/100] 正在发送【吴火生 美福不定型金哥】
[2026-05-15 18:30:43] [🍀林玲 -> 🍀晴慧] [69/100] 正在发送【微信分销H5:心娱剧场:罗博文】
[2026-05-15 18:30:45] [🍀林雅 -> 🍀芯愉] [68/100] 正在发送【微信分销H5:星梦书文:火之焰】
[2026-05-15 18:30:47] [🍀晴欣 -> 🍀林玲] [67/100] 正在发送【微信分销H5:星梦书文:游子的梦】
[2026-05-15 18:30:48] [🍀林妮 -> 🍀吴莹] [70/100] 正在发送【明天更精彩】
[2026-05-15 18:30:48] [🍀林玲 -> 🍀晴慧] [70/100] 正在发送【微信分销H5:星梦书文:趙汉崇精品鞋，服】
[2026-05-15 18:30:49] [🍀林雅 -> 🍀芯愉] [69/100] 正在发送【微信分销H5:星梦书文:地主】
[2026-05-15 18:30:51] [🍀晴欣 -> 🍀林玲] [68/100] 正在发送【微信分销H5:星梦书文:我将东去将山谁来】
[2026-05-15 18:30:52] [🍀林妮 -> 🍀吴莹] [71/100] 正在发送【小海南】
[2026-05-15 18:30:52] [🍀林玲 -> 🍀晴慧] [71/100] 正在发送【睛空万里李花吉】
[2026-05-15 18:30:52] [🍀林雅 -> 🍀芯愉] [70/100] 正在发送【周代华13882102586】
[2026-05-15 18:30:55] [🍀林妮 -> 🍀吴莹] [72/100] 正在发送【卧新尝@胆】
[2026-05-15 18:30:56] [🍀晴欣 -> 🍀林玲] [69/100] 正在发送【逍遥王】
[2026-05-15 18:30:57] [🍀林玲 -> 🍀晴慧] [72/100] 正在发送【ᰔᩚ.兵兵ꦿ】
[2026-05-15 18:30:57] [🍀林雅 -> 🍀芯愉] [71/100] 正在发送【微信分销H5:星梦书文:王子瀛】
[2026-05-15 18:30:59] [🍀林妮 -> 🍀吴莹] [73/100] 正在发送【幸福的人】
[2026-05-15 18:31:01] [🍀晴欣 -> 🍀林玲] [70/100] 正在发送【微信分销H5:星梦书文:张宗平】
[2026-05-15 18:31:01] [🍀林雅 -> 🍀芯愉] [72/100] 正在发送【微信分销H5:星梦书文:捷顺汽修 张葵1】
[2026-05-15 18:31:02] [🍀林妮 -> 🍀吴莹] [74/100] 正在发送【果】
[2026-05-15 18:31:02] [🍀林玲 -> 🍀晴慧] [73/100] 正在发送【微信分销H5:心娱剧场:加油！！！】
[2026-05-15 18:31:04] [🍀晴欣 -> 🍀林玲] [71/100] 正在发送【微信分销H5:心娱剧场:肖宾】
[2026-05-15 18:31:04] [🍀林雅 -> 🍀芯愉] [73/100] 正在发送【邹汉琦】
[2026-05-15 18:31:05] [🍀林妮 -> 🍀吴莹] [75/100] 正在发送【闲庭信步】
[2026-05-15 18:31:06] [🍀林玲 -> 🍀晴慧] [74/100] 正在发送【周金良】
[2026-05-15 18:31:08] [🍀晴欣 -> 🍀林玲] [72/100] 正在发送【微信分销H5:星梦书文:shy@明杰】
[2026-05-15 18:31:08] [🍀林妮 -> 🍀吴莹] [76/100] 正在发送【永远爱你的我】
[2026-05-15 18:31:09] [🍀林玲 -> 🍀晴慧] [75/100] 正在发送【建军】
[2026-05-15 18:31:09] [🍀林雅 -> 🍀芯愉] [74/100] 正在发送【暮城之光】
[2026-05-15 18:31:11] [🍀林妮 -> 🍀吴莹] [77/100] 正在发送【包兴斌】
[2026-05-15 18:31:12] [🍀晴欣 -> 🍀林玲] [73/100] 正在发送【刘建军】
[2026-05-15 18:31:12] [🍀林玲 -> 🍀晴慧] [76/100] 正在发送【王宝辉】
[2026-05-15 18:31:13] [🍀林雅 -> 🍀芯愉] [75/100] 正在发送【微信分销H5:星梦书文:王飞】
[2026-05-15 18:31:15] [🍀晴欣 -> 🍀林玲] [74/100] 正在发送【奶茶&渡劫】
[2026-05-15 18:31:16] [🍀林妮 -> 🍀吴莹] [78/100] 正在发送【钦】
[2026-05-15 18:31:17] [🍀林玲 -> 🍀晴慧] [77/100] 正在发送【微信分销H5:心娱剧场:分身乏术】
[2026-05-15 18:31:18] [🍀林雅 -> 🍀芯愉] [76/100] 正在发送【似水流年】
[2026-05-15 18:31:19] [🍀林妮 -> 🍀吴莹] [79/100] 正在发送【行高】
[2026-05-15 18:31:20] [🍀晴欣 -> 🍀林玲] [75/100] 正在发送【香港真爱家纺窗帘13548653966】
[2026-05-15 18:31:20] [🍀林玲 -> 🍀晴慧] [78/100] 正在发送【微信分销H5:星梦书文:财源广进】
[2026-05-15 18:31:22] [🍀林妮 -> 🍀吴莹] [80/100] 正在发送【老杨】
[2026-05-15 18:31:23] [🍀林玲 -> 🍀晴慧] [79/100] 正在发送【微信分销H5:星梦书文:倪瑞源】
[2026-05-15 18:31:23] [🍀林雅 -> 🍀芯愉] [77/100] 正在发送【开心一笑】
[2026-05-15 18:31:25] [🍀晴欣 -> 🍀林玲] [76/100] 正在发送【麦田里的守望者】
[2026-05-15 18:31:27] [🍀林妮 -> 🍀吴莹] [81/100] 正在发送【一片叶】
[2026-05-15 18:31:28] [🍀林玲 -> 🍀晴慧] [80/100] 正在发送【微信分销H5:星梦书文:冰冰冰冰冰】
[2026-05-15 18:31:28] [🍀林雅 -> 🍀芯愉] [78/100] 正在发送【赵兴元】
[2026-05-15 18:31:30] [🍀晴欣 -> 🍀林玲] [77/100] 正在发送【微信分销H5:星梦书文:安顺茶叶加工厂】
[2026-05-15 18:31:31] [🍀林雅 -> 🍀芯愉] [79/100] 正在发送【梁师】
[2026-05-15 18:31:32] [🍀林妮 -> 🍀吴莹] [82/100] 正在发送【年年有🐠 施养谊】
[2026-05-15 18:31:32] [🍀林玲 -> 🍀晴慧] [81/100] 正在发送【顺其自然洪善义】
[2026-05-15 18:31:34] [🍀晴欣 -> 🍀林玲] [78/100] 正在发送【🍎】
[2026-05-15 18:31:34] [🍀林雅 -> 🍀芯愉] [80/100] 正在发送【小蒋】
[2026-05-15 18:31:35] [🍀林妮 -> 🍀吴莹] [83/100] 正在发送【刘文】
[2026-05-15 18:31:37] [🍀晴欣 -> 🍀林玲] [79/100] 正在发送【请给我一支烟】
[2026-05-15 18:31:37] [🍀林玲 -> 🍀晴慧] [82/100] 正在发送【赏石品砚（张建国）】
[2026-05-15 18:31:37] [🍀林雅 -> 🍀芯愉] [81/100] 正在发送【国平】
[2026-05-15 18:31:40] [🍀林妮 -> 🍀吴莹] [84/100] 正在发送【黑文字】
[2026-05-15 18:31:40] [🍀林玲 -> 🍀晴慧] [83/100] 正在发送【微信分销H5:星梦书文:Zzz~】
[2026-05-15 18:31:41] [🍀晴欣 -> 🍀林玲] [80/100] 正在发送【微信分销H5:花海书文:光头】
[2026-05-15 18:31:42] [🍀林雅 -> 🍀芯愉] [82/100] 正在发送【爱人一生】
[2026-05-15 18:31:43] [🍀林玲 -> 🍀晴慧] [84/100] 正在发送【声音志愿者：张斌】
[2026-05-15 18:31:45] [🍀晴欣 -> 🍀林玲] [81/100] 正在发送【微信分销H5:星梦书文:ZPS@深】
[2026-05-15 18:31:45] [🍀林妮 -> 🍀吴莹] [85/100] 正在发送【南阳刚】
[2026-05-15 18:31:46] [🍀林玲 -> 🍀晴慧] [85/100] 正在发送【微信分销H5:星梦书文:乐乐谷】
[2026-05-15 18:31:47] [🍀林雅 -> 🍀芯愉] [83/100] 正在发送【👿 】
[2026-05-15 18:31:49] [🍀晴欣 -> 🍀林玲] [82/100] 正在发送【墨染成画】
[2026-05-15 18:31:50] [🍀林妮 -> 🍀吴莹] [86/100] 正在发送【龙哥】
[2026-05-15 18:31:50] [🍀林玲 -> 🍀晴慧] [86/100] 正在发送【范范】
[2026-05-15 18:31:51] [🍀林雅 -> 🍀芯愉] [84/100] 正在发送【丁德亮】
[2026-05-15 18:31:54] [🍀晴欣 -> 🍀林玲] [83/100] 正在发送【绪爹】
[2026-05-15 18:31:54] [🍀林玲 -> 🍀晴慧] [87/100] 正在发送【好人李老四李生奎】
[2026-05-15 18:31:55] [🍀林妮 -> 🍀吴莹] [87/100] 正在发送【꧔ꦿ࿐้余生有你💞꧔ꦿ】
[2026-05-15 18:31:56] [🍀林雅 -> 🍀芯愉] [85/100] 正在发送【先考】
[2026-05-15 18:31:57] [🍀晴欣 -> 🍀林玲] [84/100] 正在发送【春风】
[2026-05-15 18:31:58] [🍀林妮 -> 🍀吴莹] [88/100] 正在发送【你若安好，便是晴天】
[2026-05-15 18:31:59] [🍀林玲 -> 🍀晴慧] [88/100] 正在发送【我想去桂林(戴荣友)】
[2026-05-15 18:32:00] [🍀林雅 -> 🍀芯愉] [86/100] 正在发送【大海的浪】
[2026-05-15 18:32:02] [🍀晴欣 -> 🍀林玲] [85/100] 正在发送【杨琛】
[2026-05-15 18:32:02] [🍀林妮 -> 🍀吴莹] [89/100] 正在发送【李红旗（山东）】
[2026-05-15 18:32:03] [🍀林雅 -> 🍀芯愉] [87/100] 正在发送【一片云】
[2026-05-15 18:32:04] [🍀林玲 -> 🍀晴慧] [89/100] 正在发送【唱歌的小鸟】
[2026-05-15 18:32:05] [🍀晴欣 -> 🍀林玲] [86/100] 正在发送【小耿🍓】
[2026-05-15 18:32:06] [🍀林妮 -> 🍀吴莹] [90/100] 正在发送【闲人】
[2026-05-15 18:32:07] [🍀林玲 -> 🍀晴慧] [90/100] 正在发送【天涯赤子心】
[2026-05-15 18:32:08] [🍀晴欣 -> 🍀林玲] [87/100] 正在发送【孙来华】
[2026-05-15 18:32:08] [🍀林雅 -> 🍀芯愉] [88/100] 正在发送【炳铨】
[2026-05-15 18:32:11] [🍀林雅 -> 🍀芯愉] [89/100] 正在发送【行者】
[2026-05-15 18:32:12] [🍀林妮 -> 🍀吴莹] [91/100] 正在发送【务实】
[2026-05-15 18:32:13] [🍀晴欣 -> 🍀林玲] [88/100] 正在发送【二兄】
[2026-05-15 18:32:13] [🍀林玲 -> 🍀晴慧] [91/100] 正在发送【韩有虎】
[2026-05-15 18:32:16] [🍀晴欣 -> 🍀林玲] [89/100] 正在发送【一生一世】
[2026-05-15 18:32:16] [🍀林雅 -> 🍀芯愉] [90/100] 正在发送【王谷生】
[2026-05-15 18:32:16] [🍀林玲 -> 🍀晴慧] [92/100] 正在发送【微信分销H5:星梦书文:朱要坤】
[2026-05-15 18:32:17] [🍀林妮 -> 🍀吴莹] [92/100] 正在发送【友林】
[2026-05-15 18:32:19] [🍀林玲 -> 🍀晴慧] [93/100] 正在发送【sumo au】
[2026-05-15 18:32:20] [🍀晴欣 -> 🍀林玲] [90/100] 正在发送【简简单单】
[2026-05-15 18:32:21] [🍀林妮 -> 🍀吴莹] [93/100] 正在发送【Hnh】
[2026-05-15 18:32:23] [🍀林雅 -> 🍀芯愉] [91/100] 正在发送【好人一生平安】
[2026-05-15 18:32:24] [🍀林妮 -> 🍀吴莹] [94/100] 正在发送【熊熊】
[2026-05-15 18:32:24] [🍀林玲 -> 🍀晴慧] [94/100] 正在发送【夜空之星一一楊斌】
[2026-05-15 18:32:25] [🍀晴欣 -> 🍀林玲] [91/100] 正在发送【善解人意】
[2026-05-15 18:32:28] [🍀林妮 -> 🍀吴莹] [95/100] 正在发送【魏伯成】
[2026-05-15 18:32:28] [🍀林雅 -> 🍀芯愉] [92/100] 正在发送【把握今生】
[2026-05-15 18:32:29] [🍀林玲 -> 🍀晴慧] [95/100] 正在发送【聚  焦】
[2026-05-15 18:32:30] [🍀晴欣 -> 🍀林玲] [92/100] 正在发送【安然】
[2026-05-15 18:32:31] [🍀林妮 -> 🍀吴莹] [96/100] 正在发送【笑容也寂寞】
[2026-05-15 18:32:31] [🍀林雅 -> 🍀芯愉] [93/100] 正在发送【张兴良】
[2026-05-15 18:32:32] [🍀林玲 -> 🍀晴慧] [96/100] 正在发送【微信分销H5:星梦书文:甘发学】
[2026-05-15 18:32:33] [🍀晴欣 -> 🍀林玲] [93/100] 正在发送【前程似锦】
[2026-05-15 18:32:35] [🍀林妮 -> 🍀吴莹] [97/100] 正在发送【纪宏余】
[2026-05-15 18:32:35] [🍀林玲 -> 🍀晴慧] [97/100] 正在发送【🥀⃟无悔꧀ᩚ࿐】
[2026-05-15 18:32:35] [🍀林雅 -> 🍀芯愉] [94/100] 正在发送【A0贝壳找房姚荣兵】
[2026-05-15 18:32:38] [🍀晴欣 -> 🍀林玲] [94/100] 正在发送【郑名洋】
[2026-05-15 18:32:38] [🍀林玲 -> 🍀晴慧] [98/100] 正在发送【微信分销H5:星梦书文:刘斌】
[2026-05-15 18:32:39] [🍀林雅 -> 🍀芯愉] [95/100] 正在发送【wzc】
[2026-05-15 18:32:40] [🍀林妮 -> 🍀吴莹] [98/100] 正在发送【泽民】
[2026-05-15 18:32:43] [🍀晴欣 -> 🍀林玲] [95/100] 正在发送【重来】
[2026-05-15 18:32:43] [🍀林玲 -> 🍀晴慧] [99/100] 正在发送【微信分销H5:星梦书文:陈建军】
[2026-05-15 18:32:43] [🍀林雅 -> 🍀芯愉] [96/100] 正在发送【草原寻梦】
[2026-05-15 18:32:45] [🍀林妮 -> 🍀吴莹] [99/100] 正在发送【难得糊涂】
[2026-05-15 18:32:47] [🍀晴欣 -> 🍀林玲] [96/100] 正在发送【陈奕涵爷爷】
[2026-05-15 18:32:47] [🍀林玲 -> 🍀晴慧] [100/100] 正在发送【梁雯杰】
[2026-05-15 18:32:47] [🍀林雅 -> 🍀芯愉] [97/100] 正在发送【林都李春林】
[2026-05-15 18:32:50] [🍀晴欣 -> 🍀林玲] [97/100] 正在发送【为你画地为牢】
[2026-05-15 18:32:50] [🍀林妮 -> 🍀吴莹] [100/100] 正在发送【回忆】
[2026-05-15 18:32:50] [🍀晴玉 -> 🍀吴慧] 正在准备子任务...
[2026-05-15 18:32:51] [🍀林雅 -> 🍀芯愉] [98/100] 正在发送【冰仔】
[2026-05-15 18:32:53] [🍀晴玉 -> 🍀吴慧] 无名片可发送。
[2026-05-15 18:32:53] [🍀王倩 -> 🍀林雅] 正在准备子任务...
[2026-05-15 18:32:54] [🍀晴欣 -> 🍀林玲] [98/100] 正在发送【李辉德】
[2026-05-15 18:32:55] [🍀王雅 -> 🍀晴玉] 正在准备子任务...
[2026-05-15 18:32:55] [🍀林雅 -> 🍀芯愉] [99/100] 正在发送【李进】
[2026-05-15 18:32:57] [🍀晴欣 -> 🍀林玲] [99/100] 正在发送【谢生】
[2026-05-15 18:32:58] [🍀王雅 -> 🍀晴玉] 开始发送 34 张名片...
[2026-05-15 18:32:58] [🍀王雅 -> 🍀晴玉] [1/34] 正在发送【微信分销H5:星梦书文:💔💔💔半颗心🖤🖤】
[2026-05-15 18:32:59] [🍀林雅 -> 🍀芯愉] [100/100] 正在发送【林礼密】
[2026-05-15 18:33:01] [🍀晴欣 -> 🍀林玲] [100/100] 正在发送【敏捷】
[2026-05-15 18:33:02] [🍀王愉 -> 🍀王倩] 正在准备子任务...
[2026-05-15 18:33:02] [🍀王雅 -> 🍀晴玉] [2/34] 正在发送【温酒叙余生】
[2026-05-15 18:33:06] [🍀薇颖 -> 🍀王雅] 正在准备子任务...
[2026-05-15 18:33:06] [🍀王雅 -> 🍀晴玉] [3/34] 正在发送【人生的旅行者】
[2026-05-15 18:33:08] [🍀薇颖 -> 🍀王雅] 无名片可发送。
[2026-05-15 18:33:08] [🍀吴慧 -> 🍀晴慧] 正在准备子任务...
[2026-05-15 18:33:10] [🍀王雅 -> 🍀晴玉] [4/34] 正在发送【奋斗吧，青山】
[2026-05-15 18:33:11] [🍀王倩 -> 🍀林雅] 开始发送 100 张名片...
[2026-05-15 18:33:11] [🍀王倩 -> 🍀林雅] [1/100] 正在发送【微信分销H5:星梦书文:唐继明：二手房-】
[2026-05-15 18:33:14] [🍀王倩 -> 🍀林雅] [2/100] 正在发送【河北省定州市志辉粮贸18631201383】
[2026-05-15 18:33:14] [🍀王雅 -> 🍀晴玉] [5/34] 正在发送【风的季节明川】
[2026-05-15 18:33:17] [🍀王雅 -> 🍀晴玉] [6/34] 正在发送【樊孝军】
[2026-05-15 18:33:18] [🍀王倩 -> 🍀林雅] [3/100] 正在发送【吕】
[2026-05-15 18:33:20] [🍀王雅 -> 🍀晴玉] [7/34] 正在发送【微信分销H5:星梦书文:郑州恒承益建材有】
[2026-05-15 18:33:21] [🍀吴慧 -> 🍀晴慧] 开始发送 100 张名片...
[2026-05-15 18:33:22] [🍀王倩 -> 🍀林雅] [4/100] 正在发送【微信分销H5:星梦书文:廾匸】
[2026-05-15 18:33:22] [🍀吴慧 -> 🍀晴慧] [1/100] 正在发送【微信分销H5:星梦书文:李学斌18681】
[2026-05-15 18:33:23] [🍀王雅 -> 🍀晴玉] [8/34] 正在发送【昕外公】
[2026-05-15 18:33:26] [🍀王倩 -> 🍀林雅] [5/100] 正在发送【霍文成】
[2026-05-15 18:33:26] [🍀吴慧 -> 🍀晴慧] [2/100] 正在发送【爷们】
[2026-05-15 18:33:27] [🍀王愉 -> 🍀王倩] 开始发送 100 张名片...
[2026-05-15 18:33:27] [🍀王愉 -> 🍀王倩] [1/100] 正在发送【longwan】
[2026-05-15 18:33:28] [🍀王雅 -> 🍀晴玉] [9/34] 正在发送【开心】
[2026-05-15 18:33:30] [🍀吴慧 -> 🍀晴慧] [3/100] 正在发送【东阁人（曹文刚）】
[2026-05-15 18:33:30] [🍀王愉 -> 🍀王倩] [2/100] 正在发送【微信分销H5:星梦书文:为民】
[2026-05-15 18:33:31] [🍀王倩 -> 🍀林雅] [6/100] 正在发送【A伍仔】
[2026-05-15 18:33:32] [🍀王雅 -> 🍀晴玉] [10/34] 正在发送【李顺凡】
[2026-05-15 18:33:33] [🍀吴慧 -> 🍀晴慧] [4/100] 正在发送【微信分销H5:星梦书文:冷了的冰】
[2026-05-15 18:33:34] [🍀王倩 -> 🍀林雅] [7/100] 正在发送【大万】
[2026-05-15 18:33:34] [🍀王愉 -> 🍀王倩] [3/100] 正在发送【微信分销H5:星梦书文:AAA康馨定制家】
[2026-05-15 18:33:36] [🍀吴慧 -> 🍀晴慧] [5/100] 正在发送【微信分销H5:花海书文:春华秋实】
[2026-05-15 18:33:37] [🍀王雅 -> 🍀晴玉] [11/34] 正在发送【启航面条】
[2026-05-15 18:33:38] [🍀王倩 -> 🍀林雅] [8/100] 正在发送【微信分销H5:星梦书文:@-过去式*】
[2026-05-15 18:33:38] [🍀王愉 -> 🍀王倩] [4/100] 正在发送【微信分销H5:星梦书文:建忠】
[2026-05-15 18:33:41] [🍀吴慧 -> 🍀晴慧] [6/100] 正在发送【老沈】
[2026-05-15 18:33:41] [🍀王雅 -> 🍀晴玉] [12/34] 正在发送【平安】
[2026-05-15 18:33:42] [🍀王愉 -> 🍀王倩] [5/100] 正在发送【微信分销H5:星梦书文:曹  ~  平常】
[2026-05-15 18:33:43] [🍀王倩 -> 🍀林雅] [9/100] 正在发送【金马鹰】
[2026-05-15 18:33:45] [🍀王愉 -> 🍀王倩] [6/100] 正在发送【微信分销H5:星梦书文:丨如亮丨】
[2026-05-15 18:33:46] [🍀吴慧 -> 🍀晴慧] [7/100] 正在发送【微信分销H5:星梦书文:王荣】
[2026-05-15 18:33:46] [🍀王雅 -> 🍀晴玉] [13/34] 正在发送【。】
[2026-05-15 18:33:47] [🍀王倩 -> 🍀林雅] [10/100] 正在发送【马路游民】
[2026-05-15 18:33:49] [🍀王雅 -> 🍀晴玉] [14/34] 正在发送【heitu】
[2026-05-15 18:33:50] [🍀吴慧 -> 🍀晴慧] [8/100] 正在发送【微信分销H5:心娱剧场:浮萍（不要和我借】
[2026-05-15 18:33:50] [🍀王愉 -> 🍀王倩] [7/100] 正在发送【左洪荣】
[2026-05-15 18:33:52] [🍀王倩 -> 🍀林雅] [11/100] 正在发送【微信分销H5:星梦书文:至尊宝】
[2026-05-15 18:33:54] [🍀吴慧 -> 🍀晴慧] [9/100] 正在发送【微信分销H5:星梦书文:夏吉均】
[2026-05-15 18:33:54] [🍀王雅 -> 🍀晴玉] [15/34] 正在发送【微信分销H5:星梦书文:青阳gai的贵池】
[2026-05-15 18:33:55] [🍀王愉 -> 🍀王倩] [8/100] 正在发送【左洪荣】
[2026-05-15 18:33:56] [🍀王倩 -> 🍀林雅] [12/100] 正在发送【陈伟】
[2026-05-15 18:33:59] [🍀吴慧 -> 🍀晴慧] [10/100] 正在发送【微信分销H5:星梦书文:孤独的人】
[2026-05-15 18:33:59] [🍀王愉 -> 🍀王倩] [9/100] 正在发送【胡舰】
[2026-05-15 18:33:59] [🍀王雅 -> 🍀晴玉] [16/34] 正在发送【美好人生】
[2026-05-15 18:34:01] [🍀王倩 -> 🍀林雅] [13/100] 正在发送【微信分销H5:星梦书文:阮聪】
[2026-05-15 18:34:02] [🍀王雅 -> 🍀晴玉] [17/34] 正在发送【杨子春】
[2026-05-15 18:34:03] [🍀王愉 -> 🍀王倩] [10/100] 正在发送【宋鹏搏】
[2026-05-15 18:34:04] [🍀吴慧 -> 🍀晴慧] [11/100] 正在发送【微信分销H5:星梦书文:蔡先生⁶⁶⁶】
[2026-05-15 18:34:05] [🍀王雅 -> 🍀晴玉] [18/34] 正在发送【人生无常】
[2026-05-15 18:34:06] [🍀王倩 -> 🍀林雅] [14/100] 正在发送【顶顶】
[2026-05-15 18:34:07] [🍀吴慧 -> 🍀晴慧] [12/100] 正在发送【大粒糖】
[2026-05-15 18:34:07] [🍀王愉 -> 🍀王倩] [11/100] 正在发送【李如侣】
[2026-05-15 18:34:10] [🍀王雅 -> 🍀晴玉] [19/34] 正在发送【胡永建】
[2026-05-15 18:34:10] [🍀王愉 -> 🍀王倩] [12/100] 正在发送【微信分销H5:星梦书文:万里长城】
[2026-05-15 18:34:11] [🍀王倩 -> 🍀林雅] [15/100] 正在发送【XZJ】
[2026-05-15 18:34:11] [🍀吴慧 -> 🍀晴慧] [13/100] 正在发送【°悠乐互动-夏天】
[2026-05-15 18:34:13] [🍀王雅 -> 🍀晴玉] [20/34] 正在发送【姚启】
[2026-05-15 18:34:14] [🍀王倩 -> 🍀林雅] [16/100] 正在发送【烟雨朦朦】
[2026-05-15 18:34:14] [🍀王愉 -> 🍀王倩] [13/100] 正在发送【微信分销H5:星梦书文:风清云淡】
[2026-05-15 18:34:15] [🍀吴慧 -> 🍀晴慧] [14/100] 正在发送【明月清风】
[2026-05-15 18:34:18] [🍀王雅 -> 🍀晴玉] [21/34] 正在发送【九九归一】
[2026-05-15 18:34:18] [🍀王倩 -> 🍀林雅] [17/100] 正在发送【醒悟】
[2026-05-15 18:34:18] [🍀王愉 -> 🍀王倩] [14/100] 正在发送【微信分销H5:星梦书文:老歪脖】
[2026-05-15 18:34:19] [🍀吴慧 -> 🍀晴慧] [15/100] 正在发送【微信分销H5:星梦书文:买家电烟酒水找我】
[2026-05-15 18:34:22] [🍀王愉 -> 🍀王倩] [15/100] 正在发送【用心经营】
[2026-05-15 18:34:23] [🍀王雅 -> 🍀晴玉] [22/34] 正在发送【水到渠成】
[2026-05-15 18:34:23] [🍀王倩 -> 🍀林雅] [18/100] 正在发送【徐信】
[2026-05-15 18:34:24] [🍀吴慧 -> 🍀晴慧] [16/100] 正在发送【枫霖顺】
[2026-05-15 18:34:25] [🍀王愉 -> 🍀王倩] [16/100] 正在发送【微信分销H5:星梦书文:鱼夫老王】
[2026-05-15 18:34:27] [🍀王倩 -> 🍀林雅] [19/100] 正在发送【微信分销H5:星梦书文:L1希峰】
[2026-05-15 18:34:28] [🍀王雅 -> 🍀晴玉] [23/34] 正在发送【其】
[2026-05-15 18:34:28] [🍀王愉 -> 🍀王倩] [17/100] 正在发送【微信分销H5:星梦书文:简单】
[2026-05-15 18:34:29] [🍀吴慧 -> 🍀晴慧] [17/100] 正在发送【微信分销H5:星梦书文:黄大哥】
[2026-05-15 18:34:31] [🍀王倩 -> 🍀林雅] [20/100] 正在发送【老陈新微信】
[2026-05-15 18:34:32] [🍀王愉 -> 🍀王倩] [18/100] 正在发送【微信分销H5:心娱剧场:云里雾里413】
[2026-05-15 18:34:33] [🍀王雅 -> 🍀晴玉] [24/34] 正在发送【高西岭】
[2026-05-15 18:34:33] [🍀吴慧 -> 🍀晴慧] [18/100] 正在发送【老刘】
[2026-05-15 18:34:36] [🍀王倩 -> 🍀林雅] [21/100] 正在发送【微信分销H5:星梦书文:永忆】
[2026-05-15 18:34:36] [🍀吴慧 -> 🍀晴慧] [19/100] 正在发送【微信分销H5:星梦书文:女王我去巡山咯】
[2026-05-15 18:34:37] [🍀王雅 -> 🍀晴玉] [25/34] 正在发送【雷小林】
[2026-05-15 18:34:37] [🍀王愉 -> 🍀王倩] [19/100] 正在发送【👑自豪攀登👑】
[2026-05-15 18:34:40] [🍀吴慧 -> 🍀晴慧] [20/100] 正在发送【微信分销H5:星梦书文:夏亮151351】
[2026-05-15 18:34:41] [🍀王倩 -> 🍀林雅] [22/100] 正在发送【毕长海w】
[2026-05-15 18:34:42] [🍀王雅 -> 🍀晴玉] [26/34] 正在发送【钟绍铄】
[2026-05-15 18:34:42] [🍀王愉 -> 🍀王倩] [20/100] 正在发送【微信分销H5:花海书文:彳 亍】
[2026-05-15 18:34:45] [🍀吴慧 -> 🍀晴慧] [21/100] 正在发送【微信分销H5:星梦书文:开心】
[2026-05-15 18:34:46] [🍀王倩 -> 🍀林雅] [23/100] 正在发送【微信分销H5:星梦书文:清澈】
[2026-05-15 18:34:47] [🍀王雅 -> 🍀晴玉] [27/34] 正在发送【挚着没有目的】
[2026-05-15 18:34:47] [🍀王愉 -> 🍀王倩] [21/100] 正在发送【微信分销H5:星梦书文:珍惜】
[2026-05-15 18:34:48] [🍀吴慧 -> 🍀晴慧] [22/100] 正在发送【源财渔网渔具】
[2026-05-15 18:34:50] [🍀王倩 -> 🍀林雅] [24/100] 正在发送【蓝邦蒂森全屋定制工厂-罗】
[2026-05-15 18:34:51] [🍀吴慧 -> 🍀晴慧] [23/100] 正在发送【微信分销H5:星梦书文:山顶一寺一壶酒】
[2026-05-15 18:34:52] [🍀王雅 -> 🍀晴玉] [28/34] 正在发送【一生相伴到永久】
[2026-05-15 18:34:52] [🍀王愉 -> 🍀王倩] [22/100] 正在发送【陈秋兴】
[2026-05-15 18:34:54] [🍀王倩 -> 🍀林雅] [25/100] 正在发送【微信分销H5:星梦书文:枫】
[2026-05-15 18:34:54] [🍀吴慧 -> 🍀晴慧] [24/100] 正在发送【微信分销H5:星梦书文:从零开始】
[2026-05-15 18:34:55] [🍀王雅 -> 🍀晴玉] [29/34] 正在发送【明珠】
[2026-05-15 18:34:56] [🍀王愉 -> 🍀王倩] [23/100] 正在发送【微信分销H5:星梦书文:沉默】
[2026-05-15 18:34:57] [🍀王倩 -> 🍀林雅] [26/100] 正在发送【微信分销H5:星梦书文:早出晚归】
[2026-05-15 18:34:58] [🍀吴慧 -> 🍀晴慧] [25/100] 正在发送【古叔】
[2026-05-15 18:34:59] [🍀王雅 -> 🍀晴玉] [30/34] 正在发送【顺理成章】
[2026-05-15 18:35:00] [🍀王愉 -> 🍀王倩] [24/100] 正在发送【微信分销H5:星梦书文:徐志阳】
[2026-05-15 18:35:01] [🍀王倩 -> 🍀林雅] [27/100] 正在发送【微信分销H5:星梦书文:超越梦想】
[2026-05-15 18:35:02] [🍀吴慧 -> 🍀晴慧] [26/100] 正在发送【微信分销H5:星梦书文:朱学桐】
[2026-05-15 18:35:03] [🍀王愉 -> 🍀王倩] [25/100] 正在发送【相约的季节】
[2026-05-15 18:35:06] [🍀王雅 -> 🍀晴玉] [31/34] 正在发送【撇捺】
[2026-05-15 18:35:06] [🍀王倩 -> 🍀林雅] [28/100] 正在发送【微信分销H5:星梦书文:葛老三】
[2026-05-15 18:35:07] [🍀吴慧 -> 🍀晴慧] [27/100] 正在发送【闫志】
[2026-05-15 18:35:07] [🍀王愉 -> 🍀王倩] [26/100] 正在发送【微信分销H5:星梦书文:小刘  连印带烫】
[2026-05-15 18:35:09] [🍀王雅 -> 🍀晴玉] [32/34] 正在发送【小勇】
[2026-05-15 18:35:09] [🍀王倩 -> 🍀林雅] [29/100] 正在发送【微信分销H5:星梦书文:边城麻辣豆腐干】
[2026-05-15 18:35:12] [🍀王雅 -> 🍀晴玉] [33/34] 正在发送【聂志云】
[2026-05-15 18:35:12] [🍀吴慧 -> 🍀晴慧] [28/100] 正在发送【理想】
[2026-05-15 18:35:12] [🍀王愉 -> 🍀王倩] [27/100] 正在发送【微信分销H5:星梦书文:心永恒】
[2026-05-15 18:35:14] [🍀王倩 -> 🍀林雅] [30/100] 正在发送【微信分销H5:星梦书文:ღ許沵、㈠世不离】
[2026-05-15 18:35:15] [🍀吴慧 -> 🍀晴慧] [29/100] 正在发送【微信分销H5:星梦书文:李辛】
[2026-05-15 18:35:17] [🍀王雅 -> 🍀晴玉] [34/34] 正在发送【雪狼】
[2026-05-15 18:35:17] [🍀王愉 -> 🍀王倩] [28/100] 正在发送【微信分销H5:星梦书文:爱你的人】
[2026-05-15 18:35:19] [🍀吴慧 -> 🍀晴慧] [30/100] 正在发送【微信分销H5:心娱剧场:啊兵】
[2026-05-15 18:35:20] [🍀吴莹 -> 🍀芯愉] 正在准备子任务...
[2026-05-15 18:35:20] [🍀王愉 -> 🍀王倩] [29/100] 正在发送【万国庆】
[2026-05-15 18:35:20] [🍀王倩 -> 🍀林雅] [31/100] 正在发送【一州爷爷】
[2026-05-15 18:35:23] [🍀王愉 -> 🍀王倩] [30/100] 正在发送【和】
[2026-05-15 18:35:23] [🍀王倩 -> 🍀林雅] [32/100] 正在发送【啊添】
[2026-05-15 18:35:26] [🍀吴慧 -> 🍀晴慧] [31/100] 正在发送【微信分销H5:星梦书文:张庆金】
[2026-05-15 18:35:27] [🍀王倩 -> 🍀林雅] [33/100] 正在发送【空山新宇】
[2026-05-15 18:35:29] [🍀王愉 -> 🍀王倩] [31/100] 正在发送【微信分销H5:星梦书文:王孝仲】
[2026-05-15 18:35:30] [🍀王倩 -> 🍀林雅] [34/100] 正在发送【明哥】
[2026-05-15 18:35:30] [🍀吴慧 -> 🍀晴慧] [32/100] 正在发送【范志学】
[2026-05-15 18:35:34] [🍀王倩 -> 🍀林雅] [35/100] 正在发送【朮财】
[2026-05-15 18:35:34] [🍀王愉 -> 🍀王倩] [32/100] 正在发送【眼睛大排挡刘雄】
[2026-05-15 18:35:35] [🍀吴慧 -> 🍀晴慧] [33/100] 正在发送【微信分销H5:星梦书文:再见只是陌生人】
[2026-05-15 18:35:36] [🍀吴莹 -> 🍀芯愉] 开始发送 100 张名片...
[2026-05-15 18:35:36] [🍀吴莹 -> 🍀芯愉] [1/100] 正在发送【王博厨具酒店用品有限公司】
[2026-05-15 18:35:37] [🍀王倩 -> 🍀林雅] [36/100] 正在发送【老黄】
[2026-05-15 18:35:39] [🍀吴慧 -> 🍀晴慧] [34/100] 正在发送【微信分销H5:星梦书文:诚实守信G4一5】
[2026-05-15 18:35:39] [🍀王愉 -> 🍀王倩] [33/100] 正在发送【微信分销H5:星梦书文:仡乡凡人】
[2026-05-15 18:35:40] [🍀王倩 -> 🍀林雅] [37/100] 正在发送【林荣根】
[2026-05-15 18:35:41] [🍀吴莹 -> 🍀芯愉] [2/100] 正在发送【微信分销H5:星梦书文:寒窗听雪】
[2026-05-15 18:35:42] [🍀吴慧 -> 🍀晴慧] [35/100] 正在发送【微信分销H5:星梦书文:我是加工厂海阔天】
[2026-05-15 18:35:43] [🍀王愉 -> 🍀王倩] [34/100] 正在发送【余松强（心静如水度岁月）】
[2026-05-15 18:35:44] [🍀王倩 -> 🍀林雅] [38/100] 正在发送【微信分销H5:星梦书文:陈亦卫】
[2026-05-15 18:35:46] [🍀王愉 -> 🍀王倩] [35/100] 正在发送【微信分销H5:星梦书文:高琳琳13945】
[2026-05-15 18:35:46] [🍀吴莹 -> 🍀芯愉] [3/100] 正在发送【白色太阳】
[2026-05-15 18:35:47] [🍀吴慧 -> 🍀晴慧] [36/100] 正在发送【微信分销H5:星梦书文:高海波18672】
[2026-05-15 18:35:48] [🍀王倩 -> 🍀林雅] [39/100] 正在发送【微信分销H5:星梦书文:孙日君】
[2026-05-15 18:35:49] [🍀王愉 -> 🍀王倩] [36/100] 正在发送【微信分销H5:心娱剧场:大军绿草地羊肉店】
[2026-05-15 18:35:51] [🍀吴莹 -> 🍀芯愉] [4/100] 正在发送【信仰】
[2026-05-15 18:35:52] [🍀吴慧 -> 🍀晴慧] [37/100] 正在发送【微信分销H5:星梦书文:无忧】
[2026-05-15 18:35:52] [🍀王愉 -> 🍀王倩] [37/100] 正在发送【西早】
[2026-05-15 18:35:53] [🍀王倩 -> 🍀林雅] [40/100] 正在发送【微信分销H5:星梦书文:欣翔俱乐部-胡欣】
[2026-05-15 18:35:55] [🍀王愉 -> 🍀王倩] [38/100] 正在发送【hello！兔先生】
[2026-05-15 18:35:55] [🍀吴莹 -> 🍀芯愉] [5/100] 正在发送【微信分销H5:星梦书文:迴憶洅鎂   吔】
[2026-05-15 18:35:56] [🍀吴慧 -> 🍀晴慧] [38/100] 正在发送【撇捺人生】
[2026-05-15 18:35:58] [🍀王倩 -> 🍀林雅] [41/100] 正在发送【微信分销H5:星梦书文:平步青云陆林全】
[2026-05-15 18:35:58] [🍀吴莹 -> 🍀芯愉] [6/100] 正在发送【冷冻冰厂13647558633】
[2026-05-15 18:35:59] [🍀吴慧 -> 🍀晴慧] [39/100] 正在发送【微信分销H5:星梦书文:wangwen】
[2026-05-15 18:36:00] [🍀王愉 -> 🍀王倩] [39/100] 正在发送【迷夏】
[2026-05-15 18:36:02] [🍀吴慧 -> 🍀晴慧] [40/100] 正在发送【郑田才】
[2026-05-15 18:36:02] [🍀吴莹 -> 🍀芯愉] [7/100] 正在发送【启航面条】
[2026-05-15 18:36:03] [🍀王倩 -> 🍀林雅] [42/100] 正在发送【微信分销H5:星梦书文:游艇人】
[2026-05-15 18:36:04] [🍀王愉 -> 🍀王倩] [40/100] 正在发送【微信分销H5:星梦书文:胡文彬】
[2026-05-15 18:36:06] [🍀吴慧 -> 🍀晴慧] [41/100] 正在发送【开心每一天张奎才】
[2026-05-15 18:36:06] [🍀吴莹 -> 🍀芯愉] [8/100] 正在发送【天涯】
[2026-05-15 18:36:07] [🍀王愉 -> 🍀王倩] [41/100] 正在发送【稻花香有机米】
[2026-05-15 18:36:08] [🍀王倩 -> 🍀林雅] [43/100] 正在发送【一生平安】
[2026-05-15 18:36:09] [🍀吴慧 -> 🍀晴慧] [42/100] 正在发送【微信分销H5:星梦书文:谢永清】
[2026-05-15 18:36:10] [🍀王愉 -> 🍀王倩] [42/100] 正在发送【张军AB38792】
[2026-05-15 18:36:10] [🍀吴莹 -> 🍀芯愉] [9/100] 正在发送【甘】
[2026-05-15 18:36:11] [🍀王倩 -> 🍀林雅] [44/100] 正在发送【微信分销H5:星梦书文:金伟】
[2026-05-15 18:36:12] [🍀吴慧 -> 🍀晴慧] [43/100] 正在发送【微信分销H5:星梦书文:明道】
[2026-05-15 18:36:13] [🍀王愉 -> 🍀王倩] [43/100] 正在发送【微信分销H5:星梦书文:木匠家有三千金】
[2026-05-15 18:36:15] [🍀王倩 -> 🍀林雅] [45/100] 正在发送【微信分销H5:星梦书文:雪狼雄风】
[2026-05-15 18:36:15] [🍀吴莹 -> 🍀芯愉] [10/100] 正在发送【勇】
[2026-05-15 18:36:16] [🍀吴慧 -> 🍀晴慧] [44/100] 正在发送【浪迹天涯】
[2026-05-15 18:36:17] [🍀王愉 -> 🍀王倩] [44/100] 正在发送【刘来】
[2026-05-15 18:36:20] [🍀王倩 -> 🍀林雅] [46/100] 正在发送【魏贵远】
[2026-05-15 18:36:20] [🍀吴莹 -> 🍀芯愉] [11/100] 正在发送【彪】
[2026-05-15 18:36:21] [🍀吴慧 -> 🍀晴慧] [45/100] 正在发送【知已】
[2026-05-15 18:36:21] [🍀王愉 -> 🍀王倩] [45/100] 正在发送【微信分销H5:星梦书文:随缘的梦】
[2026-05-15 18:36:25] [🍀王倩 -> 🍀林雅] [47/100] 正在发送【微信分销H5:星梦书文:卍宫俊💰💰】
[2026-05-15 18:36:25] [🍀吴莹 -> 🍀芯愉] [12/100] 正在发送【铠博家具】
[2026-05-15 18:36:26] [🍀吴慧 -> 🍀晴慧] [46/100] 正在发送【微信分销H5:星梦书文:水电安装】
[2026-05-15 18:36:26] [🍀王愉 -> 🍀王倩] [46/100] 正在发送【微信分销H5:星梦书文:母享镇水电五金灯】
[2026-05-15 18:36:28] [🍀王倩 -> 🍀林雅] [48/100] 正在发送【微信分销H5:星梦书文:殷万祥18193】
[2026-05-15 18:36:29] [🍀王愉 -> 🍀王倩] [47/100] 正在发送【微信分销H5:星梦书文:宣毅】
[2026-05-15 18:36:30] [🍀吴慧 -> 🍀晴慧] [47/100] 正在发送【微信分销H5:星梦书文:在水之央】
[2026-05-15 18:36:30] [🍀吴莹 -> 🍀芯愉] [13/100] 正在发送【尤良生】
[2026-05-15 18:36:32] [🍀王倩 -> 🍀林雅] [49/100] 正在发送【微信分销H5:星梦书文:JJ】
[2026-05-15 18:36:33] [🍀王愉 -> 🍀王倩] [48/100] 正在发送【微信分销H5:星梦书文:霖】
[2026-05-15 18:36:34] [🍀吴莹 -> 🍀芯愉] [14/100] 正在发送【微信分销H5:星梦书文:家和万事兴（庞）】
[2026-05-15 18:36:35] [🍀王倩 -> 🍀林雅] [50/100] 正在发送【人生若只如初见】
[2026-05-15 18:36:35] [🍀吴慧 -> 🍀晴慧] [48/100] 正在发送【微信分销H5:星梦书文:北屯主麻】
[2026-05-15 18:36:36] [🍀王愉 -> 🍀王倩] [49/100] 正在发送【微信分销H5:星梦书文:🇨🇳奋斗 拼搏🇨】
[2026-05-15 18:36:38] [🍀吴慧 -> 🍀晴慧] [49/100] 正在发送【中国好装修】
[2026-05-15 18:36:39] [🍀吴莹 -> 🍀芯愉] [15/100] 正在发送【渝翁】
[2026-05-15 18:36:40] [🍀王倩 -> 🍀林雅] [51/100] 正在发送【老人与海】
[2026-05-15 18:36:41] [🍀王愉 -> 🍀王倩] [50/100] 正在发送【夏本永18949168553专业铲顶】
[2026-05-15 18:36:43] [🍀吴慧 -> 🍀晴慧] [50/100] 正在发送【微信分销H5:星梦书文:梦随逐流！！】
[2026-05-15 18:36:43] [🍀吴莹 -> 🍀芯愉] [16/100] 正在发送【徐晓泉】
[2026-05-15 18:36:44] [🍀王倩 -> 🍀林雅] [52/100] 正在发送【微信分销H5:花海书文:懵懂而行】
[2026-05-15 18:36:44] [🍀王愉 -> 🍀王倩] [51/100] 正在发送【微信分销H5:星梦书文:田涛】
[2026-05-15 18:36:46] [🍀吴慧 -> 🍀晴慧] [51/100] 正在发送【微信分销H5:星梦书文:心随梦想】
[2026-05-15 18:36:47] [🍀王倩 -> 🍀林雅] [53/100] 正在发送【微信分销H5:星梦书文:莫明】
[2026-05-15 18:36:48] [🍀吴莹 -> 🍀芯愉] [17/100] 正在发送【陈光奎】
[2026-05-15 18:36:49] [🍀王愉 -> 🍀王倩] [52/100] 正在发送【远方】
[2026-05-15 18:36:50] [🍀王倩 -> 🍀林雅] [54/100] 正在发送【微信分销H5:星梦书文:财源广进】
[2026-05-15 18:36:51] [🍀吴慧 -> 🍀晴慧] [52/100] 正在发送【邵龙林】
[2026-05-15 18:36:51] [🍀吴莹 -> 🍀芯愉] [18/100] 正在发送【朱伟民】
[2026-05-15 18:36:53] [🍀王倩 -> 🍀林雅] [55/100] 正在发送【水潭老白，，，？，，，。。。。。】
[2026-05-15 18:36:53] [🍀王愉 -> 🍀王倩] [53/100] 正在发送【林i华安】
[2026-05-15 18:36:55] [🍀吴慧 -> 🍀晴慧] [53/100] 正在发送【幸煜】
[2026-05-15 18:36:56] [🍀王倩 -> 🍀林雅] [56/100] 正在发送【&】
[2026-05-15 18:36:56] [🍀吴莹 -> 🍀芯愉] [19/100] 正在发送【松江】
[2026-05-15 18:36:58] [🍀王愉 -> 🍀王倩] [54/100] 正在发送【奇迹】
[2026-05-15 18:36:59] [🍀吴慧 -> 🍀晴慧] [54/100] 正在发送【微信分销H5:星梦书文:和平年代】
[2026-05-15 18:37:00] [🍀吴莹 -> 🍀芯愉] [20/100] 正在发送【小平】
[2026-05-15 18:37:01] [🍀王倩 -> 🍀林雅] [57/100] 正在发送【魏浩】
[2026-05-15 18:37:03] [🍀吴慧 -> 🍀晴慧] [55/100] 正在发送【微信分销H5:星梦书文: 】
[2026-05-15 18:37:03] [🍀王愉 -> 🍀王倩] [55/100] 正在发送【微信分销H5:星梦书文:老张】
[2026-05-15 18:37:04] [🍀王倩 -> 🍀林雅] [58/100] 正在发送【微信分销H5:星梦书文:风雨同舟（金辉）】
[2026-05-15 18:37:05] [🍀吴莹 -> 🍀芯愉] [21/100] 正在发送【微信分销H5:星梦书文:刘亚东】
[2026-05-15 18:37:06] [🍀吴慧 -> 🍀晴慧] [56/100] 正在发送【微信分销H5:星梦书文:赵生全】
[2026-05-15 18:37:07] [🍀王倩 -> 🍀林雅] [59/100] 正在发送【关波】
[2026-05-15 18:37:07] [🍀王愉 -> 🍀王倩] [56/100] 正在发送【留金刀加三石】
[2026-05-15 18:37:10] [🍀吴莹 -> 🍀芯愉] [22/100] 正在发送【（刘）最靓的(星)13770156037】
[2026-05-15 18:37:11] [🍀吴慧 -> 🍀晴慧] [57/100] 正在发送【阿Rong】
[2026-05-15 18:37:12] [🍀王倩 -> 🍀林雅] [60/100] 正在发送【微信分销H5:心娱剧场:董加宏】
[2026-05-15 18:37:12] [🍀王愉 -> 🍀王倩] [57/100] 正在发送【天空之城】
[2026-05-15 18:37:14] [🍀吴慧 -> 🍀晴慧] [58/100] 正在发送【微信分销H5:星梦书文:Y向(^_^)前】
[2026-05-15 18:37:15] [🍀吴莹 -> 🍀芯愉] [23/100] 正在发送【智慧人生】
[2026-05-15 18:37:16] [🍀王愉 -> 🍀王倩] [58/100] 正在发送【芦三哥】
[2026-05-15 18:37:19] [🍀吴慧 -> 🍀晴慧] [59/100] 正在发送【微信分销H5:星梦书文:林小华】
[2026-05-15 18:37:19] [🍀王愉 -> 🍀王倩] [59/100] 正在发送【开心每一天】
[2026-05-15 18:37:19] [🍀吴莹 -> 🍀芯愉] [24/100] 正在发送【微信分销H5:星梦书文:淡蓝色的回忆】
[2026-05-15 18:37:19] [🍀王倩 -> 🍀林雅] [61/100] 正在发送【老马识途】
[2026-05-15 18:37:23] [🍀吴慧 -> 🍀晴慧] [60/100] 正在发送【微信分销H5:星梦书文:专治秃头头发掉落】
[2026-05-15 18:37:24] [🍀王愉 -> 🍀王倩] [60/100] 正在发送【海阔天空】
[2026-05-15 18:37:24] [🍀吴莹 -> 🍀芯愉] [25/100] 正在发送【大军】
[2026-05-15 18:37:24] [🍀王倩 -> 🍀林雅] [62/100] 正在发送【周立东】
[2026-05-15 18:37:27] [🍀吴莹 -> 🍀芯愉] [26/100] 正在发送【王树勇】
[2026-05-15 18:37:28] [🍀王倩 -> 🍀林雅] [63/100] 正在发送【微信分销H5:星梦书文:老童】
[2026-05-15 18:37:28] [🍀吴慧 -> 🍀晴慧] [61/100] 正在发送【玄元堂风水】
[2026-05-15 18:37:30] [🍀王愉 -> 🍀王倩] [61/100] 正在发送【姚启】
[2026-05-15 18:37:31] [🍀吴慧 -> 🍀晴慧] [62/100] 正在发送【朱志芳】
[2026-05-15 18:37:32] [🍀吴莹 -> 🍀芯愉] [27/100] 正在发送【王小海】
[2026-05-15 18:37:33] [🍀王倩 -> 🍀林雅] [64/100] 正在发送【微信分销H5:星梦书文:现金】
[2026-05-15 18:37:33] [🍀王愉 -> 🍀王倩] [62/100] 正在发送【郑名洋】
[2026-05-15 18:37:34] [🍀吴慧 -> 🍀晴慧] [63/100] 正在发送【朱工】
[2026-05-15 18:37:37] [🍀吴莹 -> 🍀芯愉] [28/100] 正在发送【ꕥ⃟💕刘在꧔ꦿᩚ穆心ꦿএ᭄ɞ】
[2026-05-15 18:37:38] [🍀王倩 -> 🍀林雅] [65/100] 正在发送【方】
[2026-05-15 18:37:38] [🍀吴慧 -> 🍀晴慧] [64/100] 正在发送【微信分销H5:星梦书文:江都马明仁膏药铺】
[2026-05-15 18:37:38] [🍀王愉 -> 🍀王倩] [63/100] 正在发送【任】
[2026-05-15 18:37:41] [🍀吴慧 -> 🍀晴慧] [65/100] 正在发送【微信分销H5:星梦书文:孟繁荣】
[2026-05-15 18:37:42] [🍀吴莹 -> 🍀芯愉] [29/100] 正在发送【微信分销H5:心娱剧场:健步】
[2026-05-15 18:37:42] [🍀王倩 -> 🍀林雅] [66/100] 正在发送【锦江】
[2026-05-15 18:37:43] [🍀王愉 -> 🍀王倩] [64/100] 正在发送【刘宝安】
[2026-05-15 18:37:46] [🍀王倩 -> 🍀林雅] [67/100] 正在发送【微信分销H5:星梦书文:杨大爷】
[2026-05-15 18:37:46] [🍀吴慧 -> 🍀晴慧] [66/100] 正在发送【微信分销H5:星梦书文:天艺石材丘彦13】
[2026-05-15 18:37:47] [🍀吴莹 -> 🍀芯愉] [30/100] 正在发送【风华人生】
[2026-05-15 18:37:48] [🍀王愉 -> 🍀王倩] [65/100] 正在发送【南帝】
[2026-05-15 18:37:50] [🍀王倩 -> 🍀林雅] [68/100] 正在发送【微信分销H5:星梦书文:谈正官】
[2026-05-15 18:37:51] [🍀吴慧 -> 🍀晴慧] [67/100] 正在发送【微信分销H5:星梦书文:细杰】
[2026-05-15 18:37:51] [🍀王愉 -> 🍀王倩] [66/100] 正在发送【邱立章】
[2026-05-15 18:37:53] [🍀吴莹 -> 🍀芯愉] [31/100] 正在发送【微信分销H5:心娱剧场:AA小车庞教练】
[2026-05-15 18:37:55] [🍀王倩 -> 🍀林雅] [69/100] 正在发送【一切随缘】
[2026-05-15 18:37:55] [🍀吴慧 -> 🍀晴慧] [68/100] 正在发送【微信分销H5:星梦书文:皇甫志坚かいと，】
[2026-05-15 18:37:56] [🍀吴莹 -> 🍀芯愉] [32/100] 正在发送【微信分销H5:花海书文:15097939】
[2026-05-15 18:37:56] [🍀王愉 -> 🍀王倩] [67/100] 正在发送【老来闲】
[2026-05-15 18:37:58] [🍀王倩 -> 🍀林雅] [70/100] 正在发送【张致庸＼庸人】
[2026-05-15 18:37:58] [🍀吴慧 -> 🍀晴慧] [69/100] 正在发送【微信分销H5:花海书文:星辰】
[2026-05-15 18:38:00] [🍀吴莹 -> 🍀芯愉] [33/100] 正在发送【顺】
[2026-05-15 18:38:00] [🍀王愉 -> 🍀王倩] [68/100] 正在发送【老刘】
[2026-05-15 18:38:02] [🍀王倩 -> 🍀林雅] [71/100] 正在发送【微信分销H5:星梦书文:琳宝贝】
[2026-05-15 18:38:03] [🍀吴慧 -> 🍀晴慧] [70/100] 正在发送【微信分销H5:星梦书文:笑看过往】
[2026-05-15 18:38:03] [🍀王愉 -> 🍀王倩] [69/100] 正在发送【张云15174905082】
[2026-05-15 18:38:04] [🍀吴莹 -> 🍀芯愉] [34/100] 正在发送【许平】
[2026-05-15 18:38:06] [🍀吴慧 -> 🍀晴慧] [71/100] 正在发送【微信分销H5:星梦书文:李福良】
[2026-05-15 18:38:06] [🍀王愉 -> 🍀王倩] [70/100] 正在发送【风雨无阻】
[2026-05-15 18:38:07] [🍀王倩 -> 🍀林雅] [72/100] 正在发送【张均】
[2026-05-15 18:38:07] [🍀吴莹 -> 🍀芯愉] [35/100] 正在发送【微信分销H5:星梦书文:忠】
[2026-05-15 18:38:09] [🍀吴慧 -> 🍀晴慧] [72/100] 正在发送【强记 】
[2026-05-15 18:38:10] [🍀王愉 -> 🍀王倩] [71/100] 正在发送【陈民】
[2026-05-15 18:38:12] [🍀王倩 -> 🍀林雅] [73/100] 正在发送【微信分销H5:花海书文:🕊王꧔ꦿ᭄侯💞将】
[2026-05-15 18:38:12] [🍀吴莹 -> 🍀芯愉] [36/100] 正在发送【洪旗】
[2026-05-15 18:38:13] [🍀吴慧 -> 🍀晴慧] [73/100] 正在发送【微信分销H5:星梦书文:，】
[2026-05-15 18:38:14] [🍀王愉 -> 🍀王倩] [72/100] 正在发送【平凡人生】
[2026-05-15 18:38:16] [🍀王倩 -> 🍀林雅] [74/100] 正在发送【微信分销H5:心娱剧场:勇闯天涯】
[2026-05-15 18:38:17] [🍀吴莹 -> 🍀芯愉] [37/100] 正在发送【微信分销H5:星梦书文:眼镜】
[2026-05-15 18:38:18] [🍀吴慧 -> 🍀晴慧] [74/100] 正在发送【微信分销H5:星梦书文:1+1＝四】
[2026-05-15 18:38:18] [🍀王愉 -> 🍀王倩] [73/100] 正在发送【章光标】
[2026-05-15 18:38:20] [🍀王倩 -> 🍀林雅] [75/100] 正在发送【微信分销H5:星梦书文:顺风】
[2026-05-15 18:38:21] [🍀吴莹 -> 🍀芯愉] [38/100] 正在发送【风清云淡】
[2026-05-15 18:38:23] [🍀吴慧 -> 🍀晴慧] [75/100] 正在发送【微信分销H5:星梦书文:天道酬勤 】
[2026-05-15 18:38:23] [🍀王愉 -> 🍀王倩] [74/100] 正在发送【狂拉】
[2026-05-15 18:38:25] [🍀王倩 -> 🍀林雅] [76/100] 正在发送【周文超】
[2026-05-15 18:38:25] [🍀吴莹 -> 🍀芯愉] [39/100] 正在发送【骆诗经】
[2026-05-15 18:38:26] [🍀王愉 -> 🍀王倩] [75/100] 正在发送【星火】
[2026-05-15 18:38:28] [🍀吴慧 -> 🍀晴慧] [76/100] 正在发送【段希龙】
[2026-05-15 18:38:29] [🍀王愉 -> 🍀王倩] [76/100] 正在发送【黄炜】
[2026-05-15 18:38:30] [🍀王倩 -> 🍀林雅] [77/100] 正在发送【微信分销H5:星梦书文:刘立新】
[2026-05-15 18:38:30] [🍀吴莹 -> 🍀芯愉] [40/100] 正在发送【刘先举】
[2026-05-15 18:38:32] [🍀吴慧 -> 🍀晴慧] [77/100] 正在发送【微信分销H5:星梦书文:张同兵】
[2026-05-15 18:38:34] [🍀吴莹 -> 🍀芯愉] [41/100] 正在发送【微信分销H5:星梦书文:潇洒东哥】
[2026-05-15 18:38:34] [🍀王愉 -> 🍀王倩] [77/100] 正在发送【百合】
[2026-05-15 18:38:35] [🍀王倩 -> 🍀林雅] [78/100] 正在发送【微信分销H5:星梦书文:无须多言】
[2026-05-15 18:38:35] [🍀吴慧 -> 🍀晴慧] [78/100] 正在发送【微信分销H5:星梦书文:人生若只如初见】
[2026-05-15 18:38:38] [🍀王倩 -> 🍀林雅] [79/100] 正在发送【徐高才】
[2026-05-15 18:38:38] [🍀吴慧 -> 🍀晴慧] [79/100] 正在发送【微信分销H5:星梦书文:尤利郎】
[2026-05-15 18:38:38] [🍀王愉 -> 🍀王倩] [78/100] 正在发送【思钱想后】
[2026-05-15 18:38:39] [🍀吴莹 -> 🍀芯愉] [42/100] 正在发送【微信分销H5:星梦书文:🇨🇳】
[2026-05-15 18:38:41] [🍀王倩 -> 🍀林雅] [80/100] 正在发送【A酒中酒17369390486】
[2026-05-15 18:38:41] [🍀吴慧 -> 🍀晴慧] [80/100] 正在发送【和谐】
[2026-05-15 18:38:41] [🍀王愉 -> 🍀王倩] [79/100] 正在发送【国良】
[2026-05-15 18:38:42] [🍀吴莹 -> 🍀芯愉] [43/100] 正在发送【开心就好】
[2026-05-15 18:38:45] [🍀王倩 -> 🍀林雅] [81/100] 正在发送【挺好的z3】
[2026-05-15 18:38:45] [🍀吴慧 -> 🍀晴慧] [81/100] 正在发送【微信分销H5:星梦书文:囍】
[2026-05-15 18:38:45] [🍀王愉 -> 🍀王倩] [80/100] 正在发送【二七】
[2026-05-15 18:38:46] [🍀吴莹 -> 🍀芯愉] [44/100] 正在发送【卢杰】
[2026-05-15 18:38:49] [🍀王倩 -> 🍀林雅] [82/100] 正在发送【微信分销H5:星梦书文:灼华】
[2026-05-15 18:38:49] [🍀吴慧 -> 🍀晴慧] [82/100] 正在发送【雨岸&阳光】
[2026-05-15 18:38:49] [🍀吴莹 -> 🍀芯愉] [45/100] 正在发送【笑尘】
[2026-05-15 18:38:50] [🍀王愉 -> 🍀王倩] [81/100] 正在发送【弯道超车】
[2026-05-15 18:38:52] [🍀王倩 -> 🍀林雅] [83/100] 正在发送【齐小六13144340026】
[2026-05-15 18:38:52] [🍀吴慧 -> 🍀晴慧] [83/100] 正在发送【相信自己】
[2026-05-15 18:38:54] [🍀吴莹 -> 🍀芯愉] [46/100] 正在发送【微信分销H5:星梦书文:A人民电器(智能】
[2026-05-15 18:38:54] [🍀王愉 -> 🍀王倩] [82/100] 正在发送【且行且安】
[2026-05-15 18:38:57] [🍀王倩 -> 🍀林雅] [84/100] 正在发送【玉辰】
[2026-05-15 18:38:57] [🍀吴慧 -> 🍀晴慧] [84/100] 正在发送【微信分销H5:星梦书文:拉风的胖子】
[2026-05-15 18:38:57] [🍀吴莹 -> 🍀芯愉] [47/100] 正在发送【徐富强13984172602】
[2026-05-15 18:38:57] [🍀王愉 -> 🍀王倩] [83/100] 正在发送【🥀ঞ时间的尘埃₅₂₀💞࿐】
[2026-05-15 18:39:00] [🍀王愉 -> 🍀王倩] [84/100] 正在发送【王银亮】
[2026-05-15 18:39:01] [🍀王倩 -> 🍀林雅] [85/100] 正在发送【七姐，13727259712】
[2026-05-15 18:39:01] [🍀吴慧 -> 🍀晴慧] [85/100] 正在发送【念旧.】
[2026-05-15 18:39:02] [🍀吴莹 -> 🍀芯愉] [48/100] 正在发送【梁大】
[2026-05-15 18:39:05] [🍀吴慧 -> 🍀晴慧] [86/100] 正在发送【李鼎洲】
[2026-05-15 18:39:05] [🍀王愉 -> 🍀王倩] [85/100] 正在发送【季强】
[2026-05-15 18:39:06] [🍀王倩 -> 🍀林雅] [86/100] 正在发送【钱进彭茶场18737632019】
[2026-05-15 18:39:07] [🍀吴莹 -> 🍀芯愉] [49/100] 正在发送【看】
[2026-05-15 18:39:09] [🍀王愉 -> 🍀王倩] [86/100] 正在发送【老刘】
[2026-05-15 18:39:10] [🍀吴慧 -> 🍀晴慧] [87/100] 正在发送【微信分销H5:星梦书文:康达老赵】
[2026-05-15 18:39:11] [🍀王倩 -> 🍀林雅] [87/100] 正在发送【壹帆风顺】
[2026-05-15 18:39:11] [🍀吴莹 -> 🍀芯愉] [50/100] 正在发送【微信分销H5:星梦书文:赵明139816】
[2026-05-15 18:39:13] [🍀王愉 -> 🍀王倩] [87/100] 正在发送【苗虹】
[2026-05-15 18:39:14] [🍀王倩 -> 🍀林雅] [88/100] 正在发送【张国华国华家宴中心13862855054】
[2026-05-15 18:39:14] [🍀吴慧 -> 🍀晴慧] [88/100] 正在发送【微信分销H5:星梦书文:丶无影】
[2026-05-15 18:39:15] [🍀吴莹 -> 🍀芯愉] [51/100] 正在发送【王波】
[2026-05-15 18:39:17] [🍀王愉 -> 🍀王倩] [88/100] 正在发送【刘老大】
[2026-05-15 18:39:18] [🍀王倩 -> 🍀林雅] [89/100] 正在发送【甘丹】
[2026-05-15 18:39:18] [🍀吴莹 -> 🍀芯愉] [52/100] 正在发送【唐小军】
[2026-05-15 18:39:19] [🍀吴慧 -> 🍀晴慧] [89/100] 正在发送【微信分销H5:星梦书文:木易】
[2026-05-15 18:39:21] [🍀王愉 -> 🍀王倩] [89/100] 正在发送【黄剑 18516156868】
[2026-05-15 18:39:22] [🍀王倩 -> 🍀林雅] [90/100] 正在发送【永业租赁五星纳米】
[2026-05-15 18:39:22] [🍀吴莹 -> 🍀芯愉] [53/100] 正在发送【林哥】
[2026-05-15 18:39:24] [🍀吴慧 -> 🍀晴慧] [90/100] 正在发送【云之梦xiang】
[2026-05-15 18:39:26] [🍀王愉 -> 🍀王倩] [90/100] 正在发送【沉默】
[2026-05-15 18:39:27] [🍀吴莹 -> 🍀芯愉] [54/100] 正在发送【微信分销H5:心娱剧场:诺图木业】
[2026-05-15 18:39:29] [🍀王倩 -> 🍀林雅] [91/100] 正在发送【贺金善】
[2026-05-15 18:39:32] [🍀吴慧 -> 🍀晴慧] [91/100] 正在发送【微信分销H5:星梦书文:熊为珍】
[2026-05-15 18:39:32] [🍀王愉 -> 🍀王倩] [91/100] 正在发送【杨玉付】
[2026-05-15 18:39:32] [🍀吴莹 -> 🍀芯愉] [55/100] 正在发送【自由人生】
[2026-05-15 18:39:33] [🍀王倩 -> 🍀林雅] [92/100] 正在发送【李全友】
[2026-05-15 18:39:35] [🍀王愉 -> 🍀王倩] [92/100] 正在发送【通灵宝玉】
[2026-05-15 18:39:36] [🍀王倩 -> 🍀林雅] [93/100] 正在发送【才记】
[2026-05-15 18:39:37] [🍀吴慧 -> 🍀晴慧] [92/100] 正在发送【一笑风云过】
[2026-05-15 18:39:37] [🍀吴莹 -> 🍀芯愉] [56/100] 正在发送【微信分销H5:星梦书文:刘震球】
[2026-05-15 18:39:40] [🍀王愉 -> 🍀王倩] [93/100] 正在发送【松涛】
[2026-05-15 18:39:41] [🍀王倩 -> 🍀林雅] [94/100] 正在发送【取长补短】
[2026-05-15 18:39:42] [🍀吴慧 -> 🍀晴慧] [93/100] 正在发送【天涯若比邻】
[2026-05-15 18:39:42] [🍀吴莹 -> 🍀芯愉] [57/100] 正在发送【微信分销H5:星梦书文:落叶🍂无归（Cx】
[2026-05-15 18:39:44] [🍀王愉 -> 🍀王倩] [94/100] 正在发送【房野】
[2026-05-15 18:39:45] [🍀吴莹 -> 🍀芯愉] [58/100] 正在发送【河南省郸城县张项】
[2026-05-15 18:39:46] [🍀王倩 -> 🍀林雅] [95/100] 正在发送【制作各种楼梯扶手】
[2026-05-15 18:39:47] [🍀吴慧 -> 🍀晴慧] [94/100] 正在发送【小刘】
[2026-05-15 18:39:47] [🍀王愉 -> 🍀王倩] [95/100] 正在发送【故乡的土】
[2026-05-15 18:39:50] [🍀吴慧 -> 🍀晴慧] [95/100] 正在发送【微信分销H5:星梦书文:周浩】
[2026-05-15 18:39:50] [🍀吴莹 -> 🍀芯愉] [59/100] 正在发送【微信分销H5:星梦书文:王光月】
[2026-05-15 18:39:51] [🍀王愉 -> 🍀王倩] [96/100] 正在发送【梦缘】
[2026-05-15 18:39:52] [🍀王倩 -> 🍀林雅] [96/100] 正在发送【易昌纬】
[2026-05-15 18:39:53] [🍀吴慧 -> 🍀晴慧] [96/100] 正在发送【张张】
[2026-05-15 18:39:55] [🍀吴莹 -> 🍀芯愉] [60/100] 正在发送【赵仁贵】
[2026-05-15 18:39:56] [🍀吴慧 -> 🍀晴慧] [97/100] 正在发送【军裳制衣厂】
[2026-05-15 18:39:56] [🍀王愉 -> 🍀王倩] [97/100] 正在发送【薛太胜13306158529】
[2026-05-15 18:39:57] [🍀王倩 -> 🍀林雅] [97/100] 正在发送【来哥】
[2026-05-15 18:39:59] [🍀王愉 -> 🍀王倩] [98/100] 正在发送【闪电的爱】
[2026-05-15 18:40:00] [🍀吴慧 -> 🍀晴慧] [98/100] 正在发送【微信分销H5:星梦书文:CGH】
[2026-05-15 18:40:02] [🍀王倩 -> 🍀林雅] [98/100] 正在发送【吴慈忠】
[2026-05-15 18:40:02] [🍀王愉 -> 🍀王倩] [99/100] 正在发送【自由飞翔】
[2026-05-15 18:40:03] [🍀吴莹 -> 🍀芯愉] [61/100] 正在发送【朝东】
[2026-05-15 18:40:05] [🍀吴慧 -> 🍀晴慧] [99/100] 正在发送【微信分销H5:星梦书文:阳光】
[2026-05-15 18:40:06] [🍀王愉 -> 🍀王倩] [100/100] 正在发送【金鹿】
[2026-05-15 18:40:07] [🍀王倩 -> 🍀林雅] [99/100] 正在发送【幸福飘逸】
[2026-05-15 18:40:07] [🍀吴莹 -> 🍀芯愉] [62/100] 正在发送【高一】
[2026-05-15 18:40:08] [🍀吴慧 -> 🍀晴慧] [100/100] 正在发送【鱼娃娃】
[2026-05-15 18:40:10] [🍀王倩 -> 🍀林雅] [100/100] 正在发送【福建海都物流陈长竹13615911399】
[2026-05-15 18:40:10] [🍀吴莹 -> 🍀芯愉] [63/100] 正在发送【微信分销H5:星梦书文:VIP】
[2026-05-15 18:40:10] [🍀晓慧 -> 🍀吴莹] 正在准备子任务...
[2026-05-15 18:40:11] [🍀芯昕 -> 🍀张妮] 正在准备子任务...
[2026-05-15 18:40:13] [🍀芯莹 -> 🍀林玲] 正在准备子任务...
[2026-05-15 18:40:14] [🍀吴莹 -> 🍀芯愉] [64/100] 正在发送【微信分销H5:星梦书文:戒】
[2026-05-15 18:40:14] [🍀芯昕 -> 🍀张妮] 无名片可发送。
[2026-05-15 18:40:14] [🍀芯愉 -> 🍀吴慧] 正在准备子任务...
[2026-05-15 18:40:16] [🍀芯愉 -> 🍀吴慧] 无名片可发送。
[2026-05-15 18:40:16] [🍀张妮 -> 🍀林雅] 正在准备子任务...
[2026-05-15 18:40:17] [🍀芯莹 -> 🍀林玲] 开始发送 6 张名片...
[2026-05-15 18:40:17] [🍀芯莹 -> 🍀林玲] [1/6] 正在发送【老大H66】
[2026-05-15 18:40:17] [🍀晓慧 -> 🍀吴莹] 开始发送 53 张名片...
[2026-05-15 18:40:18] [🍀晓慧 -> 🍀吴莹] [1/53] 正在发送【潘九】
[2026-05-15 18:40:19] [🍀吴莹 -> 🍀芯愉] [65/100] 正在发送【多多爷爷】
[2026-05-15 18:40:21] [🍀晓慧 -> 🍀吴莹] [2/53] 正在发送【新青年】
[2026-05-15 18:40:21] [🍀芯莹 -> 🍀林玲] [2/6] 正在发送【魏利华】
[2026-05-15 18:40:24] [🍀吴莹 -> 🍀芯愉] [66/100] 正在发送【龙其】
[2026-05-15 18:40:26] [🍀晓慧 -> 🍀吴莹] [3/53] 正在发送【乾元】
[2026-05-15 18:40:26] [🍀芯莹 -> 🍀林玲] [3/6] 正在发送【美好人生】
[2026-05-15 18:40:29] [🍀吴莹 -> 🍀芯愉] [67/100] 正在发送【老钟叔】
[2026-05-15 18:40:31] [🍀晓慧 -> 🍀吴莹] [4/53] 正在发送【周致宇】
[2026-05-15 18:40:31] [🍀芯莹 -> 🍀林玲] [4/6] 正在发送【严忠】
[2026-05-15 18:40:33] [🍀吴莹 -> 🍀芯愉] [68/100] 正在发送【微信分销H5:星梦书文:台正机床】
[2026-05-15 18:40:35] [🍀晓慧 -> 🍀吴莹] [5/53] 正在发送【💪🏼】
[2026-05-15 18:40:35] [🍀芯莹 -> 🍀林玲] [5/6] 正在发送【灰鹭】
[2026-05-15 18:40:37] [🍀吴莹 -> 🍀芯愉] [69/100] 正在发送【Z和Y】
[2026-05-15 18:40:39] [🍀张妮 -> 🍀林雅] 开始发送 100 张名片...
[2026-05-15 18:40:39] [🍀张妮 -> 🍀林雅] [1/100] 正在发送【微信分销H5:心娱剧场:欢喜】
[2026-05-15 18:40:39] [🍀芯莹 -> 🍀林玲] [6/6] 正在发送【湖南创鑫科技有限公司黄总】
[2026-05-15 18:40:40] [🍀晓慧 -> 🍀吴莹] [6/53] 正在发送【童话世界】
[2026-05-15 18:40:41] [🍀吴莹 -> 🍀芯愉] [70/100] 正在发送【王定忠13887110469】
[2026-05-15 18:40:42] [🍀张雅 -> 🍀王雅] 正在准备子任务...
[2026-05-15 18:40:44] [🍀吴莹 -> 🍀芯愉] [71/100] 正在发送【梅子】
[2026-05-15 18:40:44] [🍀张妮 -> 🍀林雅] [2/100] 正在发送【微信分销H5:星梦书文:AA铭哲电控油嘴】
[2026-05-15 18:40:45] [🍀晓慧 -> 🍀吴莹] [7/53] 正在发送【中国上海熊孝杨】
[2026-05-15 18:40:47] [🍀吴莹 -> 🍀芯愉] [72/100] 正在发送【心静如水】
[2026-05-15 18:40:47] [🍀张妮 -> 🍀林雅] [3/100] 正在发送【微信分销H5:星梦书文:龙龙】
[2026-05-15 18:40:50] [🍀晓慧 -> 🍀吴莹] [8/53] 正在发送【陈式武】
[2026-05-15 18:40:50] [🍀吴莹 -> 🍀芯愉] [73/100] 正在发送【老张】
[2026-05-15 18:40:50] [🍀张妮 -> 🍀林雅] [4/100] 正在发送【微信分销H5:星梦书文:苏·察哈尔·本智】
[2026-05-15 18:40:53] [🍀晓慧 -> 🍀吴莹] [9/53] 正在发送【刘召爱】
[2026-05-15 18:40:54] [🍀吴莹 -> 🍀芯愉] [74/100] 正在发送【zcf努力奋斗】
[2026-05-15 18:40:55] [🍀张妮 -> 🍀林雅] [5/100] 正在发送【从头再来】
[2026-05-15 18:40:58] [🍀晓慧 -> 🍀吴莹] [10/53] 正在发送【罗福雄】
[2026-05-15 18:40:58] [🍀吴莹 -> 🍀芯愉] [75/100] 正在发送【微信分销H5:心娱剧场:圆圆】
[2026-05-15 18:41:00] [🍀张妮 -> 🍀林雅] [6/100] 正在发送【微信分销H5:星梦书文:氪金金属】
[2026-05-15 18:41:01] [🍀吴莹 -> 🍀芯愉] [76/100] 正在发送【失眠星星】
[2026-05-15 18:41:02] [🍀晓慧 -> 🍀吴莹] [11/53] 正在发送【解放军（邹建英）】
[2026-05-15 18:41:05] [🍀吴莹 -> 🍀芯愉] [77/100] 正在发送【吉】
[2026-05-15 18:41:05] [🍀张妮 -> 🍀林雅] [7/100] 正在发送【微信分销H5:星梦书文:追风】
[2026-05-15 18:41:06] [🍀张雅 -> 🍀王雅] 开始发送 100 张名片...
[2026-05-15 18:41:06] [🍀张雅 -> 🍀王雅] [1/100] 正在发送【王振的爸】
[2026-05-15 18:41:07] [🍀晓慧 -> 🍀吴莹] [12/53] 正在发送【开心每一天】
[2026-05-15 18:41:08] [🍀张妮 -> 🍀林雅] [8/100] 正在发送【还是戒了】
[2026-05-15 18:41:09] [🍀张雅 -> 🍀王雅] [2/100] 正在发送【微信分销H5:星梦书文:A  张炎钊】
[2026-05-15 18:41:10] [🍀吴莹 -> 🍀芯愉] [78/100] 正在发送【朱良】
[2026-05-15 18:41:11] [🍀晓慧 -> 🍀吴莹] [13/53] 正在发送【王凯】
[2026-05-15 18:41:12] [🍀张妮 -> 🍀林雅] [9/100] 正在发送【微信分销H5:星梦书文:A居合道纺织17】
[2026-05-15 18:41:13] [🍀张雅 -> 🍀王雅] [3/100] 正在发送【点金】
[2026-05-15 18:41:14] [🍀吴莹 -> 🍀芯愉] [79/100] 正在发送【韩兆鲁】
[2026-05-15 18:41:15] [🍀晓慧 -> 🍀吴莹] [14/53] 正在发送【金舆汽修陶磊电话18076050666】
[2026-05-15 18:41:15] [🍀张妮 -> 🍀林雅] [10/100] 正在发送【陈】
[2026-05-15 18:41:17] [🍀张雅 -> 🍀王雅] [4/100] 正在发送【曾淑芳】
[2026-05-15 18:41:18] [🍀吴莹 -> 🍀芯愉] [80/100] 正在发送【微信分销H5:星梦书文:荒】
[2026-05-15 18:41:19] [🍀晓慧 -> 🍀吴莹] [15/53] 正在发送【恒基木业  臧一荣 13561473789】
[2026-05-15 18:41:20] [🍀张雅 -> 🍀王雅] [5/100] 正在发送【辽源老毕二手车：13766094000】
[2026-05-15 18:41:20] [🍀张妮 -> 🍀林雅] [11/100] 正在发送【微信分销H5:星梦书文:止于终老】
[2026-05-15 18:41:21] [🍀吴莹 -> 🍀芯愉] [81/100] 正在发送【周伟】
[2026-05-15 18:41:24] [🍀晓慧 -> 🍀吴莹] [16/53] 正在发送【急流勇进】
[2026-05-15 18:41:24] [🍀吴莹 -> 🍀芯愉] [82/100] 正在发送【笑谈人生，平平安安】
[2026-05-15 18:41:25] [🍀张雅 -> 🍀王雅] [6/100] 正在发送【创元建工邓海洋】
[2026-05-15 18:41:25] [🍀张妮 -> 🍀林雅] [12/100] 正在发送【金日头条】
[2026-05-15 18:41:27] [🍀晓慧 -> 🍀吴莹] [17/53] 正在发送【向日葵】
[2026-05-15 18:41:27] [🍀吴莹 -> 🍀芯愉] [83/100] 正在发送【清风】
[2026-05-15 18:41:28] [🍀张雅 -> 🍀王雅] [7/100] 正在发送【強】
[2026-05-15 18:41:30] [🍀张妮 -> 🍀林雅] [13/100] 正在发送【微信分销H5:星梦书文:琪】
[2026-05-15 18:41:31] [🍀张雅 -> 🍀王雅] [8/100] 正在发送【微信分销H5:星梦书文:晨梦听雨👹👹】
[2026-05-15 18:41:32] [🍀晓慧 -> 🍀吴莹] [18/53] 正在发送【奔驰的骏马】
[2026-05-15 18:41:32] [🍀吴莹 -> 🍀芯愉] [84/100] 正在发送【微信分销H5:心娱剧场:李DW】
[2026-05-15 18:41:35] [🍀张妮 -> 🍀林雅] [14/100] 正在发送【微信分销H5:星梦书文:快乐龙】
[2026-05-15 18:41:36] [🍀张雅 -> 🍀王雅] [9/100] 正在发送【微信分销H5:星梦书文:随遇而安】
[2026-05-15 18:41:37] [🍀晓慧 -> 🍀吴莹] [19/53] 正在发送【军大大】
[2026-05-15 18:41:37] [🍀吴莹 -> 🍀芯愉] [85/100] 正在发送【微信分销H5:星梦书文:回头客鲜肉铺】
[2026-05-15 18:41:39] [🍀张妮 -> 🍀林雅] [15/100] 正在发送【微信分销H5:星梦书文:Iceberg：】
[2026-05-15 18:41:40] [🍀吴莹 -> 🍀芯愉] [86/100] 正在发送【微信分销H5:星梦书文:小任钢构制作】
[2026-05-15 18:41:40] [🍀张雅 -> 🍀王雅] [10/100] 正在发送【微信分销H5:星梦书文:派克】
[2026-05-15 18:41:41] [🍀晓慧 -> 🍀吴莹] [20/53] 正在发送【除非以后】
[2026-05-15 18:41:43] [🍀张妮 -> 🍀林雅] [16/100] 正在发送【鹏程口腔】
[2026-05-15 18:41:44] [🍀晓慧 -> 🍀吴莹] [21/53] 正在发送【刘先生】
[2026-05-15 18:41:44] [🍀张雅 -> 🍀王雅] [11/100] 正在发送【周加荣】
[2026-05-15 18:41:45] [🍀吴莹 -> 🍀芯愉] [87/100] 正在发送【微信分销H5:星梦书文:💞ℒᎭℯ⃝余生ᩚ】
[2026-05-15 18:41:47] [🍀张雅 -> 🍀王雅] [12/100] 正在发送【大林】
[2026-05-15 18:41:47] [🍀张妮 -> 🍀林雅] [17/100] 正在发送【马踏飞燕】
[2026-05-15 18:41:48] [🍀晓慧 -> 🍀吴莹] [22/53] 正在发送【微信分销H5:星梦书文:胡志伟】
[2026-05-15 18:41:49] [🍀吴莹 -> 🍀芯愉] [88/100] 正在发送【$$时来运转$$】
[2026-05-15 18:41:52] [🍀晓慧 -> 🍀吴莹] [23/53] 正在发送【微信分销H5:星梦书文:夜宵（上海通用电】
[2026-05-15 18:41:52] [🍀张雅 -> 🍀王雅] [13/100] 正在发送【爱美的男人。】
[2026-05-15 18:41:52] [🍀张妮 -> 🍀林雅] [18/100] 正在发送【微信分销H5:星梦书文:朱志祥】
[2026-05-15 18:41:53] [🍀吴莹 -> 🍀芯愉] [89/100] 正在发送【微信分销H5:心娱剧场:封心💘锁爱】
[2026-05-15 18:41:55] [🍀张雅 -> 🍀王雅] [14/100] 正在发送【平凡🍎】
[2026-05-15 18:41:56] [🍀晓慧 -> 🍀吴莹] [24/53] 正在发送【龙哥】
[2026-05-15 18:41:56] [🍀张妮 -> 🍀林雅] [19/100] 正在发送【Nick】
[2026-05-15 18:41:57] [🍀吴莹 -> 🍀芯愉] [90/100] 正在发送【胡先生】
[2026-05-15 18:41:59] [🍀张雅 -> 🍀王雅] [15/100] 正在发送【路人乙】
[2026-05-15 18:41:59] [🍀张妮 -> 🍀林雅] [20/100] 正在发送【沈国民】
[2026-05-15 18:42:00] [🍀晓慧 -> 🍀吴莹] [25/53] 正在发送【微信分销H5:星梦书文:捂耳听风】
[2026-05-15 18:42:02] [🍀张妮 -> 🍀林雅] [21/100] 正在发送【微信分销H5:星梦书文:徐兴德】
[2026-05-15 18:42:04] [🍀晓慧 -> 🍀吴莹] [26/53] 正在发送【舒方明】
[2026-05-15 18:42:04] [🍀张雅 -> 🍀王雅] [16/100] 正在发送【戴四方U】
[2026-05-15 18:42:04] [🍀吴莹 -> 🍀芯愉] [91/100] 正在发送【微信分销H5:星梦书文:冷库工程】
[2026-05-15 18:42:05] [🍀张妮 -> 🍀林雅] [22/100] 正在发送【许杏花】
[2026-05-15 18:42:07] [🍀晓慧 -> 🍀吴莹] [27/53] 正在发送【老沈】
[2026-05-15 18:42:08] [🍀张雅 -> 🍀王雅] [17/100] 正在发送【微信分销H5:星梦书文:胡伟】
[2026-05-15 18:42:08] [🍀吴莹 -> 🍀芯愉] [92/100] 正在发送【微信分销H5:星梦书文:做人要厚道】
[2026-05-15 18:42:09] [🍀张妮 -> 🍀林雅] [23/100] 正在发送【微信分销H5:星梦书文:供应景德镇名人名】
[2026-05-15 18:42:10] [🍀晓慧 -> 🍀吴莹] [28/53] 正在发送【孟尔良】
[2026-05-15 18:42:12] [🍀张妮 -> 🍀林雅] [24/100] 正在发送【微信分销H5:星梦书文:意诚不变】
[2026-05-15 18:42:12] [🍀吴莹 -> 🍀芯愉] [93/100] 正在发送【王永路新通管业】
[2026-05-15 18:42:13] [🍀晓慧 -> 🍀吴莹] [29/53] 正在发送【韦爷】
[2026-05-15 18:42:13] [🍀张雅 -> 🍀王雅] [18/100] 正在发送【微信分销H5:星梦书文:田亮 13834】
[2026-05-15 18:42:15] [🍀张妮 -> 🍀林雅] [25/100] 正在发送【崖松】
[2026-05-15 18:42:16] [🍀张雅 -> 🍀王雅] [19/100] 正在发送【于栋国】
[2026-05-15 18:42:17] [🍀晓慧 -> 🍀吴莹] [30/53] 正在发送【梁建安，13978112703】
[2026-05-15 18:42:17] [🍀吴莹 -> 🍀芯愉] [94/100] 正在发送【微信分销H5:心娱剧场:相逢】
[2026-05-15 18:42:20] [🍀张雅 -> 🍀王雅] [20/100] 正在发送【千年老妖】
[2026-05-15 18:42:20] [🍀张妮 -> 🍀林雅] [26/100] 正在发送【微信分销H5:星梦书文:h黄】
[2026-05-15 18:42:20] [🍀吴莹 -> 🍀芯愉] [95/100] 正在发送【微信分销H5:星梦书文:谢忠华】
[2026-05-15 18:42:22] [🍀晓慧 -> 🍀吴莹] [31/53] 正在发送【林林】
[2026-05-15 18:42:23] [🍀张雅 -> 🍀王雅] [21/100] 正在发送【金生丽水】
[2026-05-15 18:42:23] [🍀张妮 -> 🍀林雅] [27/100] 正在发送【微信分销H5:星梦书文:张华】
[2026-05-15 18:42:24] [🍀吴莹 -> 🍀芯愉] [96/100] 正在发送【微信分销H5:星梦书文:孙孝臣】
[2026-05-15 18:42:26] [🍀张妮 -> 🍀林雅] [28/100] 正在发送【微信分销H5:星梦书文:๑҉爱你，到永远】
[2026-05-15 18:42:27] [🍀张雅 -> 🍀王雅] [22/100] 正在发送【微信分销H5:花海书文:最文明的人孙学成】
[2026-05-15 18:42:27] [🍀晓慧 -> 🍀吴莹] [32/53] 正在发送【南方装饰靳海山】
[2026-05-15 18:42:27] [🍀吴莹 -> 🍀芯愉] [97/100] 正在发送【边树峰】
[2026-05-15 18:42:29] [🍀张妮 -> 🍀林雅] [29/100] 正在发送【笑傲江湖，戎马一生1。】
[2026-05-15 18:42:30] [🍀张雅 -> 🍀王雅] [23/100] 正在发送【微信分销H5:花海书文:张本贵】
[2026-05-15 18:42:30] [🍀晓慧 -> 🍀吴莹] [33/53] 正在发送【微信分销H5:星梦书文:王卫东】
[2026-05-15 18:42:31] [🍀吴莹 -> 🍀芯愉] [98/100] 正在发送【微信分销H5:星梦书文:横竖】
[2026-05-15 18:42:33] [🍀张雅 -> 🍀王雅] [24/100] 正在发送【微信分销H5:星梦书文:李冬兴】
[2026-05-15 18:42:33] [🍀张妮 -> 🍀林雅] [30/100] 正在发送【微信分销H5:星梦书文:心舍得】
[2026-05-15 18:42:34] [🍀吴莹 -> 🍀芯愉] [99/100] 正在发送【🐲超牛的人生15166946876】
[2026-05-15 18:42:35] [🍀晓慧 -> 🍀吴莹] [34/53] 正在发送【微信分销H5:星梦书文:笑看人生】
[2026-05-15 18:42:37] [🍀张雅 -> 🍀王雅] [25/100] 正在发送【微信分销H5:星梦书文:杨春波】
[2026-05-15 18:42:38] [🍀晓慧 -> 🍀吴莹] [35/53] 正在发送【微信分销H5:星梦书文:杜启生】
[2026-05-15 18:42:39] [🍀吴莹 -> 🍀芯愉] [100/100] 正在发送【绮绮爷爷】
[2026-05-15 18:42:40] [🍀张雅 -> 🍀王雅] [26/100] 正在发送【道法自然X薛】
[2026-05-15 18:42:41] [🍀张妮 -> 🍀林雅] [31/100] 正在发送【微信分销H5:星梦书文:哈哈】
[2026-05-15 18:42:42] [🍀晓慧 -> 🍀吴莹] [36/53] 正在发送【张平】
[2026-05-15 18:42:43] [🍀张妍 -> 🍀王倩] 正在准备子任务...
[2026-05-15 18:42:43] [🍀张雅 -> 🍀王雅] [27/100] 正在发送【微信分销H5:星梦书文:洞口中国熊熊轻奢】
[2026-05-15 18:42:44] [🍀张妮 -> 🍀林雅] [32/100] 正在发送【微信分销H5:星梦书文:X.】
[2026-05-15 18:42:47] [🍀张妮 -> 🍀林雅] [33/100] 正在发送【🌲꧁ 🍀柏༒程🍀꧂🌳】
[2026-05-15 18:42:47] [🍀张雅 -> 🍀王雅] [28/100] 正在发送【～尘海追梦～】
[2026-05-15 18:42:47] [🍀晓慧 -> 🍀吴莹] [37/53] 正在发送【微信分销H5:星梦书文:生命在于运动】
[2026-05-15 18:42:48] [🍀张妍 -> 🍀王倩] 开始发送 47 张名片...
[2026-05-15 18:42:48] [🍀张妍 -> 🍀王倩] [1/47] 正在发送【宪文】
[2026-05-15 18:42:50] [🍀张妮 -> 🍀林雅] [34/100] 正在发送【微信分销H5:星梦书文:浊酒恋风尘】
[2026-05-15 18:42:50] [🍀张雅 -> 🍀王雅] [29/100] 正在发送【微信分销H5:星梦书文:磨砺之剑】
[2026-05-15 18:42:51] [🍀晓慧 -> 🍀吴莹] [38/53] 正在发送【微信分销H5:星梦书文:襄阳丰农孙龙】
[2026-05-15 18:42:53] [🍀张妮 -> 🍀林雅] [35/100] 正在发送【微信分销H5:星梦书文:戒烟戒酒不戒你】
[2026-05-15 18:42:53] [🍀张妍 -> 🍀王倩] [2/47] 正在发送【逝水无痕】
[2026-05-15 18:42:54] [🍀晓慧 -> 🍀吴莹] [39/53] 正在发送【微信分销H5:星梦书文:红尘过客】
[2026-05-15 18:42:55] [🍀张雅 -> 🍀王雅] [30/100] 正在发送【沧海丶雷电影】
[2026-05-15 18:42:56] [🍀张妍 -> 🍀王倩] [3/47] 正在发送【微信分销H5:星梦书文:看透人心】
[2026-05-15 18:42:58] [🍀张妮 -> 🍀林雅] [36/100] 正在发送【微信分销H5:星梦书文:卍修心悟道卍】
[2026-05-15 18:42:58] [🍀晓慧 -> 🍀吴莹] [40/53] 正在发送【微信分销H5:星梦书文:郑好豫絸】
[2026-05-15 18:42:59] [🍀张妍 -> 🍀王倩] [4/47] 正在发送【陈国军】
[2026-05-15 18:43:01] [🍀张雅 -> 🍀王雅] [31/100] 正在发送【高秋利】
[2026-05-15 18:43:01] [🍀张妮 -> 🍀林雅] [37/100] 正在发送【盐城东台许旭东】
[2026-05-15 18:43:02] [🍀张妍 -> 🍀王倩] [5/47] 正在发送【赵希平】
[2026-05-15 18:43:03] [🍀晓慧 -> 🍀吴莹] [41/53] 正在发送【微信分销H5:星梦书文:勇哥】
[2026-05-15 18:43:05] [🍀张雅 -> 🍀王雅] [32/100] 正在发送【一帆风顺】
[2026-05-15 18:43:05] [🍀张妮 -> 🍀林雅] [38/100] 正在发送【郭高正】
[2026-05-15 18:43:06] [🍀张妍 -> 🍀王倩] [6/47] 正在发送【邹邹】
[2026-05-15 18:43:08] [🍀张雅 -> 🍀王雅] [33/100] 正在发送【小草】
[2026-05-15 18:43:08] [🍀张妮 -> 🍀林雅] [39/100] 正在发送【大翁的烟袋】
[2026-05-15 18:43:08] [🍀晓慧 -> 🍀吴莹] [42/53] 正在发送【蒲建新】
[2026-05-15 18:43:09] [🍀张妍 -> 🍀王倩] [7/47] 正在发送【洪哥】
[2026-05-15 18:43:11] [🍀张雅 -> 🍀王雅] [34/100] 正在发送【喜哥】
[2026-05-15 18:43:11] [🍀晓慧 -> 🍀吴莹] [43/53] 正在发送【苦乐随缘】
[2026-05-15 18:43:12] [🍀张妮 -> 🍀林雅] [40/100] 正在发送【我是王】
[2026-05-15 18:43:14] [🍀张妍 -> 🍀王倩] [8/47] 正在发送【微信分销H5:星梦书文:道友请留步！】
[2026-05-15 18:43:15] [🍀张雅 -> 🍀王雅] [35/100] 正在发送【微信分销H5:星梦书文:超级】
[2026-05-15 18:43:16] [🍀张妮 -> 🍀林雅] [41/100] 正在发送【姚启】
[2026-05-15 18:43:16] [🍀晓慧 -> 🍀吴莹] [44/53] 正在发送【蒋建方】
[2026-05-15 18:43:18] [🍀张妍 -> 🍀王倩] [9/47] 正在发送【微信分销H5:星梦书文:左】
[2026-05-15 18:43:19] [🍀张雅 -> 🍀王雅] [36/100] 正在发送【微信分销H5:星梦书文:初心】
[2026-05-15 18:43:21] [🍀张妮 -> 🍀林雅] [42/100] 正在发送【郑名洋】
[2026-05-15 18:43:21] [🍀晓慧 -> 🍀吴莹] [45/53] 正在发送【刘哥】
[2026-05-15 18:43:21] [🍀张妍 -> 🍀王倩] [10/47] 正在发送【白建新 15047991789】
[2026-05-15 18:43:23] [🍀张雅 -> 🍀王雅] [37/100] 正在发送【陈延会】
[2026-05-15 18:43:24] [🍀张妮 -> 🍀林雅] [43/100] 正在发送【妙洁13186650056】
[2026-05-15 18:43:24] [🍀晓慧 -> 🍀吴莹] [46/53] 正在发送【王乐】
[2026-05-15 18:43:25] [🍀张妍 -> 🍀王倩] [11/47] 正在发送【微信分销H5:星梦书文:李洪林】
[2026-05-15 18:43:27] [🍀张雅 -> 🍀王雅] [38/100] 正在发送【微信分销H5:星梦书文:锦汇吊顶批发～茹】
[2026-05-15 18:43:28] [🍀张妮 -> 🍀林雅] [44/100] 正在发送【开心】
[2026-05-15 18:43:29] [🍀晓慧 -> 🍀吴莹] [47/53] 正在发送【三候：倪保建】
[2026-05-15 18:43:29] [🍀张妍 -> 🍀王倩] [12/47] 正在发送【微信分销H5:星梦书文:陈昌保】
[2026-05-15 18:43:31] [🍀张雅 -> 🍀王雅] [39/100] 正在发送【微信分销H5:星梦书文:孙卫章】
[2026-05-15 18:43:32] [🍀晓慧 -> 🍀吴莹] [48/53] 正在发送【 蒋纤】
[2026-05-15 18:43:33] [🍀张妮 -> 🍀林雅] [45/100] 正在发送【陈家进13973473509】
[2026-05-15 18:43:33] [🍀张妍 -> 🍀王倩] [13/47] 正在发送【微信分销H5:星梦书文:情未了】
[2026-05-15 18:43:35] [🍀张雅 -> 🍀王雅] [40/100] 正在发送【杨水金（江南食堂）】
[2026-05-15 18:43:36] [🍀张妮 -> 🍀林雅] [46/100] 正在发送【福禄禄】
[2026-05-15 18:43:36] [🍀晓慧 -> 🍀吴莹] [49/53] 正在发送【左洪荣】
[2026-05-15 18:43:37] [🍀张妍 -> 🍀王倩] [14/47] 正在发送【碧根果】
[2026-05-15 18:43:39] [🍀张妮 -> 🍀林雅] [47/100] 正在发送【欧阳】
[2026-05-15 18:43:40] [🍀张雅 -> 🍀王雅] [41/100] 正在发送【韩兰丰电话13807613928】
[2026-05-15 18:43:40] [🍀晓慧 -> 🍀吴莹] [50/53] 正在发送【文衍军】
[2026-05-15 18:43:42] [🍀张妍 -> 🍀王倩] [15/47] 正在发送【宋金柏】
[2026-05-15 18:43:43] [🍀张妮 -> 🍀林雅] [48/100] 正在发送【李云海】
[2026-05-15 18:43:45] [🍀张雅 -> 🍀王雅] [42/100] 正在发送【微信分销H5:星梦书文:陈明】
[2026-05-15 18:43:45] [🍀晓慧 -> 🍀吴莹] [51/53] 正在发送【康】
[2026-05-15 18:43:46] [🍀张妍 -> 🍀王倩] [16/47] 正在发送【会友酒家】
[2026-05-15 18:43:48] [🍀张妮 -> 🍀林雅] [49/100] 正在发送【郑鸿辉】
[2026-05-15 18:43:49] [🍀张雅 -> 🍀王雅] [43/100] 正在发送【微信分销H5:星梦书文:情非得已（飞）】
[2026-05-15 18:43:49] [🍀晓慧 -> 🍀吴莹] [52/53] 正在发送【木黄梵景酒业.杨领18485697999】
[2026-05-15 18:43:50] [🍀张妍 -> 🍀王倩] [17/47] 正在发送【ming】
[2026-05-15 18:43:51] [🍀张妮 -> 🍀林雅] [50/100] 正在发送【魏建国18356479196】
[2026-05-15 18:43:54] [🍀张雅 -> 🍀王雅] [44/100] 正在发送【微信分销H5:星梦书文:宇宙】
[2026-05-15 18:43:54] [🍀晓慧 -> 🍀吴莹] [53/53] 正在发送【何成金】
[2026-05-15 18:43:54] [🍀张妍 -> 🍀王倩] [18/47] 正在发送【福满家生活超市】
[2026-05-15 18:43:56] [🍀张妮 -> 🍀林雅] [51/100] 正在发送【郭企达】
[2026-05-15 18:43:57] [🍀张雅 -> 🍀王雅] [45/100] 正在发送【The little prince】
[2026-05-15 18:43:57] [🍑如倩 -> 🍀晴玉] 正在准备子任务...
[2026-05-15 18:43:57] [🍀张妍 -> 🍀王倩] [19/47] 正在发送【郭三】
[2026-05-15 18:43:59] [🍀张妮 -> 🍀林雅] [52/100] 正在发送【陈权四米二随车吊出租13735406594】
[2026-05-15 18:44:02] [🍀张雅 -> 🍀王雅] [46/100] 正在发送【天行建】
[2026-05-15 18:44:03] [🍀张妍 -> 🍀王倩] [20/47] 正在发送【包润锋爸爸】
[2026-05-15 18:44:03] [🍀张妮 -> 🍀林雅] [53/100] 正在发送【任重道远】
[2026-05-15 18:44:05] [🍀张雅 -> 🍀王雅] [47/100] 正在发送【金衰荣】
[2026-05-15 18:44:07] [🍀张妮 -> 🍀林雅] [54/100] 正在发送【践行者】
[2026-05-15 18:44:08] [🍀张妍 -> 🍀王倩] [21/47] 正在发送【阿龙 上海专线】
[2026-05-15 18:44:09] [🍀张雅 -> 🍀王雅] [48/100] 正在发送【微信分销H5:星梦书文:造就辉煌】
[2026-05-15 18:44:10] [🍀张妮 -> 🍀林雅] [55/100] 正在发送【孟云清】
[2026-05-15 18:44:11] [🍑如倩 -> 🍀晴玉] 开始发送 100 张名片...
[2026-05-15 18:44:11] [🍑如倩 -> 🍀晴玉] [1/100] 正在发送【梁兄】
[2026-05-15 18:44:13] [🍀张妍 -> 🍀王倩] [22/47] 正在发送【郭佳】
[2026-05-15 18:44:14] [🍀张雅 -> 🍀王雅] [49/100] 正在发送【罗】
[2026-05-15 18:44:14] [🍀张妮 -> 🍀林雅] [56/100] 正在发送【刘楚湘】
[2026-05-15 18:44:14] [🍑如倩 -> 🍀晴玉] [2/100] 正在发送【꧁༺强仔༻꧂】
[2026-05-15 18:44:16] [🍀张妍 -> 🍀王倩] [23/47] 正在发送【彭建明】
[2026-05-15 18:44:17] [🍀张妮 -> 🍀林雅] [57/100] 正在发送【霸气的硬汉】
[2026-05-15 18:44:19] [🍀张雅 -> 🍀王雅] [50/100] 正在发送【被小美骗走250万.】
[2026-05-15 18:44:19] [🍑如倩 -> 🍀晴玉] [3/100] 正在发送【于金琦 18846059485】
[2026-05-15 18:44:20] [🍀张妮 -> 🍀林雅] [58/100] 正在发送【老掌柜】
[2026-05-15 18:44:21] [🍀张妍 -> 🍀王倩] [24/47] 正在发送【徐伟国】
[2026-05-15 18:44:22] [🍀张雅 -> 🍀王雅] [51/100] 正在发送【lin】
[2026-05-15 18:44:23] [🍀张妮 -> 🍀林雅] [59/100] 正在发送【鸿运.】
[2026-05-15 18:44:24] [🍀张妍 -> 🍀王倩] [25/47] 正在发送【宋鹏搏】
[2026-05-15 18:44:24] [🍑如倩 -> 🍀晴玉] [4/100] 正在发送【晨风】
[2026-05-15 18:44:26] [🍀张雅 -> 🍀王雅] [52/100] 正在发送【梁庆（小二子）】
[2026-05-15 18:44:26] [🍀张妮 -> 🍀林雅] [60/100] 正在发送【冷暖自知】
[2026-05-15 18:44:28] [🍀张妍 -> 🍀王倩] [26/47] 正在发送【囍。】
[2026-05-15 18:44:29] [🍑如倩 -> 🍀晴玉] [5/100] 正在发送【如幻如梦】
[2026-05-15 18:44:31] [🍀张妍 -> 🍀王倩] [27/47] 正在发送【董建武】
[2026-05-15 18:44:31] [🍀张雅 -> 🍀王雅] [53/100] 正在发送【莫然】
[2026-05-15 18:44:33] [🍀张妮 -> 🍀林雅] [61/100] 正在发送【廖】
[2026-05-15 18:44:34] [🍑如倩 -> 🍀晴玉] [6/100] 正在发送【尽力而为】
[2026-05-15 18:44:35] [🍀张妍 -> 🍀王倩] [28/47] 正在发送【Q· 吥惪】
[2026-05-15 18:44:35] [🍀张雅 -> 🍀王雅] [54/100] 正在发送【中交集团光伏储能投资18865953888】
[2026-05-15 18:44:36] [🍀张妮 -> 🍀林雅] [62/100] 正在发送【孙生琦】
[2026-05-15 18:44:37] [🍑如倩 -> 🍀晴玉] [7/100] 正在发送【灵活的小胖子】
[2026-05-15 18:44:38] [🍀张妍 -> 🍀王倩] [29/47] 正在发送【微信分销H5:星梦书文:罗老四】
[2026-05-15 18:44:38] [🍀张雅 -> 🍀王雅] [55/100] 正在发送【国】
[2026-05-15 18:44:39] [🍀张妮 -> 🍀林雅] [63/100] 正在发送【为了你】
[2026-05-15 18:44:41] [🍑如倩 -> 🍀晴玉] [8/100] 正在发送【?】
[2026-05-15 18:44:42] [🍀张妍 -> 🍀王倩] [30/47] 正在发送【娥娥鹅】
[2026-05-15 18:44:42] [🍀张妮 -> 🍀林雅] [64/100] 正在发送【金俊】
[2026-05-15 18:44:43] [🍀张雅 -> 🍀王雅] [56/100] 正在发送【小二】
[2026-05-15 18:44:44] [🍑如倩 -> 🍀晴玉] [9/100] 正在发送【船长】
[2026-05-15 18:44:46] [🍀张雅 -> 🍀王雅] [57/100] 正在发送【勇往直前】
[2026-05-15 18:44:47] [🍀张妮 -> 🍀林雅] [65/100] 正在发送【苏文清】
[2026-05-15 18:44:47] [🍑如倩 -> 🍀晴玉] [10/100] 正在发送【艾义】
[2026-05-15 18:44:49] [🍀张妍 -> 🍀王倩] [31/47] 正在发送【微信分销H5:星梦书文:平安是福คิดถ】
[2026-05-15 18:44:50] [🍀张雅 -> 🍀王雅] [58/100] 正在发送【 蒋莹】
[2026-05-15 18:44:50] [🍑如倩 -> 🍀晴玉] [11/100] 正在发送【有梦想的灵魂】
[2026-05-15 18:44:52] [🍀张妮 -> 🍀林雅] [66/100] 正在发送【90后不老😃】
[2026-05-15 18:44:53] [🍀张雅 -> 🍀王雅] [59/100] 正在发送【姚启】
[2026-05-15 18:44:53] [🍀张妍 -> 🍀王倩] [32/47] 正在发送【丽群(帅茶茶饮)】
[2026-05-15 18:44:54] [🍑如倩 -> 🍀晴玉] [12/100] 正在发送【秋天的大海】
[2026-05-15 18:44:56] [🍀张妍 -> 🍀王倩] [33/47] 正在发送【牛牛爷爷】
[2026-05-15 18:44:56] [🍀张妮 -> 🍀林雅] [67/100] 正在发送【勇往直前】
[2026-05-15 18:44:57] [🍀张雅 -> 🍀王雅] [60/100] 正在发送【左洪荣】
[2026-05-15 18:44:58] [🍑如倩 -> 🍀晴玉] [13/100] 正在发送【贝】
[2026-05-15 18:45:00] [🍀张妍 -> 🍀王倩] [34/47] 正在发送【童郁文】
[2026-05-15 18:45:00] [🍀张妮 -> 🍀林雅] [68/100] 正在发送【平】
[2026-05-15 18:45:01] [🍑如倩 -> 🍀晴玉] [14/100] 正在发送【一侠哥】
[2026-05-15 18:45:04] [🍀张雅 -> 🍀王雅] [61/100] 正在发送【朱良】
[2026-05-15 18:45:05] [🍀张妍 -> 🍀王倩] [35/47] 正在发送【裴洪力  俊熙少泽爷爷】
[2026-05-15 18:45:05] [🍀张妮 -> 🍀林雅] [69/100] 正在发送【平安一生】
[2026-05-15 18:45:06] [🍑如倩 -> 🍀晴玉] [15/100] 正在发送【人生如梦。】
[2026-05-15 18:45:08] [🍀张妍 -> 🍀王倩] [36/47] 正在发送【开开开开心心心心】
[2026-05-15 18:45:08] [🍀张雅 -> 🍀王雅] [62/100] 正在发送【胡舰】
[2026-05-15 18:45:09] [🍀张妮 -> 🍀林雅] [70/100] 正在发送【张东】
[2026-05-15 18:45:10] [🍑如倩 -> 🍀晴玉] [16/100] 正在发送【王向峰】
[2026-05-15 18:45:11] [🍀张雅 -> 🍀王雅] [63/100] 正在发送【宋鹏搏】
[2026-05-15 18:45:12] [🍀张妍 -> 🍀王倩] [37/47] 正在发送【微信分销H5:星梦书文:亿钻】
[2026-05-15 18:45:13] [🍀张妮 -> 🍀林雅] [71/100] 正在发送【如火青春】
[2026-05-15 18:45:13] [🍑如倩 -> 🍀晴玉] [17/100] 正在发送【聚水成海】
[2026-05-15 18:45:15] [🍀张雅 -> 🍀王雅] [64/100] 正在发送【曾健】
[2026-05-15 18:45:16] [🍀张妍 -> 🍀王倩] [38/47] 正在发送【微信分销H5:星梦书文:东风破】
[2026-05-15 18:45:16] [🍑如倩 -> 🍀晴玉] [18/100] 正在发送【散人】
[2026-05-15 18:45:17] [🍀张妮 -> 🍀林雅] [72/100] 正在发送【2008小鱼儿游】
[2026-05-15 18:45:19] [🍀张妍 -> 🍀王倩] [39/47] 正在发送【微信分销H5:星梦书文:longwan】
[2026-05-15 18:45:20] [🍀张雅 -> 🍀王雅] [65/100] 正在发送【男人的霸道】
[2026-05-15 18:45:20] [🍀张妮 -> 🍀林雅] [73/100] 正在发送【张振华】
[2026-05-15 18:45:21] [🍑如倩 -> 🍀晴玉] [19/100] 正在发送【专业防水】
[2026-05-15 18:45:23] [🍀张妍 -> 🍀王倩] [40/47] 正在发送【微信分销H5:星梦书文:清醒的沉沦】
[2026-05-15 18:45:23] [🍀张妮 -> 🍀林雅] [74/100] 正在发送【浩洋】
[2026-05-15 18:45:24] [🍀张雅 -> 🍀王雅] [66/100] 正在发送【龙闲天下】
[2026-05-15 18:45:26] [🍀张妮 -> 🍀林雅] [75/100] 正在发送【Ccccy】
[2026-05-15 18:45:26] [🍑如倩 -> 🍀晴玉] [20/100] 正在发送【漫水葡萄】
[2026-05-15 18:45:28] [🍀张妍 -> 🍀王倩] [41/47] 正在发送【微信分销H5:星梦书文:一生幸福】
[2026-05-15 18:45:28] [🍀张雅 -> 🍀王雅] [67/100] 正在发送【夏天】
[2026-05-15 18:45:29] [🍑如倩 -> 🍀晴玉] [21/100] 正在发送【晨】
[2026-05-15 18:45:30] [🍀张妮 -> 🍀林雅] [76/100] 正在发送【高德楚】
[2026-05-15 18:45:33] [🍀张妍 -> 🍀王倩] [42/47] 正在发送【微信分销H5:星梦书文:开心果一一黄国珍】
[2026-05-15 18:45:33] [🍀张雅 -> 🍀王雅] [68/100] 正在发送【技术】
[2026-05-15 18:45:34] [🍑如倩 -> 🍀晴玉] [22/100] 正在发送【长空展翅】
[2026-05-15 18:45:35] [🍀张妮 -> 🍀林雅] [77/100] 正在发送【虎~猫】
[2026-05-15 18:45:36] [🍀张妍 -> 🍀王倩] [43/47] 正在发送【自由人】
[2026-05-15 18:45:37] [🍀张雅 -> 🍀王雅] [69/100] 正在发送【张继】
[2026-05-15 18:45:40] [🍑如倩 -> 🍀晴玉] [23/100] 正在发送【123456】
[2026-05-15 18:45:40] [🍀张妍 -> 🍀王倩] [44/47] 正在发送【微信分销H5:心娱剧场:米根福】
[2026-05-15 18:45:40] [🍀张雅 -> 🍀王雅] [70/100] 正在发送【蒋道君】
[2026-05-15 18:45:40] [🍀张妮 -> 🍀林雅] [78/100] 正在发送【王振文】
[2026-05-15 18:45:43] [🍑如倩 -> 🍀晴玉] [24/100] 正在发送【微信分销H5:星梦书文:pu蒲映刚】
[2026-05-15 18:45:43] [🍀张妍 -> 🍀王倩] [45/47] 正在发送【Yami_丹燕】
[2026-05-15 18:45:43] [🍀张妮 -> 🍀林雅] [79/100] 正在发送【神刀】
[2026-05-15 18:45:45] [🍀张雅 -> 🍀王雅] [71/100] 正在发送【刘玉平】
[2026-05-15 18:45:46] [🍀张妍 -> 🍀王倩] [46/47] 正在发送【 蒋纤】
[2026-05-15 18:45:47] [🍑如倩 -> 🍀晴玉] [25/100] 正在发送【朱月爱13705476251】
[2026-05-15 18:45:48] [🍀张妮 -> 🍀林雅] [80/100] 正在发送【光润】
[2026-05-15 18:45:50] [🍀张雅 -> 🍀王雅] [72/100] 正在发送【向阳】
[2026-05-15 18:45:51] [🍀张妍 -> 🍀王倩] [47/47] 正在发送【谭代良】
[2026-05-15 18:45:52] [🍑如倩 -> 🍀晴玉] [26/100] 正在发送【李云明（东泽）】
[2026-05-15 18:45:52] [🍀张妮 -> 🍀林雅] [81/100] 正在发送【'雅致】
[2026-05-15 18:45:54] [🍀张雅 -> 🍀王雅] [73/100] 正在发送【胡先生】
[2026-05-15 18:45:55] [🍑如倩 -> 🍀晴玉] [27/100] 正在发送【微信分销H5:星梦书文:一心一意】
[2026-05-15 18:45:56] [🍀张妮 -> 🍀林雅] [82/100] 正在发送【面子】
[2026-05-15 18:45:57] [🍀张雅 -> 🍀王雅] [74/100] 正在发送【ㅤㅤ】
[2026-05-15 18:45:59] [🍑如倩 -> 🍀晴玉] [28/100] 正在发送【阳春吧雪】
[2026-05-15 18:46:00] [🍀张雅 -> 🍀王雅] [75/100] 正在发送【一生好运】
[2026-05-15 18:46:01] [🍀张妮 -> 🍀林雅] [83/100] 正在发送【真诚】
[2026-05-15 18:46:04] [🍑如倩 -> 🍀晴玉] [29/100] 正在发送【蔡昌同】
[2026-05-15 18:46:04] [🍀张妮 -> 🍀林雅] [84/100] 正在发送【高秀海】
[2026-05-15 18:46:05] [🍀张雅 -> 🍀王雅] [76/100] 正在发送【和志礼《13578487995》】
[2026-05-15 18:46:08] [🍑如倩 -> 🍀晴玉] [30/100] 正在发送【🌈莫福光@福星来🌈】
[2026-05-15 18:46:08] [🍀张雅 -> 🍀王雅] [77/100] 正在发送【亮点美学不锈钢Mr.JUN】
[2026-05-15 18:46:08] [🍀张妮 -> 🍀林雅] [85/100] 正在发送【常来常往刘宏】
[2026-05-15 18:46:11] [🍀张妮 -> 🍀林雅] [86/100] 正在发送【老顽童】
[2026-05-15 18:46:13] [🍀张雅 -> 🍀王雅] [78/100] 正在发送【微信分销H5:星梦书文:努力】
[2026-05-15 18:46:14] [🍑如倩 -> 🍀晴玉] [31/100] 正在发送【吕明】
[2026-05-15 18:46:16] [🍀张妮 -> 🍀林雅] [87/100] 正在发送【风过无痕】
[2026-05-15 18:46:17] [🍑如倩 -> 🍀晴玉] [32/100] 正在发送【微信分销H5:星梦书文:手到💰 来】
[2026-05-15 18:46:18] [🍀张雅 -> 🍀王雅] [79/100] 正在发送【微信分销H5:星梦书文:一生一世】
[2026-05-15 18:46:19] [🍀张妮 -> 🍀林雅] [88/100] 正在发送【李国周】
[2026-05-15 18:46:21] [🍑如倩 -> 🍀晴玉] [33/100] 正在发送【谭毓权】
[2026-05-15 18:46:21] [🍀张雅 -> 🍀王雅] [80/100] 正在发送【泰山】
[2026-05-15 18:46:23] [🍀张妮 -> 🍀林雅] [89/100] 正在发送【史玉林】
[2026-05-15 18:46:25] [🍑如倩 -> 🍀晴玉] [34/100] 正在发送【微信分销H5:星梦书文:罗耀138825】
[2026-05-15 18:46:26] [🍀张雅 -> 🍀王雅] [81/100] 正在发送【木象】
[2026-05-15 18:46:28] [🍑如倩 -> 🍀晴玉] [35/100] 正在发送【赵工】
[2026-05-15 18:46:28] [🍀张妮 -> 🍀林雅] [90/100] 正在发送【关双喜】
[2026-05-15 18:46:30] [🍀张雅 -> 🍀王雅] [82/100] 正在发送【微信分销H5:星梦书文:福研船务（福研堂】
[2026-05-15 18:46:32] [🍑如倩 -> 🍀晴玉] [36/100] 正在发送【苗东升】
[2026-05-15 18:46:34] [🍀张雅 -> 🍀王雅] [83/100] 正在发送【幸福一生】
[2026-05-15 18:46:36] [🍀张妮 -> 🍀林雅] [91/100] 正在发送【烈火】
[2026-05-15 18:46:37] [🍑如倩 -> 🍀晴玉] [37/100] 正在发送【打桩佬 锥心蚀骨的】
[2026-05-15 18:46:37] [🍀张雅 -> 🍀王雅] [84/100] 正在发送【微信分销H5:星梦书文:康剑】
[2026-05-15 18:46:40] [🍀张妮 -> 🍀林雅] [92/100] 正在发送【杨三哥】
[2026-05-15 18:46:40] [🍑如倩 -> 🍀晴玉] [38/100] 正在发送【徐】
[2026-05-15 18:46:40] [🍀张雅 -> 🍀王雅] [85/100] 正在发送【曾云徕】
[2026-05-15 18:46:43] [🍑如倩 -> 🍀晴玉] [39/100] 正在发送【李峰】
[2026-05-15 18:46:45] [🍀张妮 -> 🍀林雅] [93/100] 正在发送【肖林】
[2026-05-15 18:46:45] [🍀张雅 -> 🍀王雅] [86/100] 正在发送【韦悦胜】
[2026-05-15 18:46:47] [🍑如倩 -> 🍀晴玉] [40/100] 正在发送【保光】
[2026-05-15 18:46:48] [🍀张妮 -> 🍀林雅] [94/100] 正在发送【杨琛】
[2026-05-15 18:46:50] [🍀张雅 -> 🍀王雅] [87/100] 正在发送【华磊石材】
[2026-05-15 18:46:52] [🍑如倩 -> 🍀晴玉] [41/100] 正在发送【肖立峰】
[2026-05-15 18:46:53] [🍀张妮 -> 🍀林雅] [95/100] 正在发送【微信分销H5:星梦书文:谢先斌】
[2026-05-15 18:46:54] [🍀张雅 -> 🍀王雅] [88/100] 正在发送【礼让三分】
[2026-05-15 18:46:56] [🍀张妮 -> 🍀林雅] [96/100] 正在发送【微信分销H5:星梦书文:沈振民／】
[2026-05-15 18:46:57] [🍑如倩 -> 🍀晴玉] [42/100] 正在发送【微信分销H5:星梦书文:小飞139481】
[2026-05-15 18:46:58] [🍀张雅 -> 🍀王雅] [89/100] 正在发送【微信分销H5:星梦书文:老大电信手机批发】
[2026-05-15 18:47:01] [🍀张妮 -> 🍀林雅] [97/100] 正在发送【凯盛达冷凝胶】
[2026-05-15 18:47:02] [🍑如倩 -> 🍀晴玉] [43/100] 正在发送【东哥】
[2026-05-15 18:47:02] [🍀张雅 -> 🍀王雅] [90/100] 正在发送【微信分销H5:星梦书文:陆国正】
[2026-05-15 18:47:05] [🍀张妮 -> 🍀林雅] [98/100] 正在发送【微信分销H5:星梦书文:壹切随風】
[2026-05-15 18:47:05] [🍑如倩 -> 🍀晴玉] [44/100] 正在发送【高秋利】
[2026-05-15 18:47:08] [🍑如倩 -> 🍀晴玉] [45/100] 正在发送【秋殇】
[2026-05-15 18:47:09] [🍀张雅 -> 🍀王雅] [91/100] 正在发送【张向敏【招学员，美容师】】
[2026-05-15 18:47:10] [🍀张妮 -> 🍀林雅] [99/100] 正在发送【执着】
[2026-05-15 18:47:12] [🍀张雅 -> 🍀王雅] [92/100] 正在发送【微信分销H5:星梦书文:A】
[2026-05-15 18:47:13] [🍑如倩 -> 🍀晴玉] [46/100] 正在发送【宏华果蔬专业合作社】
[2026-05-15 18:47:14] [🍀张妮 -> 🍀林雅] [100/100] 正在发送【微信分销H5:星梦书文:元氏二手车耿全】
[2026-05-15 18:47:16] [🍀张雅 -> 🍀王雅] [93/100] 正在发送【微信分销H5:心娱剧场:流水无声】
[2026-05-15 18:47:18] [🍑如倩 -> 🍀晴玉] [47/100] 正在发送【祥和的微笑】
[2026-05-15 18:47:19] [🍀张雅 -> 🍀王雅] [94/100] 正在发送【微信分销H5:花海书文:金余强】
[2026-05-15 18:47:23] [🍑如倩 -> 🍀晴玉] [48/100] 正在发送【微信分销H5:星梦书文:墨染流年婳心殇】
[2026-05-15 18:47:24] [🍀张雅 -> 🍀王雅] [95/100] 正在发送【微信分销H5:星梦书文:唐武平】
[2026-05-15 18:47:26] [🍑如倩 -> 🍀晴玉] [49/100] 正在发送【昆明昆明】
[2026-05-15 18:47:28] [🍀张雅 -> 🍀王雅] [96/100] 正在发送【列光】
[2026-05-15 18:47:31] [🍑如倩 -> 🍀晴玉] [50/100] 正在发送【凡汇酒店装饰管理】
[2026-05-15 18:47:33] [🍀张雅 -> 🍀王雅] [97/100] 正在发送【微信分销H5:星梦书文:666】
[2026-05-15 18:47:35] [🍑如倩 -> 🍀晴玉] [51/100] 正在发送【高】
[2026-05-15 18:47:36] [🍀张雅 -> 🍀王雅] [98/100] 正在发送【微信分销H5:星梦书文:王银龙】
[2026-05-15 18:47:39] [🍑如倩 -> 🍀晴玉] [52/100] 正在发送【也许】
[2026-05-15 18:47:41] [🍀张雅 -> 🍀王雅] [99/100] 正在发送【王双】
[2026-05-15 18:47:44] [🍑如倩 -> 🍀晴玉] [53/100] 正在发送【知心真美】
[2026-05-15 18:47:45] [🍀张雅 -> 🍀王雅] [100/100] 正在发送【马庆】
[2026-05-15 18:47:47] [🍑如倩 -> 🍀晴玉] [54/100] 正在发送【冬天的阳光】
[2026-05-15 18:47:51] [🍑如倩 -> 🍀晴玉] [55/100] 正在发送【日出东方】
[2026-05-15 18:47:55] [🍑如倩 -> 🍀晴玉] [56/100] 正在发送【贵HHV聚乐祥】
[2026-05-15 18:47:58] [🍑如倩 -> 🍀晴玉] [57/100] 正在发送【开心笑佛陆老彪】
[2026-05-15 18:48:02] [🍑如倩 -> 🍀晴玉] [58/100] 正在发送【水小工】
[2026-05-15 18:48:05] [🍑如倩 -> 🍀晴玉] [59/100] 正在发送【索丽广告】
[2026-05-15 18:48:10] [🍑如倩 -> 🍀晴玉] [60/100] 正在发送【红哥】
[2026-05-15 18:48:15] [🍑如倩 -> 🍀晴玉] [61/100] 正在发送【垃大】
[2026-05-15 18:48:20] [🍑如倩 -> 🍀晴玉] [62/100] 正在发送【陆春江】
[2026-05-15 18:48:24] [🍑如倩 -> 🍀晴玉] [63/100] 正在发送【低调人生（XIAWEI）】
[2026-05-15 18:48:29] [🍑如倩 -> 🍀晴玉] [64/100] 正在发送【Charon】
[2026-05-15 18:48:34] [🍑如倩 -> 🍀晴玉] [65/100] 正在发送【换味思考】
[2026-05-15 18:48:39] [🍑如倩 -> 🍀晴玉] [66/100] 正在发送【麻哥】
[2026-05-15 18:48:43] [🍑如倩 -> 🍀晴玉] [67/100] 正在发送【HYK】
[2026-05-15 18:48:47] [🍑如倩 -> 🍀晴玉] [68/100] 正在发送【过客】
[2026-05-15 18:48:50] [🍑如倩 -> 🍀晴玉] [69/100] 正在发送【一直在你身庞】
[2026-05-15 18:48:53] [🍑如倩 -> 🍀晴玉] [70/100] 正在发送【A.格局】
[2026-05-15 18:48:57] [🍑如倩 -> 🍀晴玉] [71/100] 正在发送【太阳！韩五洲】
[2026-05-15 18:49:01] [🍑如倩 -> 🍀晴玉] [72/100] 正在发送【鹏程万里】
[2026-05-15 18:49:06] [🍑如倩 -> 🍀晴玉] [73/100] 正在发送【郑文】
[2026-05-15 18:49:11] [🍑如倩 -> 🍀晴玉] [74/100] 正在发送【吕荣来】
[2026-05-15 18:49:16] [🍑如倩 -> 🍀晴玉] [75/100] 正在发送【田新刚】
[2026-05-15 18:49:21] [🍑如倩 -> 🍀晴玉] [76/100] 正在发送【新兴】
[2026-05-15 18:49:24] [🍑如倩 -> 🍀晴玉] [77/100] 正在发送【席剑】
[2026-05-15 18:49:27] [🍑如倩 -> 🍀晴玉] [78/100] 正在发送【喵喵】
[2026-05-15 18:49:32] [🍑如倩 -> 🍀晴玉] [79/100] 正在发送【微信分销H5:星梦书文:歪歪】
[2026-05-15 18:49:37] [🍑如倩 -> 🍀晴玉] [80/100] 正在发送【老陈，健康就好陈洪明】
[2026-05-15 18:49:42] [🍑如倩 -> 🍀晴玉] [81/100] 正在发送【健康是福：】
[2026-05-15 18:49:45] [🍑如倩 -> 🍀晴玉] [82/100] 正在发送【微信分销H5:星梦书文:赵成忠】
[2026-05-15 18:49:50] [🍑如倩 -> 🍀晴玉] [83/100] 正在发送【相忘与江湖】
[2026-05-15 18:49:55] [🍑如倩 -> 🍀晴玉] [84/100] 正在发送【陈希杰】
[2026-05-15 18:50:00] [🍑如倩 -> 🍀晴玉] [85/100] 正在发送【金属整形校平15962824503】
[2026-05-15 18:50:03] [🍑如倩 -> 🍀晴玉] [86/100] 正在发送【玲】
[2026-05-15 18:50:07] [🍑如倩 -> 🍀晴玉] [87/100] 正在发送【微信分销H5:星梦书文:梦】
[2026-05-15 18:50:11] [🍑如倩 -> 🍀晴玉] [88/100] 正在发送【張曉東】
[2026-05-15 18:50:15] [🍑如倩 -> 🍀晴玉] [89/100] 正在发送【李守安】
[2026-05-15 18:50:20] [🍑如倩 -> 🍀晴玉] [90/100] 正在发送【微信分销H5:心娱剧场:王鹏】
[2026-05-15 18:50:27] [🍑如倩 -> 🍀晴玉] [91/100] 正在发送【温州市浩成木业有限公司，】
[2026-05-15 18:50:30] [🍑如倩 -> 🍀晴玉] [92/100] 正在发送【春风】
[2026-05-15 18:50:35] [🍑如倩 -> 🍀晴玉] [93/100] 正在发送【想恋】
[2026-05-15 18:50:38] [🍑如倩 -> 🍀晴玉] [94/100] 正在发送【真诚相待_】
[2026-05-15 18:50:43] [🍑如倩 -> 🍀晴玉] [95/100] 正在发送【鱼生是死鱼切片】
[2026-05-15 18:50:46] [🍑如倩 -> 🍀晴玉] [96/100] 正在发送【(*￣rǒ￣)】
[2026-05-15 18:50:50] [🍑如倩 -> 🍀晴玉] [97/100] 正在发送【XLF】
[2026-05-15 18:50:53] [🍑如倩 -> 🍀晴玉] [98/100] 正在发送【霍雷廷】
[2026-05-15 18:50:56] [🍑如倩 -> 🍀晴玉] [99/100] 正在发送【微信分销H5:星梦书文:人间过客】
