[2026-05-15 19:05:42] 🚀 任务 79691262-717a-410f-858f-731e89d65ae3 启动，采用 4 路并发处理...
[2026-05-15 19:05:43] [苏念 -> 蒋欣] 正在准备子任务...
[2026-05-15 19:05:43] [苏佳 -> 温雅] 正在准备子任务...
[2026-05-15 19:05:43] [苏夕 -> 温雅] 正在准备子任务...
[2026-05-15 19:05:43] [苏甜 -> 蒋莹] 正在准备子任务...
[2026-05-15 19:05:53] [苏念 -> 蒋欣] 无名片可发送。
[2026-05-15 19:05:53] [苏若 -> 蒋纤] 正在准备子任务...
[2026-05-15 19:05:56] [苏夕 -> 温雅] 开始发送 50 张名片...
[2026-05-15 19:05:56] [苏夕 -> 温雅] [1/50] 正在发送【蒙启东】
[2026-05-15 19:05:56] [苏甜 -> 蒋莹] 开始发送 50 张名片...
[2026-05-15 19:05:57] [苏甜 -> 蒋莹] [1/50] 正在发送【（七次元）】
[2026-05-15 19:05:59] [苏夕 -> 温雅] [2/50] 正在发送【应书民】
[2026-05-15 19:06:00] [苏佳 -> 温雅] 开始发送 50 张名片...
[2026-05-15 19:06:00] [苏佳 -> 温雅] [1/50] 正在发送【苏】
[2026-05-15 19:06:01] [苏甜 -> 蒋莹] [2/50] 正在发送【清汤寡水】
[2026-05-15 19:06:03] [苏佳 -> 温雅] [2/50] 正在发送【雪山飞狐】
[2026-05-15 19:06:03] [苏夕 -> 温雅] [3/50] 正在发送【耀华：得力代立超  13408659560】
[2026-05-15 19:06:05] [苏甜 -> 蒋莹] [3/50] 正在发送【张爱国】
[2026-05-15 19:06:06] [苏夕 -> 温雅] [4/50] 正在发送【一笑而过】
[2026-05-15 19:06:07] [苏佳 -> 温雅] [3/50] 正在发送【曹宏山】
[2026-05-15 19:06:09] [苏甜 -> 蒋莹] [4/50] 正在发送【战神】
[2026-05-15 19:06:10] [苏若 -> 蒋纤] 开始发送 50 张名片...
[2026-05-15 19:06:11] [苏若 -> 蒋纤] [1/50] 正在发送【卫】
[2026-05-15 19:06:11] [苏佳 -> 温雅] [4/50] 正在发送【梦月星辰】
[2026-05-15 19:06:11] [苏夕 -> 温雅] [5/50] 正在发送【强哥】
[2026-05-15 19:06:14] [苏甜 -> 蒋莹] [5/50] 正在发送【明天会更好】
[2026-05-15 19:06:14] [苏若 -> 蒋纤] [2/50] 正在发送【王擁軍】
[2026-05-15 19:06:15] [苏佳 -> 温雅] [5/50] 正在发送【tmy】
[2026-05-15 19:06:15] [苏夕 -> 温雅] [6/50] 正在发送【🥇 q(Ő龍先生Ő๑)p🥇】
[2026-05-15 19:06:17] [苏甜 -> 蒋莹] [6/50] 正在发送【闫怀文】
[2026-05-15 19:06:17] [苏若 -> 蒋纤] [3/50] 正在发送【胜利】
[2026-05-15 19:06:18] [苏佳 -> 温雅] [6/50] 正在发送【青锋】
[2026-05-15 19:06:18] [苏夕 -> 温雅] [7/50] 正在发送【王国庆】
[2026-05-15 19:06:20] [苏若 -> 蒋纤] [4/50] 正在发送【张俊】
[2026-05-15 19:06:22] [苏甜 -> 蒋莹] [7/50] 正在发送【伟龙模具】
[2026-05-15 19:06:23] [苏佳 -> 温雅] [7/50] 正在发送【三林橱柜】
[2026-05-15 19:06:23] [苏夕 -> 温雅] [8/50] 正在发送【谢志云】
[2026-05-15 19:06:25] [苏甜 -> 蒋莹] [8/50] 正在发送【周雨果外公13479312836】
[2026-05-15 19:06:25] [苏若 -> 蒋纤] [5/50] 正在发送【鱼】
[2026-05-15 19:06:26] [苏夕 -> 温雅] [9/50] 正在发送【陈海华】
[2026-05-15 19:06:28] [苏甜 -> 蒋莹] [9/50] 正在发送【刘庶棠&香榭丽-】
[2026-05-15 19:06:28] [苏佳 -> 温雅] [8/50] 正在发送【沈立健】
[2026-05-15 19:06:30] [苏若 -> 蒋纤] [6/50] 正在发送【不倒翁】
[2026-05-15 19:06:30] [苏夕 -> 温雅] [10/50] 正在发送【熊新民】
[2026-05-15 19:06:31] [苏佳 -> 温雅] [9/50] 正在发送【王怀君】
[2026-05-15 19:06:32] [苏甜 -> 蒋莹] [10/50] 正在发送【龙云】
[2026-05-15 19:06:33] [苏若 -> 蒋纤] [7/50] 正在发送【天际人】
[2026-05-15 19:06:33] [苏夕 -> 温雅] [11/50] 正在发送【廖】
[2026-05-15 19:06:36] [苏甜 -> 蒋莹] [11/50] 正在发送【郝永真】
[2026-05-15 19:06:36] [苏若 -> 蒋纤] [8/50] 正在发送【华颂集团家居服务中心蔡智慧】
[2026-05-15 19:06:36] [苏佳 -> 温雅] [10/50] 正在发送【刘老根】
[2026-05-15 19:06:37] [苏夕 -> 温雅] [12/50] 正在发送【志成】
[2026-05-15 19:06:39] [苏甜 -> 蒋莹] [12/50] 正在发送【深秋无痕】
[2026-05-15 19:06:40] [苏若 -> 蒋纤] [9/50] 正在发送【老羊】
[2026-05-15 19:06:41] [苏佳 -> 温雅] [11/50] 正在发送【多多钱】
[2026-05-15 19:06:41] [苏夕 -> 温雅] [13/50] 正在发送【海阔天空】
[2026-05-15 19:06:42] [苏甜 -> 蒋莹] [13/50] 正在发送【老三】
[2026-05-15 19:06:45] [苏若 -> 蒋纤] [10/50] 正在发送【鲁华18173145556】
[2026-05-15 19:06:46] [苏佳 -> 温雅] [12/50] 正在发送【吴高德】
[2026-05-15 19:06:46] [苏夕 -> 温雅] [14/50] 正在发送【老高】
[2026-05-15 19:06:47] [苏甜 -> 蒋莹] [14/50] 正在发送【蓝焰】
[2026-05-15 19:06:49] [苏若 -> 蒋纤] [11/50] 正在发送【唐以明律师】
[2026-05-15 19:06:49] [苏佳 -> 温雅] [13/50] 正在发送【玉文装饰喷漆各式窗边檐线栏杆】
[2026-05-15 19:06:49] [苏夕 -> 温雅] [15/50] 正在发送【🥀᭄降魔者꧔ꦿᩚ💕ꦿྀ】
[2026-05-15 19:06:52] [苏甜 -> 蒋莹] [15/50] 正在发送【胖子】
[2026-05-15 19:06:52] [苏夕 -> 温雅] [16/50] 正在发送【良】
[2026-05-15 19:06:53] [苏若 -> 蒋纤] [12/50] 正在发送【陳寜】
[2026-05-15 19:06:54] [苏佳 -> 温雅] [14/50] 正在发送【樊正忠(水蜜桃采摘)】
[2026-05-15 19:06:55] [苏夕 -> 温雅] [17/50] 正在发送【姜方检】
[2026-05-15 19:06:56] [苏甜 -> 蒋莹] [16/50] 正在发送【就是这样】
[2026-05-15 19:06:58] [苏若 -> 蒋纤] [13/50] 正在发送【诚信静电喷涂】
[2026-05-15 19:06:58] [苏佳 -> 温雅] [15/50] 正在发送【刘志强】
[2026-05-15 19:06:58] [苏夕 -> 温雅] [18/50] 正在发送【恭喜发财】
[2026-05-15 19:06:59] [苏甜 -> 蒋莹] [17/50] 正在发送【13413900390】
[2026-05-15 19:07:01] [苏若 -> 蒋纤] [14/50] 正在发送【天为大】
[2026-05-15 19:07:02] [苏甜 -> 蒋莹] [18/50] 正在发送【（一灯）青朝18739836388】
[2026-05-15 19:07:02] [苏佳 -> 温雅] [16/50] 正在发送【梅工房许建民】
[2026-05-15 19:07:02] [苏夕 -> 温雅] [19/50] 正在发送【平凡人】
[2026-05-15 19:07:04] [苏若 -> 蒋纤] [15/50] 正在发送【杨峰社区曹志勇】
[2026-05-15 19:07:05] [苏甜 -> 蒋莹] [19/50] 正在发送【生态农耕联盟～董金金】
[2026-05-15 19:07:05] [苏夕 -> 温雅] [20/50] 正在发送【贤书】
[2026-05-15 19:07:06] [苏佳 -> 温雅] [17/50] 正在发送【平安是福】
[2026-05-15 19:07:08] [苏若 -> 蒋纤] [16/50] 正在发送【日月潭孙伟志】
[2026-05-15 19:07:09] [苏甜 -> 蒋莹] [20/50] 正在发送【汀洲】
[2026-05-15 19:07:09] [苏夕 -> 温雅] [21/50] 正在发送【老清】
[2026-05-15 19:07:11] [苏佳 -> 温雅] [18/50] 正在发送【真心-陈连新】
[2026-05-15 19:07:13] [苏若 -> 蒋纤] [17/50] 正在发送【阳仲平】
[2026-05-15 19:07:14] [苏甜 -> 蒋莹] [21/50] 正在发送【才记】
[2026-05-15 19:07:14] [苏夕 -> 温雅] [22/50] 正在发送【雄帅爷】
[2026-05-15 19:07:15] [苏佳 -> 温雅] [19/50] 正在发送【天良】
[2026-05-15 19:07:18] [苏若 -> 蒋纤] [18/50] 正在发送【刘一月一月一鸟】
[2026-05-15 19:07:19] [苏甜 -> 蒋莹] [22/50] 正在发送【傅老三】
[2026-05-15 19:07:19] [苏佳 -> 温雅] [20/50] 正在发送【龙的传人】
[2026-05-15 19:07:19] [苏夕 -> 温雅] [23/50] 正在发送【无锡鼎级香料:董朝光】
[2026-05-15 19:07:21] [苏若 -> 蒋纤] [19/50] 正在发送【亚娇】
[2026-05-15 19:07:22] [苏佳 -> 温雅] [21/50] 正在发送【南通范从林18020379515】
[2026-05-15 19:07:22] [苏夕 -> 温雅] [24/50] 正在发送【林】
[2026-05-15 19:07:23] [苏甜 -> 蒋莹] [23/50] 正在发送【友志】
[2026-05-15 19:07:25] [苏佳 -> 温雅] [22/50] 正在发送【杨大旺】
[2026-05-15 19:07:26] [苏若 -> 蒋纤] [20/50] 正在发送【盛】
[2026-05-15 19:07:26] [苏甜 -> 蒋莹] [24/50] 正在发送【闻鹰】
[2026-05-15 19:07:27] [苏夕 -> 温雅] [25/50] 正在发送【辛子】
[2026-05-15 19:07:28] [苏佳 -> 温雅] [23/50] 正在发送【ᰔᩚᯓ格局⁼ꪵ༉ᩚ᭄】
[2026-05-15 19:07:29] [苏甜 -> 蒋莹] [25/50] 正在发送【老哥】
[2026-05-15 19:07:30] [苏夕 -> 温雅] [26/50] 正在发送【刘滨】
[2026-05-15 19:07:31] [苏若 -> 蒋纤] [21/50] 正在发送【老闫】
[2026-05-15 19:07:31] [苏佳 -> 温雅] [24/50] 正在发送【旭日东升】
[2026-05-15 19:07:34] [苏若 -> 蒋纤] [22/50] 正在发送【林诚泉】
[2026-05-15 19:07:34] [苏甜 -> 蒋莹] [26/50] 正在发送【瓯源电机李志元】
[2026-05-15 19:07:34] [苏夕 -> 温雅] [27/50] 正在发送【胖子】
[2026-05-15 19:07:36] [苏佳 -> 温雅] [25/50] 正在发送【邓烈平】
[2026-05-15 19:07:37] [苏若 -> 蒋纤] [23/50] 正在发送【况明友】
[2026-05-15 19:07:37] [苏甜 -> 蒋莹] [27/50] 正在发送【熊贤和】
[2026-05-15 19:07:37] [苏夕 -> 温雅] [28/50] 正在发送【彭贤金】
[2026-05-15 19:07:40] [苏若 -> 蒋纤] [24/50] 正在发送【干云邱13568317477】
[2026-05-15 19:07:41] [苏佳 -> 温雅] [26/50] 正在发送【孤烟苍狼】
[2026-05-15 19:07:42] [苏甜 -> 蒋莹] [28/50] 正在发送【高原飞雪】
[2026-05-15 19:07:42] [苏夕 -> 温雅] [29/50] 正在发送【一如既往】
[2026-05-15 19:07:44] [苏若 -> 蒋纤] [25/50] 正在发送【唐建忠】
[2026-05-15 19:07:44] [苏佳 -> 温雅] [27/50] 正在发送【赵希希】
[2026-05-15 19:07:45] [苏夕 -> 温雅] [30/50] 正在发送【蔡建明🥂】
[2026-05-15 19:07:46] [苏甜 -> 蒋莹] [29/50] 正在发送【平】
[2026-05-15 19:07:49] [苏若 -> 蒋纤] [26/50] 正在发送【张传广】
[2026-05-15 19:07:49] [苏佳 -> 温雅] [28/50] 正在发送【吴先德】
[2026-05-15 19:07:50] [苏甜 -> 蒋莹] [30/50] 正在发送【学新】
[2026-05-15 19:07:53] [苏夕 -> 温雅] [31/50] 正在发送【桂哥】
[2026-05-15 19:07:53] [苏若 -> 蒋纤] [27/50] 正在发送【晨曦】
[2026-05-15 19:07:53] [苏佳 -> 温雅] [29/50] 正在发送【牛  ！   不再少年！！！！！】
[2026-05-15 19:07:56] [苏佳 -> 温雅] [30/50] 正在发送【于国伟】
[2026-05-15 19:07:57] [苏若 -> 蒋纤] [28/50] 正在发送【水电李腾芳，18274823610】
[2026-05-15 19:07:57] [苏甜 -> 蒋莹] [31/50] 正在发送【知行】
[2026-05-15 19:07:58] [苏夕 -> 温雅] [32/50] 正在发送【随缘】
[2026-05-15 19:08:01] [苏若 -> 蒋纤] [29/50] 正在发送【只求一份安定】
[2026-05-15 19:08:02] [苏甜 -> 蒋莹] [32/50] 正在发送【格力-日立中央空调17374302428】
[2026-05-15 19:08:03] [苏佳 -> 温雅] [31/50] 正在发送【家在南方】
[2026-05-15 19:08:03] [苏夕 -> 温雅] [33/50] 正在发送【张佳群】
[2026-05-15 19:08:05] [苏甜 -> 蒋莹] [33/50] 正在发送【心灵驿站】
[2026-05-15 19:08:06] [苏若 -> 蒋纤] [30/50] 正在发送【张雷】
[2026-05-15 19:08:08] [苏佳 -> 温雅] [32/50] 正在发送【华蕾🐉 🐎 🌷】
[2026-05-15 19:08:08] [苏夕 -> 温雅] [34/50] 正在发送【快乐老余】
[2026-05-15 19:08:09] [苏甜 -> 蒋莹] [34/50] 正在发送【狂野周末】
[2026-05-15 19:08:11] [苏佳 -> 温雅] [33/50] 正在发送【绅士】
[2026-05-15 19:08:11] [苏夕 -> 温雅] [35/50] 正在发送【执子之手与子偕老】
[2026-05-15 19:08:13] [苏若 -> 蒋纤] [31/50] 正在发送【陈】
[2026-05-15 19:08:14] [苏甜 -> 蒋莹] [35/50] 正在发送【老金】
[2026-05-15 19:08:15] [苏夕 -> 温雅] [36/50] 正在发送【张光其】
[2026-05-15 19:08:16] [苏佳 -> 温雅] [34/50] 正在发送【陈钢筋】
[2026-05-15 19:08:16] [苏若 -> 蒋纤] [32/50] 正在发送【大贵】
[2026-05-15 19:08:17] [苏甜 -> 蒋莹] [36/50] 正在发送【陈桂烈】
[2026-05-15 19:08:19] [苏佳 -> 温雅] [35/50] 正在发送【江湖黑客】
[2026-05-15 19:08:20] [苏夕 -> 温雅] [37/50] 正在发送【杜绍合】
[2026-05-15 19:08:21] [苏若 -> 蒋纤] [33/50] 正在发送【浅吟年华未央】
[2026-05-15 19:08:22] [苏甜 -> 蒋莹] [37/50] 正在发送【海阔天空【强子】】
[2026-05-15 19:08:24] [苏佳 -> 温雅] [36/50] 正在发送【菩提树】
[2026-05-15 19:08:24] [苏若 -> 蒋纤] [34/50] 正在发送【紫气東來】
[2026-05-15 19:08:25] [苏夕 -> 温雅] [38/50] 正在发送【周洪】
[2026-05-15 19:08:26] [苏甜 -> 蒋莹] [38/50] 正在发送【孤独的人】
[2026-05-15 19:08:28] [苏若 -> 蒋纤] [35/50] 正在发送【杨子】
[2026-05-15 19:08:29] [苏佳 -> 温雅] [37/50] 正在发送【向安平】
[2026-05-15 19:08:29] [苏夕 -> 温雅] [39/50] 正在发送【修地球】
[2026-05-15 19:08:29] [苏甜 -> 蒋莹] [39/50] 正在发送【巴特尔，15047738406鄂托克旗】
[2026-05-15 19:08:32] [苏夕 -> 温雅] [40/50] 正在发送【寂寞的人】
[2026-05-15 19:08:33] [苏若 -> 蒋纤] [36/50] 正在发送【赵医生】
[2026-05-15 19:08:34] [苏佳 -> 温雅] [38/50] 正在发送【快乐余】
[2026-05-15 19:08:34] [苏甜 -> 蒋莹] [40/50] 正在发送【浮生若梦】
[2026-05-15 19:08:36] [苏夕 -> 温雅] [41/50] 正在发送【元元】
[2026-05-15 19:08:38] [苏佳 -> 温雅] [39/50] 正在发送【钟旭东】
[2026-05-15 19:08:38] [苏若 -> 蒋纤] [37/50] 正在发送【红日（辛伟）】
[2026-05-15 19:08:39] [苏甜 -> 蒋莹] [41/50] 正在发送【王文建】
[2026-05-15 19:08:40] [苏夕 -> 温雅] [42/50] 正在发送【卢】
[2026-05-15 19:08:42] [苏佳 -> 温雅] [40/50] 正在发送【胜景纸品席富如²⁰²⁶】
[2026-05-15 19:08:42] [苏若 -> 蒋纤] [38/50] 正在发送【天宇】
[2026-05-15 19:08:43] [苏甜 -> 蒋莹] [42/50] 正在发送【cxw】
[2026-05-15 19:08:45] [苏夕 -> 温雅] [43/50] 正在发送【阿文】
[2026-05-15 19:08:45] [苏若 -> 蒋纤] [39/50] 正在发送【钟骏良】
[2026-05-15 19:08:46] [苏佳 -> 温雅] [41/50] 正在发送【老王】
[2026-05-15 19:08:48] [苏若 -> 蒋纤] [40/50] 正在发送【幸福】
[2026-05-15 19:08:48] [苏甜 -> 蒋莹] [43/50] 正在发送【阿辉】
[2026-05-15 19:08:50] [苏夕 -> 温雅] [44/50] 正在发送【陌生人】
[2026-05-15 19:08:51] [苏佳 -> 温雅] [42/50] 正在发送【黄满洪】
[2026-05-15 19:08:51] [苏若 -> 蒋纤] [41/50] 正在发送【太阳雨】
[2026-05-15 19:08:51] [苏甜 -> 蒋莹] [44/50] 正在发送【海纳百才】
[2026-05-15 19:08:54] [苏佳 -> 温雅] [43/50] 正在发送【陈宝庆13501936509】
[2026-05-15 19:08:54] [苏夕 -> 温雅] [45/50] 正在发送【無心】
[2026-05-15 19:08:54] [苏若 -> 蒋纤] [42/50] 正在发送【联通】
[2026-05-15 19:08:56] [苏甜 -> 蒋莹] [45/50] 正在发送【随遇而安】
[2026-05-15 19:08:57] [苏佳 -> 温雅] [44/50] 正在发送【潇洒走一回】
[2026-05-15 19:08:57] [苏夕 -> 温雅] [46/50] 正在发送【军中绿叶】
[2026-05-15 19:08:59] [苏若 -> 蒋纤] [43/50] 正在发送【邓19175961656】
[2026-05-15 19:09:00] [苏佳 -> 温雅] [45/50] 正在发送【关中男人】
[2026-05-15 19:09:00] [苏夕 -> 温雅] [47/50] 正在发送【于海】
[2026-05-15 19:09:01] [苏甜 -> 蒋莹] [46/50] 正在发送【了解宇宙】
[2026-05-15 19:09:03] [苏佳 -> 温雅] [46/50] 正在发送【401613斗牛士】
[2026-05-15 19:09:03] [苏夕 -> 温雅] [48/50] 正在发送【🐭 小月】
[2026-05-15 19:09:03] [苏若 -> 蒋纤] [44/50] 正在发送【范观海】
[2026-05-15 19:09:06] [苏佳 -> 温雅] [47/50] 正在发送【年年有余🐠阿明】
[2026-05-15 19:09:06] [苏若 -> 蒋纤] [45/50] 正在发送【安】
[2026-05-15 19:09:06] [苏甜 -> 蒋莹] [47/50] 正在发送【和睦】
[2026-05-15 19:09:08] [苏夕 -> 温雅] [49/50] 正在发送【莫闹】
[2026-05-15 19:09:09] [苏若 -> 蒋纤] [46/50] 正在发送【亮亮】
[2026-05-15 19:09:10] [苏甜 -> 蒋莹] [48/50] 正在发送【心想事成】
[2026-05-15 19:09:11] [苏佳 -> 温雅] [48/50] 正在发送【缘分】
[2026-05-15 19:09:12] [苏夕 -> 温雅] [50/50] 正在发送【陈先生】
[2026-05-15 19:09:14] [苏若 -> 蒋纤] [47/50] 正在发送【指挥】
[2026-05-15 19:09:14] [苏甜 -> 蒋莹] [49/50] 正在发送【渤海垂钓🎣】
[2026-05-15 19:09:15] [苏夕 -> 温雅] ✅ 该员工所有名片发送完成（共 50 张）
[2026-05-15 19:09:15] [宋甜 -> 蒋莹] 正在准备子任务...
[2026-05-15 19:09:16] [苏佳 -> 温雅] [49/50] 正在发送【💘诚心  5－201】
[2026-05-15 19:09:18] [苏若 -> 蒋纤] [48/50] 正在发送【凌華】
[2026-05-15 19:09:18] [苏甜 -> 蒋莹] [50/50] 正在发送【陪你听风】
[2026-05-15 19:09:21] [苏佳 -> 温雅] [50/50] 正在发送【Fangk】
[2026-05-15 19:09:22] [苏若 -> 蒋纤] [49/50] 正在发送【老八】
[2026-05-15 19:09:22] [苏甜 -> 蒋莹] ✅ 该员工所有名片发送完成（共 50 张）
[2026-05-15 19:09:22] [宋若 -> 温雅] 正在准备子任务...
[2026-05-15 19:09:26] [苏佳 -> 温雅] ✅ 该员工所有名片发送完成（共 50 张）
[2026-05-15 19:09:26] [宋菲 -> 蒋纤] 正在准备子任务...
[2026-05-15 19:09:27] [苏若 -> 蒋纤] [50/50] 正在发送【愚行者】
[2026-05-15 19:09:30] [宋甜 -> 蒋莹] 开始发送 50 张名片...
[2026-05-15 19:09:30] [苏若 -> 蒋纤] ✅ 该员工所有名片发送完成（共 50 张）
[2026-05-15 19:09:30] [宋夕 -> 蒋莹] 正在准备子任务...
[2026-05-15 19:09:31] [宋甜 -> 蒋莹] [1/50] 正在发送【WWG】
[2026-05-15 19:09:34] [宋甜 -> 蒋莹] [2/50] 正在发送【孔羽俊】
[2026-05-15 19:09:36] [宋若 -> 温雅] 开始发送 30 张名片...
[2026-05-15 19:09:36] [宋若 -> 温雅] [1/30] 正在发送【朱建初二手设备包针布】
[2026-05-15 19:09:38] [宋甜 -> 蒋莹] [3/50] 正在发送【凡弋】
[2026-05-15 19:09:39] [宋若 -> 温雅] [2/30] 正在发送【朱向祥】
[2026-05-15 19:09:40] [宋菲 -> 蒋纤] 开始发送 4 张名片...
[2026-05-15 19:09:40] [宋菲 -> 蒋纤] [1/4] 正在发送【航行】
[2026-05-15 19:09:42] [宋甜 -> 蒋莹] [4/50] 正在发送【老林】
[2026-05-15 19:09:44] [宋夕 -> 蒋莹] 开始发送 50 张名片...
[2026-05-15 19:09:44] [宋若 -> 温雅] [3/30] 正在发送【冬至】
[2026-05-15 19:09:45] [宋夕 -> 蒋莹] [1/50] 正在发送【谢育生】
[2026-05-15 19:09:45] [宋菲 -> 蒋纤] [2/4] 正在发送【战地车】
[2026-05-15 19:09:46] [宋甜 -> 蒋莹] [5/50] 正在发送【雁过留声】
[2026-05-15 19:09:48] [宋菲 -> 蒋纤] [3/4] 正在发送【一切随缘】
[2026-05-15 19:09:48] [宋若 -> 温雅] [4/30] 正在发送【钢构陈】
[2026-05-15 19:09:49] [宋夕 -> 蒋莹] [2/50] 正在发送【陈列飞】
[2026-05-15 19:09:50] [宋甜 -> 蒋莹] [6/50] 正在发送【叶】
[2026-05-15 19:09:51] [宋菲 -> 蒋纤] [4/4] 正在发送【老二北漂】
[2026-05-15 19:09:51] [宋若 -> 温雅] [5/30] 正在发送【谭生13545933968】
[2026-05-15 19:09:52] [宋夕 -> 蒋莹] [3/50] 正在发送【艺洋园林.九雅生态】
[2026-05-15 19:09:54] [宋甜 -> 蒋莹] [7/50] 正在发送【游建华】
[2026-05-15 19:09:54] [宋菲 -> 蒋纤] ✅ 该员工所有名片发送完成（共 4 张）
[2026-05-15 19:09:54] [沈菲 -> 蒋莹] 正在准备子任务...
[2026-05-15 19:09:54] [宋若 -> 温雅] [6/30] 正在发送【蒋正亚】
[2026-05-15 19:09:57] [宋甜 -> 蒋莹] [8/50] 正在发送【英国一四会市有害生物服务中心。】
[2026-05-15 19:09:57] [宋夕 -> 蒋莹] [4/50] 正在发送【金寿清】
[2026-05-15 19:09:58] [宋若 -> 温雅] [7/30] 正在发送【郭学峰】
[2026-05-15 19:10:00] [宋甜 -> 蒋莹] [9/50] 正在发送【随遇而安】
[2026-05-15 19:10:00] [宋夕 -> 蒋莹] [5/50] 正在发送【致远】
[2026-05-15 19:10:03] [宋若 -> 温雅] [8/30] 正在发送【赖虔中】
[2026-05-15 19:10:04] [宋甜 -> 蒋莹] [10/50] 正在发送【阳光】
[2026-05-15 19:10:04] [宋夕 -> 蒋莹] [6/50] 正在发送【野山闲 人一】
[2026-05-15 19:10:04] [沈菲 -> 蒋莹] 无名片可发送。
[2026-05-15 19:10:04] [沈清 -> 蒋莹] 正在准备子任务...
[2026-05-15 19:10:07] [宋甜 -> 蒋莹] [11/50] 正在发送【周西华】
[2026-05-15 19:10:07] [宋夕 -> 蒋莹] [7/50] 正在发送【俊英】
[2026-05-15 19:10:09] [宋若 -> 温雅] [9/30] 正在发送【努力】
[2026-05-15 19:10:11] [宋甜 -> 蒋莹] [12/50] 正在发送【宝林】
[2026-05-15 19:10:11] [宋夕 -> 蒋莹] [8/50] 正在发送【山远水长】
[2026-05-15 19:10:14] [宋若 -> 温雅] [10/30] 正在发送【张佳烨】
[2026-05-15 19:10:14] [宋甜 -> 蒋莹] [13/50] 正在发送【美好人生】
[2026-05-15 19:10:15] [沈清 -> 蒋莹] 无名片可发送。
[2026-05-15 19:10:15] [宋清 -> 蒋欣] 正在准备子任务...
[2026-05-15 19:10:16] [宋夕 -> 蒋莹] [9/50] 正在发送【Lxj】
[2026-05-15 19:10:18] [宋甜 -> 蒋莹] [14/50] 正在发送【徐四新】
[2026-05-15 19:10:19] [宋若 -> 温雅] [11/30] 正在发送【五五】
[2026-05-15 19:10:19] [宋夕 -> 蒋莹] [10/50] 正在发送【涛】
[2026-05-15 19:10:21] [宋甜 -> 蒋莹] [15/50] 正在发送【彬】
[2026-05-15 19:10:23] [宋若 -> 温雅] [12/30] 正在发送【王金山】
[2026-05-15 19:10:24] [宋夕 -> 蒋莹] [11/50] 正在发送【老沈】
[2026-05-15 19:10:26] [宋甜 -> 蒋莹] [16/50] 正在发送【心怀天宇】
[2026-05-15 19:10:27] [宋夕 -> 蒋莹] [12/50] 正在发送【府纳建设】
[2026-05-15 19:10:28] [宋若 -> 温雅] [13/30] 正在发送【贾飞13628086591】
[2026-05-15 19:10:28] [宋清 -> 蒋欣] 开始发送 50 张名片...
[2026-05-15 19:10:29] [宋清 -> 蒋欣] [1/50] 正在发送【恿戈】
[2026-05-15 19:10:30] [宋夕 -> 蒋莹] [13/50] 正在发送【天道酬勤】
[2026-05-15 19:10:31] [宋若 -> 温雅] [14/30] 正在发送【李世儒】
[2026-05-15 19:10:31] [宋甜 -> 蒋莹] [17/50] 正在发送【龍哥】
[2026-05-15 19:10:32] [宋清 -> 蒋欣] [2/50] 正在发送【乔辰】
[2026-05-15 19:10:34] [宋夕 -> 蒋莹] [14/50] 正在发送【南海白头翁】
[2026-05-15 19:10:35] [宋甜 -> 蒋莹] [18/50] 正在发送【刘亮俊】
[2026-05-15 19:10:36] [宋若 -> 温雅] [15/30] 正在发送【国祥商店】
[2026-05-15 19:10:36] [宋清 -> 蒋欣] [3/50] 正在发送【黔之阳】
[2026-05-15 19:10:39] [宋甜 -> 蒋莹] [19/50] 正在发送【刘】
[2026-05-15 19:10:39] [宋夕 -> 蒋莹] [15/50] 正在发送【曾文民】
[2026-05-15 19:10:39] [宋清 -> 蒋欣] [4/50] 正在发送【阿良】
[2026-05-15 19:10:40] [宋若 -> 温雅] [16/30] 正在发送【zhuyao（有你^_^狠幸福）】
[2026-05-15 19:10:42] [宋甜 -> 蒋莹] [20/50] 正在发送【肖长成】
[2026-05-15 19:10:42] [宋清 -> 蒋欣] [5/50] 正在发送【杨聪】
[2026-05-15 19:10:43] [宋夕 -> 蒋莹] [16/50] 正在发送【谭树光】
[2026-05-15 19:10:45] [宋若 -> 温雅] [17/30] 正在发送【徐建勇】
[2026-05-15 19:10:47] [宋甜 -> 蒋莹] [21/50] 正在发送【文斌】
[2026-05-15 19:10:47] [宋清 -> 蒋欣] [6/50] 正在发送【品读人生】
[2026-05-15 19:10:48] [宋夕 -> 蒋莹] [17/50] 正在发送【Gq】
[2026-05-15 19:10:49] [宋若 -> 温雅] [18/30] 正在发送【李万海】
[2026-05-15 19:10:50] [宋清 -> 蒋欣] [7/50] 正在发送【阳光照耀】
[2026-05-15 19:10:51] [宋夕 -> 蒋莹] [18/50] 正在发送【汪波13038331720】
[2026-05-15 19:10:52] [宋甜 -> 蒋莹] [22/50] 正在发送【苏曰进】
[2026-05-15 19:10:53] [宋清 -> 蒋欣] [8/50] 正在发送【韩骐】
[2026-05-15 19:10:54] [宋若 -> 温雅] [19/30] 正在发送【翱翔】
[2026-05-15 19:10:56] [宋甜 -> 蒋莹] [23/50] 正在发送【马哥】
[2026-05-15 19:10:56] [宋夕 -> 蒋莹] [19/50] 正在发送【张伟继】
[2026-05-15 19:10:57] [宋清 -> 蒋欣] [9/50] 正在发送【辰雨】
[2026-05-15 19:10:59] [宋若 -> 温雅] [20/30] 正在发送【欧建】
[2026-05-15 19:10:59] [宋甜 -> 蒋莹] [24/50] 正在发送【天意人心】
[2026-05-15 19:11:01] [宋夕 -> 蒋莹] [20/50] 正在发送【赵小平】
[2026-05-15 19:11:02] [宋清 -> 蒋欣] [10/50] 正在发送【林彬在水一方】
[2026-05-15 19:11:03] [宋若 -> 温雅] [21/30] 正在发送【阿忠】
[2026-05-15 19:11:03] [宋甜 -> 蒋莹] [25/50] 正在发送【靳美红18972904282】
[2026-05-15 19:11:04] [宋夕 -> 蒋莹] [21/50] 正在发送【卢】
[2026-05-15 19:11:06] [宋甜 -> 蒋莹] [26/50] 正在发送【安】
[2026-05-15 19:11:06] [宋清 -> 蒋欣] [11/50] 正在发送【雪域】
[2026-05-15 19:11:08] [宋若 -> 温雅] [22/30] 正在发送【光伏免费安装， 丁城元】
[2026-05-15 19:11:09] [宋甜 -> 蒋莹] [27/50] 正在发送【王培明】
[2026-05-15 19:11:09] [宋夕 -> 蒋莹] [22/50] 正在发送【李克跃】
[2026-05-15 19:11:11] [宋若 -> 温雅] [23/30] 正在发送【醒悟】
[2026-05-15 19:11:11] [宋清 -> 蒋欣] [12/50] 正在发送【忘忧草(潮州十大手信13332787835)】
[2026-05-15 19:11:12] [宋甜 -> 蒋莹] [28/50] 正在发送【梦幻雲海】
[2026-05-15 19:11:14] [宋夕 -> 蒋莹] [23/50] 正在发送【阮友光】
[2026-05-15 19:11:16] [宋若 -> 温雅] [24/30] 正在发送【陆长杰】
[2026-05-15 19:11:16] [宋甜 -> 蒋莹] [29/50] 正在发送【友谊第一】
[2026-05-15 19:11:16] [宋清 -> 蒋欣] [13/50] 正在发送【王勇】
[2026-05-15 19:11:18] [宋夕 -> 蒋莹] [24/50] 正在发送【明】
[2026-05-15 19:11:20] [宋若 -> 温雅] [25/30] 正在发送【李功飞】
[2026-05-15 19:11:20] [宋甜 -> 蒋莹] [30/50] 正在发送【徐风残梦】
[2026-05-15 19:11:21] [宋夕 -> 蒋莹] [25/50] 正在发送【赖运兴】
[2026-05-15 19:11:21] [宋清 -> 蒋欣] [14/50] 正在发送【善行天下】
[2026-05-15 19:11:23] [宋若 -> 温雅] [26/30] 正在发送【顾和生】
[2026-05-15 19:11:24] [宋清 -> 蒋欣] [15/50] 正在发送【霸气】
[2026-05-15 19:11:26] [宋若 -> 温雅] [27/30] 正在发送【秋】
[2026-05-15 19:11:26] [宋夕 -> 蒋莹] [26/50] 正在发送【稀里糊涂】
[2026-05-15 19:11:27] [宋甜 -> 蒋莹] [31/50] 正在发送【前沿】
[2026-05-15 19:11:29] [宋清 -> 蒋欣] [16/50] 正在发送【蔣华勤】
[2026-05-15 19:11:30] [宋甜 -> 蒋莹] [32/50] 正在发送【郑荣华】
[2026-05-15 19:11:31] [宋若 -> 温雅] [28/30] 正在发送【云淡风轻】
[2026-05-15 19:11:31] [宋夕 -> 蒋莹] [27/50] 正在发送【将计就计】
[2026-05-15 19:11:33] [宋甜 -> 蒋莹] [33/50] 正在发送【老顽童】
[2026-05-15 19:11:34] [宋清 -> 蒋欣] [17/50] 正在发送【姜子牙】
[2026-05-15 19:11:35] [宋若 -> 温雅] [29/30] 正在发送【李 哥138 0765 8998】
[2026-05-15 19:11:35] [宋夕 -> 蒋莹] [28/50] 正在发送【一生随缘】
[2026-05-15 19:11:38] [宋清 -> 蒋欣] [18/50] 正在发送【陈一桦1】
[2026-05-15 19:11:38] [宋甜 -> 蒋莹] [34/50] 正在发送【老王】
[2026-05-15 19:11:39] [宋若 -> 温雅] [30/30] 正在发送【陶洪】
[2026-05-15 19:11:39] [宋夕 -> 蒋莹] [29/50] 正在发送【冯卫东】
[2026-05-15 19:11:41] [宋清 -> 蒋欣] [19/50] 正在发送【惜缘】
[2026-05-15 19:11:43] [宋若 -> 温雅] ✅ 该员工所有名片发送完成（共 30 张）
[2026-05-15 19:11:43] [沈若 -> 温雅] 正在准备子任务...
[2026-05-15 19:11:43] [宋甜 -> 蒋莹] [35/50] 正在发送【徐军】
[2026-05-15 19:11:44] [宋夕 -> 蒋莹] [30/50] 正在发送【喜乐平安】
[2026-05-15 19:11:45] [宋清 -> 蒋欣] [20/50] 正在发送【南滇人】
[2026-05-15 19:11:46] [宋甜 -> 蒋莹] [36/50] 正在发送【格博】
[2026-05-15 19:11:49] [宋甜 -> 蒋莹] [37/50] 正在发送【大亮】
[2026-05-15 19:11:50] [宋清 -> 蒋欣] [21/50] 正在发送【王】
[2026-05-15 19:11:51] [宋夕 -> 蒋莹] [31/50] 正在发送【闲人】
[2026-05-15 19:11:53] [沈若 -> 温雅] 无名片可发送。
[2026-05-15 19:11:53] [沈佳 -> 蒋欣] 正在准备子任务...
[2026-05-15 19:11:53] [宋甜 -> 蒋莹] [38/50] 正在发送【胖哥哥】
[2026-05-15 19:11:54] [宋清 -> 蒋欣] [22/50] 正在发送【我心依旧】
[2026-05-15 19:11:54] [宋夕 -> 蒋莹] [32/50] 正在发送【诚信—生】
[2026-05-15 19:11:56] [宋甜 -> 蒋莹] [39/50] 正在发送【平安人】
[2026-05-15 19:11:58] [宋清 -> 蒋欣] [23/50] 正在发送【杨山(电话15608301430】
[2026-05-15 19:11:58] [宋夕 -> 蒋莹] [33/50] 正在发送【申顶国】
[2026-05-15 19:11:59] [宋甜 -> 蒋莹] [40/50] 正在发送【文建超市】
[2026-05-15 19:12:01] [宋清 -> 蒋欣] [24/50] 正在发送【张正平】
[2026-05-15 19:12:02] [宋夕 -> 蒋莹] [34/50] 正在发送【梁建刚】
[2026-05-15 19:12:03] [沈佳 -> 蒋欣] 无名片可发送。
[2026-05-15 19:12:03] [沈念 -> 蒋纤] 正在准备子任务...
[2026-05-15 19:12:03] [宋甜 -> 蒋莹] [41/50] 正在发送【乘风】
[2026-05-15 19:12:04] [宋清 -> 蒋欣] [25/50] 正在发送【沈玉平】
[2026-05-15 19:12:06] [宋甜 -> 蒋莹] [42/50] 正在发送【清澜农夫，大城香瓜园】
[2026-05-15 19:12:07] [宋夕 -> 蒋莹] [35/50] 正在发送【心想事成】
[2026-05-15 19:12:09] [宋清 -> 蒋欣] [26/50] 正在发送【烟酒不分家】
[2026-05-15 19:12:09] [宋甜 -> 蒋莹] [43/50] 正在发送【姓坚名强】
[2026-05-15 19:12:12] [宋清 -> 蒋欣] [27/50] 正在发送【修士酉】
[2026-05-15 19:12:12] [宋夕 -> 蒋莹] [36/50] 正在发送【广纳四海】
[2026-05-15 19:12:13] [宋甜 -> 蒋莹] [44/50] 正在发送【李】
[2026-05-15 19:12:16] [沈念 -> 蒋纤] 开始发送 50 张名片...
[2026-05-15 19:12:16] [宋清 -> 蒋欣] [28/50] 正在发送【综合门诊：整形体检皮肤抗衰口腔】
[2026-05-15 19:12:16] [沈念 -> 蒋纤] [1/50] 正在发送【王海峰｜saas收银｜底薪6000招聘】
[2026-05-15 19:12:16] [宋夕 -> 蒋莹] [37/50] 正在发送【小福泥】
[2026-05-15 19:12:17] [宋甜 -> 蒋莹] [45/50] 正在发送【K2】
[2026-05-15 19:12:19] [沈念 -> 蒋纤] [2/50] 正在发送【路雨亮】
[2026-05-15 19:12:20] [宋清 -> 蒋欣] [29/50] 正在发送【立新】
[2026-05-15 19:12:21] [宋夕 -> 蒋莹] [38/50] 正在发送【埃及常委】
[2026-05-15 19:12:22] [宋甜 -> 蒋莹] [46/50] 正在发送【阿路】
[2026-05-15 19:12:23] [沈念 -> 蒋纤] [3/50] 正在发送【山人】
[2026-05-15 19:12:24] [宋夕 -> 蒋莹] [39/50] 正在发送【贾学东】
[2026-05-15 19:12:25] [宋清 -> 蒋欣] [30/50] 正在发送【吕金山】
[2026-05-15 19:12:26] [宋甜 -> 蒋莹] [47/50] 正在发送【宁忠平(上海市周浦医院)】
[2026-05-15 19:12:26] [沈念 -> 蒋纤] [4/50] 正在发送【窦三~（拒异性闲聊）15104371601】
[2026-05-15 19:12:29] [宋甜 -> 蒋莹] [48/50] 正在发送【不以成败论英雄】
[2026-05-15 19:12:29] [宋夕 -> 蒋莹] [40/50] 正在发送【风之歌(胡巍)】
[2026-05-15 19:12:30] [沈念 -> 蒋纤] [5/50] 正在发送【老郑面馆】
[2026-05-15 19:12:31] [宋清 -> 蒋欣] [31/50] 正在发送【悬壶】
[2026-05-15 19:12:33] [宋甜 -> 蒋莹] [49/50] 正在发送【乔能兴13469867611鄂EDC693】
[2026-05-15 19:12:33] [宋夕 -> 蒋莹] [41/50] 正在发送【老陈】
[2026-05-15 19:12:34] [沈念 -> 蒋纤] [6/50] 正在发送【冷记液压】
[2026-05-15 19:12:35] [宋清 -> 蒋欣] [32/50] 正在发送【王哥哥】
[2026-05-15 19:12:37] [宋甜 -> 蒋莹] [50/50] 正在发送【金久】
[2026-05-15 19:12:37] [宋夕 -> 蒋莹] [42/50] 正在发送【我是钉子】
[2026-05-15 19:12:38] [宋清 -> 蒋欣] [33/50] 正在发送【风清扬】
[2026-05-15 19:12:39] [沈念 -> 蒋纤] [7/50] 正在发送【王新勇】
[2026-05-15 19:12:40] [宋夕 -> 蒋莹] [43/50] 正在发送【鄢鄢】
[2026-05-15 19:12:42] [沈念 -> 蒋纤] [8/50] 正在发送【陈军（湘西）】
[2026-05-15 19:12:42] [宋甜 -> 蒋莹] ✅ 该员工所有名片发送完成（共 50 张）
[2026-05-15 19:12:42] [沈甜 -> 温雅] 正在准备子任务...
[2026-05-15 19:12:43] [宋清 -> 蒋欣] [34/50] 正在发送【Ja】
[2026-05-15 19:12:45] [宋夕 -> 蒋莹] [44/50] 正在发送【鹏博   品牌策划运营】
[2026-05-15 19:12:46] [宋清 -> 蒋欣] [35/50] 正在发送【魏】
[2026-05-15 19:12:47] [沈念 -> 蒋纤] [9/50] 正在发送【曾耀先】
[2026-05-15 19:12:48] [宋夕 -> 蒋莹] [45/50] 正在发送【相信自己】
[2026-05-15 19:12:49] [宋清 -> 蒋欣] [36/50] 正在发送【墨先生(鉉)】
[2026-05-15 19:12:50] [沈念 -> 蒋纤] [10/50] 正在发送【林兆丰】
[2026-05-15 19:12:52] [宋夕 -> 蒋莹] [46/50] 正在发送【张浩】
[2026-05-15 19:12:52] [沈甜 -> 温雅] 无名片可发送。
[2026-05-15 19:12:53] [沈念 -> 蒋纤] [11/50] 正在发送【狼魂】
[2026-05-15 19:12:53] [宋清 -> 蒋欣] [37/50] 正在发送【向国庭】
[2026-05-15 19:12:56] [沈念 -> 蒋纤] [12/50] 正在发送【不忘初心】
[2026-05-15 19:12:56] [宋夕 -> 蒋莹] [47/50] 正在发送【王博】
[2026-05-15 19:12:57] [宋清 -> 蒋欣] [38/50] 正在发送【张金龙】
[2026-05-15 19:13:00] [宋夕 -> 蒋莹] [48/50] 正在发送【金从云】
[2026-05-15 19:13:01] [沈念 -> 蒋纤] [13/50] 正在发送【于学枝（老于1）】
[2026-05-15 19:13:01] [宋清 -> 蒋欣] [39/50] 正在发送【建明】
[2026-05-15 19:13:03] [宋夕 -> 蒋莹] [49/50] 正在发送【老黄】
[2026-05-15 19:13:04] [沈念 -> 蒋纤] [14/50] 正在发送【8866】
[2026-05-15 19:13:04] [宋清 -> 蒋欣] [40/50] 正在发送【Khalifa快乐人生】
[2026-05-15 19:13:08] [宋夕 -> 蒋莹] [50/50] 正在发送【林中清乐】
[2026-05-15 19:13:08] [宋清 -> 蒋欣] [41/50] 正在发送【A家和事利13755658893】
[2026-05-15 19:13:09] [沈念 -> 蒋纤] [15/50] 正在发送【王泽辉】
[2026-05-15 19:13:11] [宋清 -> 蒋欣] [42/50] 正在发送【建新】
[2026-05-15 19:13:13] [宋夕 -> 蒋莹] ✅ 该员工所有名片发送完成（共 50 张）
[2026-05-15 19:13:14] [沈念 -> 蒋纤] [16/50] 正在发送【大雁南飞】
[2026-05-15 19:13:14] [宋清 -> 蒋欣] [43/50] 正在发送【宁缺勿滥】
[2026-05-15 19:13:17] [宋清 -> 蒋欣] [44/50] 正在发送【陈氏水产👾👾👾👾】
[2026-05-15 19:13:18] [沈念 -> 蒋纤] [17/50] 正在发送【双人余】
[2026-05-15 19:13:21] [沈念 -> 蒋纤] [18/50] 正在发送【春夏秋冬】
[2026-05-15 19:13:21] [宋清 -> 蒋欣] [45/50] 正在发送【爱美佳家俱15829671110】
[2026-05-15 19:13:25] [沈念 -> 蒋纤] [19/50] 正在发送【麟】
[2026-05-15 19:13:25] [宋清 -> 蒋欣] [46/50] 正在发送【陶哥】
[2026-05-15 19:13:28] [沈念 -> 蒋纤] [20/50] 正在发送【杨大爷】
[2026-05-15 19:13:30] [宋清 -> 蒋欣] [47/50] 正在发送【人生如戏】
[2026-05-15 19:13:33] [沈念 -> 蒋纤] [21/50] 正在发送【刘平】
[2026-05-15 19:13:35] [宋清 -> 蒋欣] [48/50] 正在发送【陈心如意】
[2026-05-15 19:13:36] [沈念 -> 蒋纤] [22/50] 正在发送【渠江薄片陈建明】
[2026-05-15 19:13:39] [宋清 -> 蒋欣] [49/50] 正在发送【崔让军】
[2026-05-15 19:13:41] [沈念 -> 蒋纤] [23/50] 正在发送【打工老头炬】
[2026-05-15 19:13:42] [宋清 -> 蒋欣] [50/50] 正在发送【赵贵昌】
[2026-05-15 19:13:46] [沈念 -> 蒋纤] [24/50] 正在发送【方】
[2026-05-15 19:13:47] [宋清 -> 蒋欣] ✅ 该员工所有名片发送完成（共 50 张）
[2026-05-15 19:13:51] [沈念 -> 蒋纤] [25/50] 正在发送【赵乾刚】
[2026-05-15 19:13:55] [沈念 -> 蒋纤] [26/50] 正在发送【水哥】
[2026-05-15 19:13:58] [沈念 -> 蒋纤] [27/50] 正在发送【春满人间】
[2026-05-15 19:14:02] [沈念 -> 蒋纤] [28/50] 正在发送【老男孩(杜猛)】
[2026-05-15 19:14:06] [沈念 -> 蒋纤] [29/50] 正在发送【袁航】
[2026-05-15 19:14:11] [沈念 -> 蒋纤] [30/50] 正在发送【wqz】
[2026-05-15 19:14:17] [沈念 -> 蒋纤] [31/50] 正在发送【农行天下】
[2026-05-15 19:14:22] [沈念 -> 蒋纤] [32/50] 正在发送【邑夫】
[2026-05-15 19:14:26] [沈念 -> 蒋纤] [33/50] 正在发送【朱君平】
[2026-05-15 19:14:31] [沈念 -> 蒋纤] [34/50] 正在发送【何建军】
[2026-05-15 19:14:34] [沈念 -> 蒋纤] [35/50] 正在发送【杜凌波】
[2026-05-15 19:14:39] [沈念 -> 蒋纤] [36/50] 正在发送【牧石居Mt】
[2026-05-15 19:14:42] [沈念 -> 蒋纤] [37/50] 正在发送【彼岸】
[2026-05-15 19:14:46] [沈念 -> 蒋纤] [38/50] 正在发送【星辰】
[2026-05-15 19:14:49] [沈念 -> 蒋纤] [39/50] 正在发送【白阳】
[2026-05-15 19:14:52] [沈念 -> 蒋纤] [40/50] 正在发送【幸国】
[2026-05-15 19:14:57] [沈念 -> 蒋纤] [41/50] 正在发送【王文海】
[2026-05-15 19:15:02] [沈念 -> 蒋纤] [42/50] 正在发送【老腾超市】
[2026-05-15 19:15:06] [沈念 -> 蒋纤] [43/50] 正在发送【林树立】
[2026-05-15 19:15:10] [沈念 -> 蒋纤] [44/50] 正在发送【宋国林】
[2026-05-15 19:15:14] [沈念 -> 蒋纤] [45/50] 正在发送【谢】
[2026-05-15 19:15:19] [沈念 -> 蒋纤] [46/50] 正在发送【努力奋斗】
[2026-05-15 19:15:24] [沈念 -> 蒋纤] [47/50] 正在发送【吕智明】
[2026-05-15 19:15:29] [沈念 -> 蒋纤] [48/50] 正在发送【爱民】
[2026-05-15 19:15:33] [沈念 -> 蒋纤] [49/50] 正在发送【陈大拥】
[2026-05-15 19:15:37] [沈念 -> 蒋纤] [50/50] 正在发送【身处林海】
[2026-05-15 19:15:40] [沈念 -> 蒋纤] ✅ 该员工所有名片发送完成（共 50 张）
[2026-05-15 19:15:40] ✅ 任务 79691262-717a-410f-858f-731e89d65ae3 所有子任务执行完毕。
