[2026-05-15 18:19:43] 🚀 任务 8443b2e8-4a33-4b38-9110-6b4672ed8766 启动...
[2026-05-15 18:19:44] [🍀林玲 -> 🍀晴慧] 正在准备任务...
[2026-05-15 18:19:59] [🍀林玲 -> 🍀晴慧] 开始发送 100 张名片...
[2026-05-15 18:19:59] [🍀林玲 -> 🍀晴慧] [1/100] 正在发送【左洪荣】
[2026-05-15 18:20:04] [🍀林玲 -> 🍀晴慧] [2/100] 正在发送【💞💞搞钱💞最开心💞💞】
[2026-05-15 18:20:09] [🍀林玲 -> 🍀晴慧] [3/100] 正在发送【织屋🌙】
[2026-05-15 18:20:13] [🍀林玲 -> 🍀晴慧] [4/100] 正在发送【李启志】
[2026-05-15 18:20:18] [🍀林玲 -> 🍀晴慧] [5/100] 正在发送【瑞雪兆丰年】
[2026-05-15 18:20:22] [🍀林玲 -> 🍀晴慧] [6/100] 正在发送【少帅】
[2026-05-15 18:20:27] [🍀林玲 -> 🍀晴慧] [7/100] 正在发送【胡杨】
[2026-05-15 18:20:31] [🍀林玲 -> 🍀晴慧] [8/100] 正在发送【缘来如寺】
[2026-05-15 18:20:35] [🍀林玲 -> 🍀晴慧] [9/100] 正在发送【江平】
[2026-05-15 18:20:38] [🍀林玲 -> 🍀晴慧] [10/100] 正在发送【叫不醒的装睡人】
[2026-05-15 18:20:43] [🍀林玲 -> 🍀晴慧] [11/100] 正在发送【红军利物浦】
[2026-05-15 18:20:46] [🍀林玲 -> 🍀晴慧] [12/100] 正在发送【严胜彬】
[2026-05-15 18:20:51] [🍀林玲 -> 🍀晴慧] [13/100] 正在发送【兰义咸】
[2026-05-15 18:20:54] [🍀林玲 -> 🍀晴慧] [14/100] 正在发送【ZHANG】
[2026-05-15 18:20:58] [🍀林玲 -> 🍀晴慧] [15/100] 正在发送【至善禅心】
[2026-05-15 18:21:01] [🍀林玲 -> 🍀晴慧] [16/100] 正在发送【海魂】
[2026-05-15 18:21:06] [🍀林玲 -> 🍀晴慧] [17/100] 正在发送【龙凤呈祥】
[2026-05-15 18:21:10] [🍀林玲 -> 🍀晴慧] [18/100] 正在发送【花海🌞】
[2026-05-15 18:21:13] [🍀林玲 -> 🍀晴慧] [19/100] 正在发送【光记】
[2026-05-15 18:21:17] [🍀林玲 -> 🍀晴慧] [20/100] 正在发送【金跃成】
[2026-05-15 18:21:20] [🍀林玲 -> 🍀晴慧] [21/100] 正在发送【(｢･ω･)｢嘿】
[2026-05-15 18:21:24] [🍀林玲 -> 🍀晴慧] [22/100] 正在发送【二师兄.喜太椒】
[2026-05-15 18:21:29] [🍀林玲 -> 🍀晴慧] [23/100] 正在发送【田氏果业（B29一114），1368123040】
[2026-05-15 18:21:33] [🍀林玲 -> 🍀晴慧] [24/100] 正在发送【徐云旺】
[2026-05-15 18:21:38] [🍀林玲 -> 🍀晴慧] [25/100] 正在发送【苳】
[2026-05-15 18:21:42] [🍀林玲 -> 🍀晴慧] [26/100] 正在发送【义绸】
[2026-05-15 18:21:47] [🍀林玲 -> 🍀晴慧] [27/100] 正在发送【禧】
[2026-05-15 18:21:52] [🍀林玲 -> 🍀晴慧] [28/100] 正在发送【᭄ꦿ舍得ヾ】
[2026-05-15 18:21:55] [🍀林玲 -> 🍀晴慧] [29/100] 正在发送【Charon】
[2026-05-15 18:22:00] [🍀林玲 -> 🍀晴慧] [30/100] 正在发送【华叔】
[2026-05-15 18:22:07] [🍀林玲 -> 🍀晴慧] [31/100] 正在发送【东东】
[2026-05-15 18:22:11] [🍀林玲 -> 🍀晴慧] [32/100] 正在发送【心在梦就在】
[2026-05-15 18:22:16] [🍀林玲 -> 🍀晴慧] [33/100] 正在发送【王伟     好脾气的人】
[2026-05-15 18:22:21] [🍀林玲 -> 🍀晴慧] [34/100] 正在发送【抱一】
[2026-05-15 18:22:24] [🍀林玲 -> 🍀晴慧] [35/100] 正在发送【财神眷恋】
[2026-05-15 18:22:29] [🍀林玲 -> 🍀晴慧] [36/100] 正在发送【包】
[2026-05-15 18:22:34] [🍀林玲 -> 🍀晴慧] [37/100] 正在发送【十里坪场主】
[2026-05-15 18:22:37] [🍀林玲 -> 🍀晴慧] [38/100] 正在发送【卢勇刚】
[2026-05-15 18:22:41] [🍀林玲 -> 🍀晴慧] [39/100] 正在发送【Nanaya】
[2026-05-15 18:22:46] [🍀林玲 -> 🍀晴慧] [40/100] 正在发送【人生如梦周兴发】
[2026-05-15 18:22:50] [🍀林玲 -> 🍀晴慧] [41/100] 正在发送【32828】
[2026-05-15 18:22:53] [🍀林玲 -> 🍀晴慧] [42/100] 正在发送【花样年华】
[2026-05-15 18:22:56] [🍀林玲 -> 🍀晴慧] [43/100] 正在发送【老戴】
[2026-05-15 18:23:00] [🍀林玲 -> 🍀晴慧] [44/100] 正在发送【杉杉】
[2026-05-15 18:23:05] [🍀林玲 -> 🍀晴慧] [45/100] 正在发送【姜锦红】
[2026-05-15 18:23:08] [🍀林玲 -> 🍀晴慧] [46/100] 正在发送【珍惜生命】
[2026-05-15 18:23:11] [🍀林玲 -> 🍀晴慧] [47/100] 正在发送【818】
[2026-05-15 18:23:15] [🍀林玲 -> 🍀晴慧] [48/100] 正在发送【豪杰建材13860871355，18965233500】
[2026-05-15 18:23:19] [🍀林玲 -> 🍀晴慧] [49/100] 正在发送【 陈慧】
[2026-05-15 18:23:22] [🍀林玲 -> 🍀晴慧] [50/100] 正在发送【江志成15182164426】
[2026-05-15 18:23:25] [🍀林玲 -> 🍀晴慧] [51/100] 正在发送【胡舰】
[2026-05-15 18:23:28] [🍀林玲 -> 🍀晴慧] [52/100] 正在发送【五云山千年银杏】
[2026-05-15 18:23:33] [🍀林玲 -> 🍀晴慧] [53/100] 正在发送【曾健】
[2026-05-15 18:23:38] [🍀林玲 -> 🍀晴慧] [54/100] 正在发送【暮涩童心】
[2026-05-15 18:23:42] [🍀林玲 -> 🍀晴慧] [55/100] 正在发送【微信分销H5:星梦书文:天气真好】
[2026-05-15 18:23:47] [🍀林玲 -> 🍀晴慧] [56/100] 正在发送【微信分销H5:星梦书文:朱延芳】
[2026-05-15 18:23:51] [🍀林玲 -> 🍀晴慧] [57/100] 正在发送【徐锦淼】
[2026-05-15 18:23:56] [🍀林玲 -> 🍀晴慧] [58/100] 正在发送【贾金良】
[2026-05-15 18:23:59] [🍀林玲 -> 🍀晴慧] [59/100] 正在发送【微信分销H5:星梦书文:曹福周】
[2026-05-15 18:24:04] [🍀林玲 -> 🍀晴慧] [60/100] 正在发送【家居建材国际品牌供应商】
[2026-05-15 18:24:09] [🍀林玲 -> 🍀晴慧] [61/100] 正在发送【李岱刚】
[2026-05-15 18:24:12] [🍀林玲 -> 🍀晴慧] [62/100] 正在发送【微信分销H5:星梦书文:。。。。。。】
[2026-05-15 18:24:17] [🍀林玲 -> 🍀晴慧] [63/100] 正在发送【微信分销H5:星梦书文:张军】
[2026-05-15 18:24:20] [🍀林玲 -> 🍀晴慧] [64/100] 正在发送【微信分销H5:星梦书文:阜艺装饰小陶】
[2026-05-15 18:24:24] [🍀林玲 -> 🍀晴慧] [65/100] 正在发送【微信分销H5:星梦书文:倘甸文皓装饰】
[2026-05-15 18:24:29] [🍀林玲 -> 🍀晴慧] [66/100] 正在发送【朵朵】
[2026-05-15 18:24:34] [🍀林玲 -> 🍀晴慧] [67/100] 正在发送【微信分销H5:星梦书文:孙军生】
