[2026-05-15 19:01:27] 🚀 任务 cf0b3496-25a9-40a8-8be6-42379367b6d2 启动，采用 4 路并发处理...
[2026-05-15 19:01:28] [苏念 -> 蒋欣] 正在准备子任务...
[2026-05-15 19:01:28] [苏佳 -> 温雅] 正在准备子任务...
[2026-05-15 19:01:28] [苏夕 -> 温雅] 正在准备子任务...
[2026-05-15 19:01:28] [苏甜 -> 蒋莹] 正在准备子任务...
[2026-05-15 19:01:40] [苏念 -> 蒋欣] 无名片可发送。
[2026-05-15 19:01:40] [苏若 -> 蒋纤] 正在准备子任务...
[2026-05-15 19:01:43] [苏甜 -> 蒋莹] 开始发送 50 张名片...
[2026-05-15 19:01:43] [苏甜 -> 蒋莹] [1/50] 正在发送【（七次元）】
[2026-05-15 19:01:43] [苏夕 -> 温雅] 开始发送 50 张名片...
[2026-05-15 19:01:44] [苏夕 -> 温雅] [1/50] 正在发送【蒙启东】
[2026-05-15 19:01:46] [苏佳 -> 温雅] 开始发送 50 张名片...
[2026-05-15 19:01:46] [苏佳 -> 温雅] [1/50] 正在发送【苏】
[2026-05-15 19:01:47] [苏甜 -> 蒋莹] [2/50] 正在发送【清汤寡水】
[2026-05-15 19:01:48] [苏夕 -> 温雅] [2/50] 正在发送【应书民】
[2026-05-15 19:01:51] [苏夕 -> 温雅] [3/50] 正在发送【耀华：得力代立超  13408659560】
[2026-05-15 19:01:51] [苏甜 -> 蒋莹] [3/50] 正在发送【张爱国】
[2026-05-15 19:01:51] [苏佳 -> 温雅] [2/50] 正在发送【雪山飞狐】
[2026-05-15 19:01:54] [苏甜 -> 蒋莹] [4/50] 正在发送【战神】
[2026-05-15 19:01:55] [苏佳 -> 温雅] [3/50] 正在发送【曹宏山】
[2026-05-15 19:01:56] [苏夕 -> 温雅] [4/50] 正在发送【一笑而过】
[2026-05-15 19:01:57] [苏甜 -> 蒋莹] [5/50] 正在发送【明天会更好】
[2026-05-15 19:01:58] [苏若 -> 蒋纤] 开始发送 50 张名片...
[2026-05-15 19:01:59] [苏若 -> 蒋纤] [1/50] 正在发送【卫】
[2026-05-15 19:01:59] [苏佳 -> 温雅] [4/50] 正在发送【梦月星辰】
[2026-05-15 19:02:00] [苏甜 -> 蒋莹] [6/50] 正在发送【闫怀文】
[2026-05-15 19:02:01] [苏夕 -> 温雅] [5/50] 正在发送【强哥】
[2026-05-15 19:02:02] [苏若 -> 蒋纤] [2/50] 正在发送【王擁軍】
[2026-05-15 19:02:02] [苏佳 -> 温雅] [5/50] 正在发送【tmy】
[2026-05-15 19:02:04] [苏甜 -> 蒋莹] [7/50] 正在发送【伟龙模具】
[2026-05-15 19:02:06] [苏夕 -> 温雅] [6/50] 正在发送【🥇 q(Ő龍先生Ő๑)p🥇】
[2026-05-15 19:02:06] [苏若 -> 蒋纤] [3/50] 正在发送【胜利】
[2026-05-15 19:02:06] [苏佳 -> 温雅] [6/50] 正在发送【青锋】
[2026-05-15 19:02:07] [苏甜 -> 蒋莹] [8/50] 正在发送【周雨果外公13479312836】
[2026-05-15 19:02:09] [苏夕 -> 温雅] [7/50] 正在发送【王国庆】
[2026-05-15 19:02:10] [苏若 -> 蒋纤] [4/50] 正在发送【张俊】
[2026-05-15 19:02:10] [苏甜 -> 蒋莹] [9/50] 正在发送【刘庶棠&香榭丽-】
[2026-05-15 19:02:10] [苏佳 -> 温雅] [7/50] 正在发送【三林橱柜】
[2026-05-15 19:02:12] [苏夕 -> 温雅] [8/50] 正在发送【谢志云】
[2026-05-15 19:02:14] [苏佳 -> 温雅] [8/50] 正在发送【沈立健】
[2026-05-15 19:02:15] [苏若 -> 蒋纤] [5/50] 正在发送【鱼】
[2026-05-15 19:02:15] [苏甜 -> 蒋莹] [10/50] 正在发送【龙云】
[2026-05-15 19:02:16] [苏夕 -> 温雅] [9/50] 正在发送【陈海华】
[2026-05-15 19:02:19] [苏夕 -> 温雅] [10/50] 正在发送【熊新民】
[2026-05-15 19:02:19] [苏若 -> 蒋纤] [6/50] 正在发送【不倒翁】
[2026-05-15 19:02:19] [苏甜 -> 蒋莹] [11/50] 正在发送【郝永真】
[2026-05-15 19:02:19] [苏佳 -> 温雅] [9/50] 正在发送【王怀君】
[2026-05-15 19:02:22] [苏若 -> 蒋纤] [7/50] 正在发送【天际人】
[2026-05-15 19:02:23] [苏夕 -> 温雅] [11/50] 正在发送【廖】
[2026-05-15 19:02:23] [苏甜 -> 蒋莹] [12/50] 正在发送【深秋无痕】
[2026-05-15 19:02:24] [苏佳 -> 温雅] [10/50] 正在发送【刘老根】
[2026-05-15 19:02:27] [苏夕 -> 温雅] [12/50] 正在发送【志成】
[2026-05-15 19:02:27] [苏若 -> 蒋纤] [8/50] 正在发送【华颂集团家居服务中心蔡智慧】
[2026-05-15 19:02:28] [苏甜 -> 蒋莹] [13/50] 正在发送【老三】
[2026-05-15 19:02:28] [苏佳 -> 温雅] [11/50] 正在发送【多多钱】
[2026-05-15 19:02:31] [苏夕 -> 温雅] [13/50] 正在发送【海阔天空】
[2026-05-15 19:02:31] [苏若 -> 蒋纤] [9/50] 正在发送【老羊】
[2026-05-15 19:02:33] [苏甜 -> 蒋莹] [14/50] 正在发送【蓝焰】
[2026-05-15 19:02:33] [苏佳 -> 温雅] [12/50] 正在发送【吴高德】
[2026-05-15 19:02:35] [苏夕 -> 温雅] [14/50] 正在发送【老高】
[2026-05-15 19:02:35] [苏若 -> 蒋纤] [10/50] 正在发送【鲁华18173145556】
